mpicxx -std=c++11 -O2 -g  -Isrc_v4.5.7 -Isrc_v4.5.7/scattering_model -Isrc_v4.5.7/comm -Isrc_v4.5.7/material_model -Isrc_v4.5.7/material_model/GaAs -Isrc_v4.5.7/material_model/MoS2 -Isrc_v4.5.7/.vscode -MMD -MP -I/usr/include/gsl//include -Wl,-rpath,/usr/include/gsl//lib -Isrc_v4.5.7 -Isrc_v4.5.7/scattering_model -Isrc_v4.5.7/comm -Isrc_v4.5.7/material_model -Isrc_v4.5.7/material_model/GaAs -Isrc_v4.5.7/material_model/MoS2 -Isrc_v4.5.7/.vscode -c -o obj/electron_ana.o src_v4.5.7/electron_ana.cpp
In file included from src_v4.5.7/common_headers.h:20,
                 from src_v4.5.7/electron.h:2,
                 from src_v4.5.7/electron_ana.cpp:1:
src_v4.5.7/comm/mymp.h:70:24: error: reference to ‘complex’ is ambiguous
   70 |         void allreduce(complex& m, MPI_Op op = MPI_SUM);
      |                        ^~~~~~~
In file included from /usr/include/c++/15.1.1/bits/stl_algobase.h:64,
                 from /usr/include/c++/15.1.1/bits/stl_tree.h:65,
                 from /usr/include/c++/15.1.1/map:64,
                 from src_v4.5.7/common_headers.h:5:
/usr/include/c++/15.1.1/bits/stl_pair.h:105:11: note: candidates are: ‘template<class _Tp> class std::complex’
  105 |     class complex;
      |           ^~~~~~~
In file included from src_v4.5.7/comm/ODE.h:2,
                 from src_v4.5.7/common_headers.h:19:
src_v4.5.7/comm/scalar.h:67:8: note:                 ‘struct complex’
   67 | struct complex
      |        ^~~~~~~
src_v4.5.7/comm/mymp.h:70:24: error: ‘complex’ has not been declared
   70 |         void allreduce(complex& m, MPI_Op op = MPI_SUM);
      |                        ^~~~~~~
src_v4.5.7/comm/mymp.h:72:24: error: reference to ‘complex’ is ambiguous
   72 |         void allreduce(complex *v, int n, MPI_Op op = MPI_SUM);
      |                        ^~~~~~~
/usr/include/c++/15.1.1/bits/stl_pair.h:105:11: note: candidates are: ‘template<class _Tp> class std::complex’
  105 |     class complex;
      |           ^~~~~~~
src_v4.5.7/comm/scalar.h:67:8: note:                 ‘struct complex’
   67 | struct complex
      |        ^~~~~~~
src_v4.5.7/comm/mymp.h:72:24: error: ‘complex’ has not been declared
   72 |         void allreduce(complex *v, int n, MPI_Op op = MPI_SUM);
      |                        ^~~~~~~
src_v4.5.7/comm/mymp.h:73:24: error: reference to ‘complex’ is ambiguous
   73 |         void allreduce(complex **m, int n1, int n2, MPI_Op op = MPI_SUM);
      |                        ^~~~~~~
/usr/include/c++/15.1.1/bits/stl_pair.h:105:11: note: candidates are: ‘template<class _Tp> class std::complex’
  105 |     class complex;
      |           ^~~~~~~
src_v4.5.7/comm/scalar.h:67:8: note:                 ‘struct complex’
   67 | struct complex
      |        ^~~~~~~
src_v4.5.7/comm/mymp.h:73:24: error: ‘complex’ has not been declared
   73 |         void allreduce(complex **m, int n1, int n2, MPI_Op op = MPI_SUM);
      |                        ^~~~~~~
src_v4.5.7/comm/mymp.h:74:24: error: reference to ‘complex’ is ambiguous
   74 |         void allreduce(complex ***m, int n1, int n2, int n3, MPI_Op op = MPI_SUM);
      |                        ^~~~~~~
/usr/include/c++/15.1.1/bits/stl_pair.h:105:11: note: candidates are: ‘template<class _Tp> class std::complex’
  105 |     class complex;
      |           ^~~~~~~
src_v4.5.7/comm/scalar.h:67:8: note:                 ‘struct complex’
   67 | struct complex
      |        ^~~~~~~
src_v4.5.7/comm/mymp.h:74:24: error: ‘complex’ has not been declared
   74 |         void allreduce(complex ***m, int n1, int n2, int n3, MPI_Op op = MPI_SUM);
      |                        ^~~~~~~
src_v4.5.7/comm/mymp.h:76:38: error: template argument 1 is invalid
   76 |         void allreduce(vector<vector<complex>>& m, MPI_Op op = MPI_SUM);
      |                                      ^~~~~~~
src_v4.5.7/comm/mymp.h:76:38: error: template argument 2 is invalid
src_v4.5.7/comm/mymp.h:76:45: error: template argument 1 is invalid
   76 |         void allreduce(vector<vector<complex>>& m, MPI_Op op = MPI_SUM);
      |                                             ^~
src_v4.5.7/comm/mymp.h:76:45: error: template argument 2 is invalid
src_v4.5.7/comm/mymp.h:76:45: error: template argument 1 is invalid
src_v4.5.7/comm/mymp.h:76:45: error: template argument 2 is invalid
src_v4.5.7/comm/mymp.h:76:45: error: template argument 1 is invalid
src_v4.5.7/comm/mymp.h:76:45: error: template argument 2 is invalid
src_v4.5.7/comm/mymp.h:76:45: error: template argument 1 is invalid
src_v4.5.7/comm/mymp.h:76:45: error: template argument 2 is invalid
src_v4.5.7/comm/mymp.h:76:45: error: template argument 1 is invalid
src_v4.5.7/comm/mymp.h:76:45: error: template argument 2 is invalid
src_v4.5.7/comm/mymp.h:76:45: error: template argument 1 is invalid
src_v4.5.7/comm/mymp.h:76:45: error: template argument 2 is invalid
src_v4.5.7/comm/mymp.h:76:45: error: template argument 1 is invalid
src_v4.5.7/comm/mymp.h:76:45: error: template argument 2 is invalid
src_v4.5.7/comm/mymp.h:76:45: error: template argument 1 is invalid
src_v4.5.7/comm/mymp.h:76:45: error: template argument 2 is invalid
src_v4.5.7/comm/mymp.h:76:45: error: template argument 1 is invalid
src_v4.5.7/comm/mymp.h:76:45: error: template argument 2 is invalid
src_v4.5.7/comm/mymp.h:76:45: error: template argument 1 is invalid
src_v4.5.7/comm/mymp.h:76:45: error: template argument 2 is invalid
src_v4.5.7/comm/mymp.h:76:45: error: template argument 1 is invalid
src_v4.5.7/comm/mymp.h:76:45: error: template argument 2 is invalid
src_v4.5.7/comm/mymp.h:76:45: error: template argument 1 is invalid
src_v4.5.7/comm/mymp.h:76:45: error: template argument 2 is invalid
src_v4.5.7/comm/mymp.h:76:45: error: template argument 1 is invalid
src_v4.5.7/comm/mymp.h:76:45: error: template argument 2 is invalid
In file included from src_v4.5.7/comm/mymp.h:7:
src_v4.5.7/comm/mymp.h:76:64: error: template argument 1 is invalid
   76 |         void allreduce(vector<vector<complex>>& m, MPI_Op op = MPI_SUM);
      |                                                                ^~~~~~~
src_v4.5.7/comm/mymp.h:76:64: error: template argument 2 is invalid
src_v4.5.7/comm/mymp.h:76:45: error: template argument 1 is invalid
   76 |         void allreduce(vector<vector<complex>>& m, MPI_Op op = MPI_SUM);
      |                                             ^~
src_v4.5.7/comm/mymp.h:76:45: error: template argument 2 is invalid
src_v4.5.7/comm/mymp.h:76:45: error: template argument 1 is invalid
src_v4.5.7/comm/mymp.h:76:45: error: template argument 2 is invalid
src_v4.5.7/comm/mymp.h:76:45: error: template argument 1 is invalid
src_v4.5.7/comm/mymp.h:76:45: error: template argument 2 is invalid
src_v4.5.7/comm/mymp.h:76:45: error: template argument 1 is invalid
src_v4.5.7/comm/mymp.h:76:45: error: template argument 2 is invalid
src_v4.5.7/comm/mymp.h:76:45: error: template argument 1 is invalid
src_v4.5.7/comm/mymp.h:76:45: error: template argument 2 is invalid
src_v4.5.7/comm/mymp.h:76:45: error: template argument 1 is invalid
src_v4.5.7/comm/mymp.h:76:45: error: template argument 2 is invalid
src_v4.5.7/comm/mymp.h:76:45: error: template argument 1 is invalid
src_v4.5.7/comm/mymp.h:76:45: error: template argument 2 is invalid
src_v4.5.7/comm/mymp.h:76:45: error: template argument 1 is invalid
src_v4.5.7/comm/mymp.h:76:45: error: template argument 2 is invalid
src_v4.5.7/comm/mymp.h:76:45: error: template argument 1 is invalid
src_v4.5.7/comm/mymp.h:76:45: error: template argument 2 is invalid
src_v4.5.7/comm/mymp.h:76:45: error: template argument 1 is invalid
src_v4.5.7/comm/mymp.h:76:45: error: template argument 2 is invalid
src_v4.5.7/comm/mymp.h:76:45: error: template argument 1 is invalid
src_v4.5.7/comm/mymp.h:76:45: error: template argument 2 is invalid
src_v4.5.7/comm/mymp.h:76:45: error: template argument 1 is invalid
src_v4.5.7/comm/mymp.h:76:45: error: template argument 2 is invalid
src_v4.5.7/comm/mymp.h:76:45: error: template argument 1 is invalid
src_v4.5.7/comm/mymp.h:76:45: error: template argument 2 is invalid
src_v4.5.7/comm/mymp.h:76:45: error: template argument 1 is invalid
src_v4.5.7/comm/mymp.h:76:45: error: template argument 2 is invalid
src_v4.5.7/comm/mymp.h:76:64: error: template argument 1 is invalid
   76 |         void allreduce(vector<vector<complex>>& m, MPI_Op op = MPI_SUM);
      |                                                                ^~~~~~~
src_v4.5.7/comm/mymp.h:76:64: error: template argument 2 is invalid
src_v4.5.7/comm/mymp.h:76:45: error: template argument 1 is invalid
   76 |         void allreduce(vector<vector<complex>>& m, MPI_Op op = MPI_SUM);
      |                                             ^~
src_v4.5.7/comm/mymp.h:76:45: error: template argument 2 is invalid
src_v4.5.7/comm/mymp.h:76:45: error: template argument 1 is invalid
src_v4.5.7/comm/mymp.h:76:45: error: template argument 2 is invalid
src_v4.5.7/comm/mymp.h:76:45: error: template argument 1 is invalid
src_v4.5.7/comm/mymp.h:76:45: error: template argument 2 is invalid
src_v4.5.7/comm/mymp.h:76:45: error: template argument 1 is invalid
src_v4.5.7/comm/mymp.h:76:45: error: template argument 2 is invalid
src_v4.5.7/comm/mymp.h:76:45: error: template argument 1 is invalid
src_v4.5.7/comm/mymp.h:76:45: error: template argument 2 is invalid
src_v4.5.7/comm/mymp.h:76:45: error: template argument 1 is invalid
src_v4.5.7/comm/mymp.h:76:45: error: template argument 2 is invalid
src_v4.5.7/comm/mymp.h:76:45: error: template argument 1 is invalid
src_v4.5.7/comm/mymp.h:76:45: error: template argument 2 is invalid
src_v4.5.7/comm/mymp.h:76:45: error: template argument 1 is invalid
src_v4.5.7/comm/mymp.h:76:45: error: template argument 2 is invalid
src_v4.5.7/comm/mymp.h:76:45: error: template argument 1 is invalid
src_v4.5.7/comm/mymp.h:76:45: error: template argument 2 is invalid
src_v4.5.7/comm/mymp.h:76:45: error: template argument 1 is invalid
src_v4.5.7/comm/mymp.h:76:45: error: template argument 2 is invalid
src_v4.5.7/comm/mymp.h:76:45: error: template argument 1 is invalid
src_v4.5.7/comm/mymp.h:76:45: error: template argument 2 is invalid
src_v4.5.7/comm/mymp.h:76:45: error: template argument 1 is invalid
src_v4.5.7/comm/mymp.h:76:45: error: template argument 2 is invalid
src_v4.5.7/comm/mymp.h:76:45: error: template argument 1 is invalid
src_v4.5.7/comm/mymp.h:76:45: error: template argument 2 is invalid
src_v4.5.7/comm/mymp.h:76:45: error: template argument 1 is invalid
src_v4.5.7/comm/mymp.h:76:45: error: template argument 2 is invalid
src_v4.5.7/comm/mymp.h:76:64: error: template argument 1 is invalid
   76 |         void allreduce(vector<vector<complex>>& m, MPI_Op op = MPI_SUM);
      |                                                                ^~~~~~~
src_v4.5.7/comm/mymp.h:76:64: error: template argument 2 is invalid
src_v4.5.7/comm/mymp.h:76:24: error: ‘vector’ is not a type
   76 |         void allreduce(vector<vector<complex>>& m, MPI_Op op = MPI_SUM);
      |                        ^~~~~~
src_v4.5.7/comm/mymp.h:76:30: error: expected ‘,’ or ‘...’ before ‘<’ token
   76 |         void allreduce(vector<vector<complex>>& m, MPI_Op op = MPI_SUM);
      |                              ^
In file included from src_v4.5.7/comm/matrix3.h:23,
                 from src_v4.5.7/common_headers.h:21:
src_v4.5.7/comm/vector3.h:100:32: error: template argument 1 is invalid
  100 | __hostanddev__  vector3<complex> operator*(complex s, const vector3<> &a) { vector3<complex> v; LOOP3(v[k]=a[k]*s;) return v; }
      |                                ^
src_v4.5.7/comm/vector3.h:100:34: error: declaration of ‘operator*’ as non-function
  100 | __hostanddev__  vector3<complex> operator*(complex s, const vector3<> &a) { vector3<complex> v; LOOP3(v[k]=a[k]*s;) return v; }
      |                                  ^~~~~~~~
src_v4.5.7/comm/vector3.h:100:44: error: reference to ‘complex’ is ambiguous
  100 | __hostanddev__  vector3<complex> operator*(complex s, const vector3<> &a) { vector3<complex> v; LOOP3(v[k]=a[k]*s;) return v; }
      |                                            ^~~~~~~
/usr/include/c++/15.1.1/bits/stl_pair.h:105:11: note: candidates are: ‘template<class _Tp> class std::complex’
  105 |     class complex;
      |           ^~~~~~~
src_v4.5.7/comm/scalar.h:67:8: note:                 ‘struct complex’
   67 | struct complex
      |        ^~~~~~~
src_v4.5.7/comm/vector3.h:100:55: error: expected primary-expression before ‘const’
  100 | __hostanddev__  vector3<complex> operator*(complex s, const vector3<> &a) { vector3<complex> v; LOOP3(v[k]=a[k]*s;) return v; }
      |                                                       ^~~~~
src_v4.5.7/comm/vector3.h:101:32: error: template argument 1 is invalid
  101 | __hostanddev__  vector3<complex> operator*(const vector3<> &a, complex s) { vector3<complex> v; LOOP3(v[k]=a[k]*s;) return v; }
      |                                ^
src_v4.5.7/comm/vector3.h:101:64: error: reference to ‘complex’ is ambiguous
  101 | __hostanddev__  vector3<complex> operator*(const vector3<> &a, complex s) { vector3<complex> v; LOOP3(v[k]=a[k]*s;) return v; }
      |                                                                ^~~~~~~
/usr/include/c++/15.1.1/bits/stl_pair.h:105:11: note: candidates are: ‘template<class _Tp> class std::complex’
  105 |     class complex;
      |           ^~~~~~~
src_v4.5.7/comm/scalar.h:67:8: note:                 ‘struct complex’
   67 | struct complex
      |        ^~~~~~~
src_v4.5.7/comm/vector3.h:101:64: error: ‘complex’ has not been declared
  101 | __hostanddev__  vector3<complex> operator*(const vector3<> &a, complex s) { vector3<complex> v; LOOP3(v[k]=a[k]*s;) return v; }
      |                                                                ^~~~~~~
src_v4.5.7/comm/vector3.h: In function ‘int operator*(const vector3<>&, int)’:
src_v4.5.7/comm/vector3.h:101:92: error: template argument 1 is invalid
  101 | __hostanddev__  vector3<complex> operator*(const vector3<> &a, complex s) { vector3<complex> v; LOOP3(v[k]=a[k]*s;) return v; }
      |                                                                                            ^
src_v4.5.7/comm/vector3.h:101:104: error: invalid types ‘int[int]’ for array subscript
  101 | __hostanddev__  vector3<complex> operator*(const vector3<> &a, complex s) { vector3<complex> v; LOOP3(v[k]=a[k]*s;) return v; }
      |                                                                                                        ^
src_v4.5.7/comm/vector3.h:31:48: note: in definition of macro ‘LOOP3’
   31 | #define LOOP3(code) { for(int k=0; k<3; k++) { code } }
      |                                                ^~~~
src_v4.5.7/comm/vector3.h: At global scope:
src_v4.5.7/comm/vector3.h:102:32: error: template argument 1 is invalid
  102 | __hostanddev__  vector3<complex> operator*(complex s, const vector3<int> &a) { vector3<complex> v; LOOP3(v[k]=a[k]*s;) return v; }
      |                                ^
src_v4.5.7/comm/vector3.h:102:34: error: declaration of ‘operator*’ as non-function
  102 | __hostanddev__  vector3<complex> operator*(complex s, const vector3<int> &a) { vector3<complex> v; LOOP3(v[k]=a[k]*s;) return v; }
      |                                  ^~~~~~~~
src_v4.5.7/comm/vector3.h:102:44: error: reference to ‘complex’ is ambiguous
  102 | __hostanddev__  vector3<complex> operator*(complex s, const vector3<int> &a) { vector3<complex> v; LOOP3(v[k]=a[k]*s;) return v; }
      |                                            ^~~~~~~
/usr/include/c++/15.1.1/bits/stl_pair.h:105:11: note: candidates are: ‘template<class _Tp> class std::complex’
  105 |     class complex;
      |           ^~~~~~~
src_v4.5.7/comm/scalar.h:67:8: note:                 ‘struct complex’
   67 | struct complex
      |        ^~~~~~~
src_v4.5.7/comm/vector3.h:102:55: error: expected primary-expression before ‘const’
  102 | __hostanddev__  vector3<complex> operator*(complex s, const vector3<int> &a) { vector3<complex> v; LOOP3(v[k]=a[k]*s;) return v; }
      |                                                       ^~~~~
src_v4.5.7/comm/vector3.h:103:32: error: template argument 1 is invalid
  103 | __hostanddev__  vector3<complex> operator*(const vector3<int> &a, complex s) { vector3<complex> v; LOOP3(v[k]=a[k]*s;) return v; }
      |                                ^
src_v4.5.7/comm/vector3.h:103:67: error: reference to ‘complex’ is ambiguous
  103 | __hostanddev__  vector3<complex> operator*(const vector3<int> &a, complex s) { vector3<complex> v; LOOP3(v[k]=a[k]*s;) return v; }
      |                                                                   ^~~~~~~
/usr/include/c++/15.1.1/bits/stl_pair.h:105:11: note: candidates are: ‘template<class _Tp> class std::complex’
  105 |     class complex;
      |           ^~~~~~~
src_v4.5.7/comm/scalar.h:67:8: note:                 ‘struct complex’
   67 | struct complex
      |        ^~~~~~~
src_v4.5.7/comm/vector3.h:103:67: error: ‘complex’ has not been declared
  103 | __hostanddev__  vector3<complex> operator*(const vector3<int> &a, complex s) { vector3<complex> v; LOOP3(v[k]=a[k]*s;) return v; }
      |                                                                   ^~~~~~~
src_v4.5.7/comm/vector3.h: In function ‘int operator*(const vector3<int>&, int)’:
src_v4.5.7/comm/vector3.h:103:95: error: template argument 1 is invalid
  103 | __hostanddev__  vector3<complex> operator*(const vector3<int> &a, complex s) { vector3<complex> v; LOOP3(v[k]=a[k]*s;) return v; }
      |                                                                                               ^
src_v4.5.7/comm/vector3.h:103:107: error: invalid types ‘int[int]’ for array subscript
  103 | __hostanddev__  vector3<complex> operator*(const vector3<int> &a, complex s) { vector3<complex> v; LOOP3(v[k]=a[k]*s;) return v; }
      |                                                                                                           ^
src_v4.5.7/comm/vector3.h:31:48: note: in definition of macro ‘LOOP3’
   31 | #define LOOP3(code) { for(int k=0; k<3; k++) { code } }
      |                                                ^~~~
src_v4.5.7/comm/matrix3.h: At global scope:
src_v4.5.7/comm/matrix3.h:214:31: error: template argument 1 is invalid
  214 | __hostanddev__ vector3<complex> operator*(const matrix3<complex>& m, const vector3<> &v)
      |                               ^
src_v4.5.7/comm/matrix3.h:214:64: error: template argument 1 is invalid
  214 | __hostanddev__ vector3<complex> operator*(const matrix3<complex>& m, const vector3<> &v)
      |                                                                ^
src_v4.5.7/comm/matrix3.h:214:64: error: template argument 1 is invalid
src_v4.5.7/comm/matrix3.h:214:64: error: template argument 1 is invalid
src_v4.5.7/comm/matrix3.h:214:64: error: template argument 1 is invalid
src_v4.5.7/comm/matrix3.h:214:64: error: template argument 1 is invalid
src_v4.5.7/comm/matrix3.h:214:49: error: invalid use of template-name ‘matrix3’ without an argument list
  214 | __hostanddev__ vector3<complex> operator*(const matrix3<complex>& m, const vector3<> &v)
      |                                                 ^~~~~~~
src_v4.5.7/comm/matrix3.h:214:49: note: class template argument deduction is only available with ‘-std=c++17’ or ‘-std=gnu++17’
src_v4.5.7/comm/matrix3.h:31:40: note: ‘template<class scalar> class matrix3’ declared here
   31 | template<typename scalar=double> class matrix3
      |                                        ^~~~~~~
src_v4.5.7/comm/matrix3.h:214:56: error: expected ‘,’ or ‘...’ before ‘<’ token
  214 | __hostanddev__ vector3<complex> operator*(const matrix3<complex>& m, const vector3<> &v)
      |                                                        ^
src_v4.5.7/comm/matrix3.h:214:33: error: ‘int operator*(int)’ must have an argument of class or enumerated type
  214 | __hostanddev__ vector3<complex> operator*(const matrix3<complex>& m, const vector3<> &v)
      |                                 ^~~~~~~~
src_v4.5.7/comm/matrix3.h:217:31: error: template argument 1 is invalid
  217 | __hostanddev__ vector3<complex> operator*(const matrix3<>& m, const vector3<complex> &v)
      |                               ^
src_v4.5.7/comm/matrix3.h:217:84: error: template argument 1 is invalid
  217 | __hostanddev__ vector3<complex> operator*(const matrix3<>& m, const vector3<complex> &v)
      |                                                                                    ^
src_v4.5.7/comm/matrix3.h:217:84: error: template argument 1 is invalid
src_v4.5.7/comm/matrix3.h:217:84: error: template argument 1 is invalid
src_v4.5.7/comm/matrix3.h:217:84: error: template argument 1 is invalid
src_v4.5.7/comm/matrix3.h:217:84: error: template argument 1 is invalid
src_v4.5.7/comm/matrix3.h:217:69: error: invalid use of template-name ‘vector3’ without an argument list
  217 | __hostanddev__ vector3<complex> operator*(const matrix3<>& m, const vector3<complex> &v)
      |                                                                     ^~~~~~~
src_v4.5.7/comm/matrix3.h:217:69: note: class template argument deduction is only available with ‘-std=c++17’ or ‘-std=gnu++17’
src_v4.5.7/comm/vector3.h:34:40: note: ‘template<class scalar> class vector3’ declared here
   34 | template<typename scalar=double> class vector3
      |                                        ^~~~~~~
src_v4.5.7/comm/matrix3.h:217:76: error: expected ‘,’ or ‘...’ before ‘<’ token
  217 | __hostanddev__ vector3<complex> operator*(const matrix3<>& m, const vector3<complex> &v)
      |                                                                            ^
src_v4.5.7/comm/matrix3.h: In function ‘int operator*(const matrix3<>&, int)’:
src_v4.5.7/comm/matrix3.h:197:24: error: template argument 1 is invalid
  197 |         vector3<retType> ret; \
      |                        ^
src_v4.5.7/comm/matrix3.h:218:9: note: in expansion of macro ‘MUL_MAT_VEC’
  218 | {       MUL_MAT_VEC(complex)
      |         ^~~~~~~~~~~
src_v4.5.7/comm/matrix3.h:200:28: error: invalid types ‘int[int]’ for array subscript
  200 |                         ret[i] += m(i,j) * v[j]; \
      |                            ^
src_v4.5.7/comm/matrix3.h:218:9: note: in expansion of macro ‘MUL_MAT_VEC’
  218 | {       MUL_MAT_VEC(complex)
      |         ^~~~~~~~~~~
src_v4.5.7/comm/matrix3.h:200:44: error: ‘v’ was not declared in this scope
  200 |                         ret[i] += m(i,j) * v[j]; \
      |                                            ^
src_v4.5.7/comm/matrix3.h:218:9: note: in expansion of macro ‘MUL_MAT_VEC’
  218 | {       MUL_MAT_VEC(complex)
      |         ^~~~~~~~~~~
src_v4.5.7/comm/matrix3.h: At global scope:
src_v4.5.7/comm/matrix3.h:240:31: error: template argument 1 is invalid
  240 | __hostanddev__ vector3<complex> operator*(const vector3<> &v, const matrix3<complex>& m)
      |                               ^
src_v4.5.7/comm/matrix3.h:240:84: error: template argument 1 is invalid
  240 | __hostanddev__ vector3<complex> operator*(const vector3<> &v, const matrix3<complex>& m)
      |                                                                                    ^
src_v4.5.7/comm/matrix3.h:240:84: error: template argument 1 is invalid
src_v4.5.7/comm/matrix3.h:240:84: error: template argument 1 is invalid
src_v4.5.7/comm/matrix3.h:240:84: error: template argument 1 is invalid
src_v4.5.7/comm/matrix3.h:240:84: error: template argument 1 is invalid
src_v4.5.7/comm/matrix3.h:240:69: error: invalid use of template-name ‘matrix3’ without an argument list
  240 | __hostanddev__ vector3<complex> operator*(const vector3<> &v, const matrix3<complex>& m)
      |                                                                     ^~~~~~~
src_v4.5.7/comm/matrix3.h:240:69: note: class template argument deduction is only available with ‘-std=c++17’ or ‘-std=gnu++17’
src_v4.5.7/comm/matrix3.h:31:40: note: ‘template<class scalar> class matrix3’ declared here
   31 | template<typename scalar=double> class matrix3
      |                                        ^~~~~~~
src_v4.5.7/comm/matrix3.h:240:76: error: expected ‘,’ or ‘...’ before ‘<’ token
  240 | __hostanddev__ vector3<complex> operator*(const vector3<> &v, const matrix3<complex>& m)
      |                                                                            ^
src_v4.5.7/comm/matrix3.h:240:33: error: redefinition of ‘int operator*(const vector3<>&, int)’
  240 | __hostanddev__ vector3<complex> operator*(const vector3<> &v, const matrix3<complex>& m)
      |                                 ^~~~~~~~
src_v4.5.7/comm/vector3.h:101:34: note: ‘int operator*(const vector3<>&, int)’ previously defined here
  101 | __hostanddev__  vector3<complex> operator*(const vector3<> &a, complex s) { vector3<complex> v; LOOP3(v[k]=a[k]*s;) return v; }
      |                                  ^~~~~~~~
src_v4.5.7/comm/matrix3.h: In function ‘int operator*(const vector3<>&, int)’:
src_v4.5.7/comm/matrix3.h:223:24: error: template argument 1 is invalid
  223 |         vector3<retType> ret; \
      |                        ^
src_v4.5.7/comm/matrix3.h:241:9: note: in expansion of macro ‘MUL_VEC_MAT’
  241 | {       MUL_VEC_MAT(complex)
      |         ^~~~~~~~~~~
src_v4.5.7/comm/matrix3.h:226:28: error: invalid types ‘int[int]’ for array subscript
  226 |                         ret[j] += v[i] * m(i,j); \
      |                            ^
src_v4.5.7/comm/matrix3.h:241:9: note: in expansion of macro ‘MUL_VEC_MAT’
  241 | {       MUL_VEC_MAT(complex)
      |         ^~~~~~~~~~~
src_v4.5.7/comm/matrix3.h:226:42: error: ‘m’ was not declared in this scope
  226 |                         ret[j] += v[i] * m(i,j); \
      |                                          ^
src_v4.5.7/comm/matrix3.h:241:9: note: in expansion of macro ‘MUL_VEC_MAT’
  241 | {       MUL_VEC_MAT(complex)
      |         ^~~~~~~~~~~
src_v4.5.7/comm/matrix3.h: At global scope:
src_v4.5.7/comm/matrix3.h:243:31: error: template argument 1 is invalid
  243 | __hostanddev__ vector3<complex> operator*(const vector3<complex> &v, const matrix3<>& m)
      |                               ^
src_v4.5.7/comm/matrix3.h:243:64: error: template argument 1 is invalid
  243 | __hostanddev__ vector3<complex> operator*(const vector3<complex> &v, const matrix3<>& m)
      |                                                                ^
src_v4.5.7/comm/matrix3.h:243:64: error: template argument 1 is invalid
src_v4.5.7/comm/matrix3.h:243:64: error: template argument 1 is invalid
src_v4.5.7/comm/matrix3.h:243:64: error: template argument 1 is invalid
src_v4.5.7/comm/matrix3.h:243:64: error: template argument 1 is invalid
src_v4.5.7/comm/matrix3.h:243:49: error: invalid use of template-name ‘vector3’ without an argument list
  243 | __hostanddev__ vector3<complex> operator*(const vector3<complex> &v, const matrix3<>& m)
      |                                                 ^~~~~~~
src_v4.5.7/comm/matrix3.h:243:49: note: class template argument deduction is only available with ‘-std=c++17’ or ‘-std=gnu++17’
src_v4.5.7/comm/vector3.h:34:40: note: ‘template<class scalar> class vector3’ declared here
   34 | template<typename scalar=double> class vector3
      |                                        ^~~~~~~
src_v4.5.7/comm/matrix3.h:243:56: error: expected ‘,’ or ‘...’ before ‘<’ token
  243 | __hostanddev__ vector3<complex> operator*(const vector3<complex> &v, const matrix3<>& m)
      |                                                        ^
src_v4.5.7/comm/matrix3.h:243:33: error: ‘int operator*(int)’ must have an argument of class or enumerated type
  243 | __hostanddev__ vector3<complex> operator*(const vector3<complex> &v, const matrix3<>& m)
      |                                 ^~~~~~~~
In file included from src_v4.5.7/common_headers.h:23:
src_v4.5.7/comm/myio.h:19:6: error: variable or field ‘printf_complex_mat’ declared void
   19 | void printf_complex_mat(complex *m, int n, string s);
      |      ^~~~~~~~~~~~~~~~~~
src_v4.5.7/comm/myio.h:19:25: error: reference to ‘complex’ is ambiguous
   19 | void printf_complex_mat(complex *m, int n, string s);
      |                         ^~~~~~~
/usr/include/c++/15.1.1/bits/stl_pair.h:105:11: note: candidates are: ‘template<class _Tp> class std::complex’
  105 |     class complex;
      |           ^~~~~~~
src_v4.5.7/comm/scalar.h:67:8: note:                 ‘struct complex’
   67 | struct complex
      |        ^~~~~~~
src_v4.5.7/comm/myio.h:19:34: error: ‘m’ was not declared in this scope; did you mean ‘tm’?
   19 | void printf_complex_mat(complex *m, int n, string s);
      |                                  ^
      |                                  tm
src_v4.5.7/comm/myio.h:19:37: error: expected primary-expression before ‘int’
   19 | void printf_complex_mat(complex *m, int n, string s);
      |                                     ^~~
src_v4.5.7/comm/myio.h:19:51: error: expected primary-expression before ‘s’
   19 | void printf_complex_mat(complex *m, int n, string s);
      |                                                   ^
src_v4.5.7/comm/myio.h:21:36: error: reference to ‘complex’ is ambiguous
   21 | void fprintf_complex_mat(FILE *fp, complex *m, int n, string s);
      |                                    ^~~~~~~
/usr/include/c++/15.1.1/bits/stl_pair.h:105:11: note: candidates are: ‘template<class _Tp> class std::complex’
  105 |     class complex;
      |           ^~~~~~~
src_v4.5.7/comm/scalar.h:67:8: note:                 ‘struct complex’
   67 | struct complex
      |        ^~~~~~~
src_v4.5.7/comm/myio.h:21:36: error: ‘complex’ has not been declared
   21 | void fprintf_complex_mat(FILE *fp, complex *m, int n, string s);
      |                                    ^~~~~~~
src_v4.5.7/comm/myio.h:23:6: error: variable or field ‘printf_complex_mat’ declared void
   23 | void printf_complex_mat(complex *a, int m, int n, string s);
      |      ^~~~~~~~~~~~~~~~~~
src_v4.5.7/comm/myio.h:23:25: error: reference to ‘complex’ is ambiguous
   23 | void printf_complex_mat(complex *a, int m, int n, string s);
      |                         ^~~~~~~
/usr/include/c++/15.1.1/bits/stl_pair.h:105:11: note: candidates are: ‘template<class _Tp> class std::complex’
  105 |     class complex;
      |           ^~~~~~~
src_v4.5.7/comm/scalar.h:67:8: note:                 ‘struct complex’
   67 | struct complex
      |        ^~~~~~~
src_v4.5.7/comm/myio.h:23:34: error: ‘a’ was not declared in this scope
   23 | void printf_complex_mat(complex *a, int m, int n, string s);
      |                                  ^
src_v4.5.7/comm/myio.h:23:37: error: expected primary-expression before ‘int’
   23 | void printf_complex_mat(complex *a, int m, int n, string s);
      |                                     ^~~
src_v4.5.7/comm/myio.h:23:44: error: expected primary-expression before ‘int’
   23 | void printf_complex_mat(complex *a, int m, int n, string s);
      |                                            ^~~
src_v4.5.7/comm/myio.h:23:58: error: expected primary-expression before ‘s’
   23 | void printf_complex_mat(complex *a, int m, int n, string s);
      |                                                          ^
src_v4.5.7/comm/myio.h:25:36: error: reference to ‘complex’ is ambiguous
   25 | void fprintf_complex_mat(FILE *fp, complex *a, int m, int n, string s);
      |                                    ^~~~~~~
/usr/include/c++/15.1.1/bits/stl_pair.h:105:11: note: candidates are: ‘template<class _Tp> class std::complex’
  105 |     class complex;
      |           ^~~~~~~
src_v4.5.7/comm/scalar.h:67:8: note:                 ‘struct complex’
   67 | struct complex
      |        ^~~~~~~
src_v4.5.7/comm/myio.h:25:36: error: ‘complex’ has not been declared
   25 | void fprintf_complex_mat(FILE *fp, complex *a, int m, int n, string s);
      |                                    ^~~~~~~
In file included from src_v4.5.7/common_headers.h:24:
src_v4.5.7/comm/constants.h:4:7: error: reference to ‘complex’ is ambiguous
    4 | const complex c0(0, 0);
      |       ^~~~~~~
/usr/include/c++/15.1.1/bits/stl_pair.h:105:11: note: candidates are: ‘template<class _Tp> class std::complex’
  105 |     class complex;
      |           ^~~~~~~
src_v4.5.7/comm/scalar.h:67:8: note:                 ‘struct complex’
   67 | struct complex
      |        ^~~~~~~
src_v4.5.7/comm/constants.h:5:7: error: reference to ‘complex’ is ambiguous
    5 | const complex c1(1, 0);
      |       ^~~~~~~
/usr/include/c++/15.1.1/bits/stl_pair.h:105:11: note: candidates are: ‘template<class _Tp> class std::complex’
  105 |     class complex;
      |           ^~~~~~~
src_v4.5.7/comm/scalar.h:67:8: note:                 ‘struct complex’
   67 | struct complex
      |        ^~~~~~~
src_v4.5.7/comm/constants.h:6:7: error: reference to ‘complex’ is ambiguous
    6 | const complex cm1(-1, 0);
      |       ^~~~~~~
/usr/include/c++/15.1.1/bits/stl_pair.h:105:11: note: candidates are: ‘template<class _Tp> class std::complex’
  105 |     class complex;
      |           ^~~~~~~
src_v4.5.7/comm/scalar.h:67:8: note:                 ‘struct complex’
   67 | struct complex
      |        ^~~~~~~
src_v4.5.7/comm/constants.h:7:7: error: reference to ‘complex’ is ambiguous
    7 | const complex ci(0, 1);
      |       ^~~~~~~
/usr/include/c++/15.1.1/bits/stl_pair.h:105:11: note: candidates are: ‘template<class _Tp> class std::complex’
  105 |     class complex;
      |           ^~~~~~~
src_v4.5.7/comm/scalar.h:67:8: note:                 ‘struct complex’
   67 | struct complex
      |        ^~~~~~~
src_v4.5.7/comm/constants.h:8:7: error: reference to ‘complex’ is ambiguous
    8 | const complex cmi(0, -1);
      |       ^~~~~~~
/usr/include/c++/15.1.1/bits/stl_pair.h:105:11: note: candidates are: ‘template<class _Tp> class std::complex’
  105 |     class complex;
      |           ^~~~~~~
src_v4.5.7/comm/scalar.h:67:8: note:                 ‘struct complex’
   67 | struct complex
      |        ^~~~~~~
In file included from src_v4.5.7/comm/myarray.h:6,
                 from src_v4.5.7/common_headers.h:25:
src_v4.5.7/comm/Random.h:35:9: error: reference to ‘complex’ is ambiguous
   35 |         complex normalComplex(double sigma=1.0); //!< normal complex number with mean 0 and deviation sigma
      |         ^~~~~~~
/usr/include/c++/15.1.1/bits/stl_pair.h:105:11: note: candidates are: ‘template<class _Tp> class std::complex’
  105 |     class complex;
      |           ^~~~~~~
src_v4.5.7/comm/scalar.h:67:8: note:                 ‘struct complex’
   67 | struct complex
      |        ^~~~~~~
src_v4.5.7/comm/myarray.h:33:1: error: reference to ‘complex’ is ambiguous
   33 | complex** alloc_array(int n1, int n2, complex val = c0);
      | ^~~~~~~
/usr/include/c++/15.1.1/bits/stl_pair.h:105:11: note: candidates are: ‘template<class _Tp> class std::complex’
  105 |     class complex;
      |           ^~~~~~~
src_v4.5.7/comm/scalar.h:67:8: note:                 ‘struct complex’
   67 | struct complex
      |        ^~~~~~~
src_v4.5.7/comm/myarray.h:34:1: error: reference to ‘complex’ is ambiguous
   34 | complex*** alloc_array(int n1, int n2, int n3, complex val = c0);
      | ^~~~~~~
/usr/include/c++/15.1.1/bits/stl_pair.h:105:11: note: candidates are: ‘template<class _Tp> class std::complex’
  105 |     class complex;
      |           ^~~~~~~
src_v4.5.7/comm/scalar.h:67:8: note:                 ‘struct complex’
   67 | struct complex
      |        ^~~~~~~
src_v4.5.7/comm/myarray.h:35:1: error: reference to ‘complex’ is ambiguous
   35 | complex**** alloc_array(int n1, int n2, int n3, int n4, complex val = c0);
      | ^~~~~~~
/usr/include/c++/15.1.1/bits/stl_pair.h:105:11: note: candidates are: ‘template<class _Tp> class std::complex’
  105 |     class complex;
      |           ^~~~~~~
src_v4.5.7/comm/scalar.h:67:8: note:                 ‘struct complex’
   67 | struct complex
      |        ^~~~~~~
src_v4.5.7/comm/myarray.h:38:6: error: variable or field ‘dealloc_array’ declared void
   38 | void dealloc_array(complex**& arr);
      |      ^~~~~~~~~~~~~
src_v4.5.7/comm/myarray.h:38:20: error: reference to ‘complex’ is ambiguous
   38 | void dealloc_array(complex**& arr);
      |                    ^~~~~~~
/usr/include/c++/15.1.1/bits/stl_pair.h:105:11: note: candidates are: ‘template<class _Tp> class std::complex’
  105 |     class complex;
      |           ^~~~~~~
src_v4.5.7/comm/scalar.h:67:8: note:                 ‘struct complex’
   67 | struct complex
      |        ^~~~~~~
src_v4.5.7/comm/myarray.h:38:31: error: ‘arr’ was not declared in this scope; did you mean ‘arg’?
   38 | void dealloc_array(complex**& arr);
      |                               ^~~
      |                               arg
src_v4.5.7/comm/myarray.h:39:6: error: variable or field ‘dealloc_array’ declared void
   39 | void dealloc_array(complex***& arr);
      |      ^~~~~~~~~~~~~
src_v4.5.7/comm/myarray.h:39:20: error: reference to ‘complex’ is ambiguous
   39 | void dealloc_array(complex***& arr);
      |                    ^~~~~~~
/usr/include/c++/15.1.1/bits/stl_pair.h:105:11: note: candidates are: ‘template<class _Tp> class std::complex’
  105 |     class complex;
      |           ^~~~~~~
src_v4.5.7/comm/scalar.h:67:8: note:                 ‘struct complex’
   67 | struct complex
      |        ^~~~~~~
src_v4.5.7/comm/myarray.h:39:32: error: ‘arr’ was not declared in this scope; did you mean ‘arg’?
   39 | void dealloc_array(complex***& arr);
      |                                ^~~
      |                                arg
src_v4.5.7/comm/myarray.h:47:6: error: variable or field ‘zeros’ declared void
   47 | void zeros(complex* arr, int n1);
      |      ^~~~~
src_v4.5.7/comm/myarray.h:47:12: error: reference to ‘complex’ is ambiguous
   47 | void zeros(complex* arr, int n1);
      |            ^~~~~~~
/usr/include/c++/15.1.1/bits/stl_pair.h:105:11: note: candidates are: ‘template<class _Tp> class std::complex’
  105 |     class complex;
      |           ^~~~~~~
src_v4.5.7/comm/scalar.h:67:8: note:                 ‘struct complex’
   67 | struct complex
      |        ^~~~~~~
src_v4.5.7/comm/myarray.h:47:21: error: ‘arr’ was not declared in this scope; did you mean ‘arg’?
   47 | void zeros(complex* arr, int n1);
      |                     ^~~
      |                     arg
src_v4.5.7/comm/myarray.h:47:26: error: expected primary-expression before ‘int’
   47 | void zeros(complex* arr, int n1);
      |                          ^~~
src_v4.5.7/comm/myarray.h:48:6: error: variable or field ‘zeros’ declared void
   48 | void zeros(complex** arr, int n1, int n2);
      |      ^~~~~
src_v4.5.7/comm/myarray.h:48:12: error: reference to ‘complex’ is ambiguous
   48 | void zeros(complex** arr, int n1, int n2);
      |            ^~~~~~~
/usr/include/c++/15.1.1/bits/stl_pair.h:105:11: note: candidates are: ‘template<class _Tp> class std::complex’
  105 |     class complex;
      |           ^~~~~~~
src_v4.5.7/comm/scalar.h:67:8: note:                 ‘struct complex’
   67 | struct complex
      |        ^~~~~~~
src_v4.5.7/comm/myarray.h:48:22: error: ‘arr’ was not declared in this scope; did you mean ‘arg’?
   48 | void zeros(complex** arr, int n1, int n2);
      |                      ^~~
      |                      arg
src_v4.5.7/comm/myarray.h:48:27: error: expected primary-expression before ‘int’
   48 | void zeros(complex** arr, int n1, int n2);
      |                           ^~~
src_v4.5.7/comm/myarray.h:48:35: error: expected primary-expression before ‘int’
   48 | void zeros(complex** arr, int n1, int n2);
      |                                   ^~~
src_v4.5.7/comm/myarray.h:49:6: error: variable or field ‘zeros’ declared void
   49 | void zeros(complex*** arr, int n1, int n2, int n3);
      |      ^~~~~
src_v4.5.7/comm/myarray.h:49:12: error: reference to ‘complex’ is ambiguous
   49 | void zeros(complex*** arr, int n1, int n2, int n3);
      |            ^~~~~~~
/usr/include/c++/15.1.1/bits/stl_pair.h:105:11: note: candidates are: ‘template<class _Tp> class std::complex’
  105 |     class complex;
      |           ^~~~~~~
src_v4.5.7/comm/scalar.h:67:8: note:                 ‘struct complex’
   67 | struct complex
      |        ^~~~~~~
src_v4.5.7/comm/myarray.h:49:23: error: ‘arr’ was not declared in this scope; did you mean ‘arg’?
   49 | void zeros(complex*** arr, int n1, int n2, int n3);
      |                       ^~~
      |                       arg
src_v4.5.7/comm/myarray.h:49:28: error: expected primary-expression before ‘int’
   49 | void zeros(complex*** arr, int n1, int n2, int n3);
      |                            ^~~
src_v4.5.7/comm/myarray.h:49:36: error: expected primary-expression before ‘int’
   49 | void zeros(complex*** arr, int n1, int n2, int n3);
      |                                    ^~~
src_v4.5.7/comm/myarray.h:49:44: error: expected primary-expression before ‘int’
   49 | void zeros(complex*** arr, int n1, int n2, int n3);
      |                                            ^~~
src_v4.5.7/comm/myarray.h:50:6: error: variable or field ‘zeros’ declared void
   50 | void zeros(complex**** arr, int n1, int n2, int n3, int n4);
      |      ^~~~~
src_v4.5.7/comm/myarray.h:50:12: error: reference to ‘complex’ is ambiguous
   50 | void zeros(complex**** arr, int n1, int n2, int n3, int n4);
      |            ^~~~~~~
/usr/include/c++/15.1.1/bits/stl_pair.h:105:11: note: candidates are: ‘template<class _Tp> class std::complex’
  105 |     class complex;
      |           ^~~~~~~
src_v4.5.7/comm/scalar.h:67:8: note:                 ‘struct complex’
   67 | struct complex
      |        ^~~~~~~
src_v4.5.7/comm/myarray.h:50:24: error: ‘arr’ was not declared in this scope; did you mean ‘arg’?
   50 | void zeros(complex**** arr, int n1, int n2, int n3, int n4);
      |                        ^~~
      |                        arg
src_v4.5.7/comm/myarray.h:50:29: error: expected primary-expression before ‘int’
   50 | void zeros(complex**** arr, int n1, int n2, int n3, int n4);
      |                             ^~~
src_v4.5.7/comm/myarray.h:50:37: error: expected primary-expression before ‘int’
   50 | void zeros(complex**** arr, int n1, int n2, int n3, int n4);
      |                                     ^~~
src_v4.5.7/comm/myarray.h:50:45: error: expected primary-expression before ‘int’
   50 | void zeros(complex**** arr, int n1, int n2, int n3, int n4);
      |                                             ^~~
src_v4.5.7/comm/myarray.h:50:53: error: expected primary-expression before ‘int’
   50 | void zeros(complex**** arr, int n1, int n2, int n3, int n4);
      |                                                     ^~~
src_v4.5.7/comm/myarray.h:52:6: error: variable or field ‘random_array’ declared void
   52 | void random_array(complex* a, int n);
      |      ^~~~~~~~~~~~
src_v4.5.7/comm/myarray.h:52:19: error: reference to ‘complex’ is ambiguous
   52 | void random_array(complex* a, int n);
      |                   ^~~~~~~
/usr/include/c++/15.1.1/bits/stl_pair.h:105:11: note: candidates are: ‘template<class _Tp> class std::complex’
  105 |     class complex;
      |           ^~~~~~~
src_v4.5.7/comm/scalar.h:67:8: note:                 ‘struct complex’
   67 | struct complex
      |        ^~~~~~~
src_v4.5.7/comm/myarray.h:52:28: error: ‘a’ was not declared in this scope
   52 | void random_array(complex* a, int n);
      |                            ^
src_v4.5.7/comm/myarray.h:52:31: error: expected primary-expression before ‘int’
   52 | void random_array(complex* a, int n);
      |                               ^~~
src_v4.5.7/comm/myarray.h:63:6: error: variable or field ‘conj’ declared void
   63 | void conj(complex* a, complex* c, int n1);
      |      ^~~~
src_v4.5.7/comm/myarray.h:63:11: error: reference to ‘complex’ is ambiguous
   63 | void conj(complex* a, complex* c, int n1);
      |           ^~~~~~~
/usr/include/c++/15.1.1/bits/stl_pair.h:105:11: note: candidates are: ‘template<class _Tp> class std::complex’
  105 |     class complex;
      |           ^~~~~~~
src_v4.5.7/comm/scalar.h:67:8: note:                 ‘struct complex’
   67 | struct complex
      |        ^~~~~~~
src_v4.5.7/comm/myarray.h:63:20: error: ‘a’ was not declared in this scope
   63 | void conj(complex* a, complex* c, int n1);
      |                    ^
src_v4.5.7/comm/myarray.h:63:23: error: reference to ‘complex’ is ambiguous
   63 | void conj(complex* a, complex* c, int n1);
      |                       ^~~~~~~
/usr/include/c++/15.1.1/bits/stl_pair.h:105:11: note: candidates are: ‘template<class _Tp> class std::complex’
  105 |     class complex;
      |           ^~~~~~~
src_v4.5.7/comm/scalar.h:67:8: note:                 ‘struct complex’
   67 | struct complex
      |        ^~~~~~~
src_v4.5.7/comm/myarray.h:63:32: error: ‘c’ was not declared in this scope
   63 | void conj(complex* a, complex* c, int n1);
      |                                ^
src_v4.5.7/comm/myarray.h:63:35: error: expected primary-expression before ‘int’
   63 | void conj(complex* a, complex* c, int n1);
      |                                   ^~~
src_v4.5.7/comm/myarray.h:75:6: error: variable or field ‘axbyc’ declared void
   75 | void axbyc(complex *y, complex *x, int n, complex a = c1, complex b = c0, complex c = c0); // y = ax + by + c, default = copy
      |      ^~~~~
src_v4.5.7/comm/myarray.h:75:12: error: reference to ‘complex’ is ambiguous
   75 | void axbyc(complex *y, complex *x, int n, complex a = c1, complex b = c0, complex c = c0); // y = ax + by + c, default = copy
      |            ^~~~~~~
/usr/include/c++/15.1.1/bits/stl_pair.h:105:11: note: candidates are: ‘template<class _Tp> class std::complex’
  105 |     class complex;
      |           ^~~~~~~
src_v4.5.7/comm/scalar.h:67:8: note:                 ‘struct complex’
   67 | struct complex
      |        ^~~~~~~
src_v4.5.7/comm/myarray.h:75:21: error: ‘y’ was not declared in this scope; did you mean ‘yn’?
   75 | void axbyc(complex *y, complex *x, int n, complex a = c1, complex b = c0, complex c = c0); // y = ax + by + c, default = copy
      |                     ^
      |                     yn
src_v4.5.7/comm/myarray.h:75:24: error: reference to ‘complex’ is ambiguous
   75 | void axbyc(complex *y, complex *x, int n, complex a = c1, complex b = c0, complex c = c0); // y = ax + by + c, default = copy
      |                        ^~~~~~~
/usr/include/c++/15.1.1/bits/stl_pair.h:105:11: note: candidates are: ‘template<class _Tp> class std::complex’
  105 |     class complex;
      |           ^~~~~~~
src_v4.5.7/comm/scalar.h:67:8: note:                 ‘struct complex’
   67 | struct complex
      |        ^~~~~~~
src_v4.5.7/comm/myarray.h:75:33: error: ‘x’ was not declared in this scope
   75 | void axbyc(complex *y, complex *x, int n, complex a = c1, complex b = c0, complex c = c0); // y = ax + by + c, default = copy
      |                                 ^
src_v4.5.7/comm/myarray.h:75:36: error: expected primary-expression before ‘int’
   75 | void axbyc(complex *y, complex *x, int n, complex a = c1, complex b = c0, complex c = c0); // y = ax + by + c, default = copy
      |                                    ^~~
src_v4.5.7/comm/myarray.h:75:43: error: reference to ‘complex’ is ambiguous
   75 | void axbyc(complex *y, complex *x, int n, complex a = c1, complex b = c0, complex c = c0); // y = ax + by + c, default = copy
      |                                           ^~~~~~~
/usr/include/c++/15.1.1/bits/stl_pair.h:105:11: note: candidates are: ‘template<class _Tp> class std::complex’
  105 |     class complex;
      |           ^~~~~~~
src_v4.5.7/comm/scalar.h:67:8: note:                 ‘struct complex’
   67 | struct complex
      |        ^~~~~~~
src_v4.5.7/comm/myarray.h:75:59: error: reference to ‘complex’ is ambiguous
   75 | void axbyc(complex *y, complex *x, int n, complex a = c1, complex b = c0, complex c = c0); // y = ax + by + c, default = copy
      |                                                           ^~~~~~~
/usr/include/c++/15.1.1/bits/stl_pair.h:105:11: note: candidates are: ‘template<class _Tp> class std::complex’
  105 |     class complex;
      |           ^~~~~~~
src_v4.5.7/comm/scalar.h:67:8: note:                 ‘struct complex’
   67 | struct complex
      |        ^~~~~~~
src_v4.5.7/comm/myarray.h:75:75: error: reference to ‘complex’ is ambiguous
   75 | void axbyc(complex *y, complex *x, int n, complex a = c1, complex b = c0, complex c = c0); // y = ax + by + c, default = copy
      |                                                                           ^~~~~~~
/usr/include/c++/15.1.1/bits/stl_pair.h:105:11: note: candidates are: ‘template<class _Tp> class std::complex’
  105 |     class complex;
      |           ^~~~~~~
src_v4.5.7/comm/scalar.h:67:8: note:                 ‘struct complex’
   67 | struct complex
      |        ^~~~~~~
src_v4.5.7/comm/myarray.h:76:6: error: variable or field ‘axbyc’ declared void
   76 | void axbyc(complex **y, complex **x, int n1, int n2, complex a = c1, complex b = c0, complex c = c0); // y = ax + by + c, default = copy
      |      ^~~~~
src_v4.5.7/comm/myarray.h:76:12: error: reference to ‘complex’ is ambiguous
   76 | void axbyc(complex **y, complex **x, int n1, int n2, complex a = c1, complex b = c0, complex c = c0); // y = ax + by + c, default = copy
      |            ^~~~~~~
/usr/include/c++/15.1.1/bits/stl_pair.h:105:11: note: candidates are: ‘template<class _Tp> class std::complex’
  105 |     class complex;
      |           ^~~~~~~
src_v4.5.7/comm/scalar.h:67:8: note:                 ‘struct complex’
   67 | struct complex
      |        ^~~~~~~
src_v4.5.7/comm/myarray.h:76:22: error: ‘y’ was not declared in this scope; did you mean ‘yn’?
   76 | void axbyc(complex **y, complex **x, int n1, int n2, complex a = c1, complex b = c0, complex c = c0); // y = ax + by + c, default = copy
      |                      ^
      |                      yn
src_v4.5.7/comm/myarray.h:76:25: error: reference to ‘complex’ is ambiguous
   76 | void axbyc(complex **y, complex **x, int n1, int n2, complex a = c1, complex b = c0, complex c = c0); // y = ax + by + c, default = copy
      |                         ^~~~~~~
/usr/include/c++/15.1.1/bits/stl_pair.h:105:11: note: candidates are: ‘template<class _Tp> class std::complex’
  105 |     class complex;
      |           ^~~~~~~
src_v4.5.7/comm/scalar.h:67:8: note:                 ‘struct complex’
   67 | struct complex
      |        ^~~~~~~
src_v4.5.7/comm/myarray.h:76:35: error: ‘x’ was not declared in this scope
   76 | void axbyc(complex **y, complex **x, int n1, int n2, complex a = c1, complex b = c0, complex c = c0); // y = ax + by + c, default = copy
      |                                   ^
src_v4.5.7/comm/myarray.h:76:38: error: expected primary-expression before ‘int’
   76 | void axbyc(complex **y, complex **x, int n1, int n2, complex a = c1, complex b = c0, complex c = c0); // y = ax + by + c, default = copy
      |                                      ^~~
src_v4.5.7/comm/myarray.h:76:46: error: expected primary-expression before ‘int’
   76 | void axbyc(complex **y, complex **x, int n1, int n2, complex a = c1, complex b = c0, complex c = c0); // y = ax + by + c, default = copy
      |                                              ^~~
src_v4.5.7/comm/myarray.h:76:54: error: reference to ‘complex’ is ambiguous
   76 | void axbyc(complex **y, complex **x, int n1, int n2, complex a = c1, complex b = c0, complex c = c0); // y = ax + by + c, default = copy
      |                                                      ^~~~~~~
/usr/include/c++/15.1.1/bits/stl_pair.h:105:11: note: candidates are: ‘template<class _Tp> class std::complex’
  105 |     class complex;
      |           ^~~~~~~
src_v4.5.7/comm/scalar.h:67:8: note:                 ‘struct complex’
   67 | struct complex
      |        ^~~~~~~
src_v4.5.7/comm/myarray.h:76:70: error: reference to ‘complex’ is ambiguous
   76 | void axbyc(complex **y, complex **x, int n1, int n2, complex a = c1, complex b = c0, complex c = c0); // y = ax + by + c, default = copy
      |                                                                      ^~~~~~~
/usr/include/c++/15.1.1/bits/stl_pair.h:105:11: note: candidates are: ‘template<class _Tp> class std::complex’
  105 |     class complex;
      |           ^~~~~~~
src_v4.5.7/comm/scalar.h:67:8: note:                 ‘struct complex’
   67 | struct complex
      |        ^~~~~~~
src_v4.5.7/comm/myarray.h:76:86: error: reference to ‘complex’ is ambiguous
   76 | void axbyc(complex **y, complex **x, int n1, int n2, complex a = c1, complex b = c0, complex c = c0); // y = ax + by + c, default = copy
      |                                                                                      ^~~~~~~
/usr/include/c++/15.1.1/bits/stl_pair.h:105:11: note: candidates are: ‘template<class _Tp> class std::complex’
  105 |     class complex;
      |           ^~~~~~~
src_v4.5.7/comm/scalar.h:67:8: note:                 ‘struct complex’
   67 | struct complex
      |        ^~~~~~~
In file included from src_v4.5.7/common_headers.h:26:
src_v4.5.7/comm/mymatrix.h:13:68: error: reference to ‘complex’ is ambiguous
   13 |         void zheevr_(char* JOBZ, char* RANGE, char* UPLO, int * N, complex* A, int * LDA,
      |                                                                    ^~~~~~~
/usr/include/c++/15.1.1/bits/stl_pair.h:105:11: note: candidates are: ‘template<class _Tp> class std::complex’
  105 |     class complex;
      |           ^~~~~~~
src_v4.5.7/comm/scalar.h:67:8: note:                 ‘struct complex’
   67 | struct complex
      |        ^~~~~~~
src_v4.5.7/comm/mymatrix.h:13:68: error: ‘complex’ has not been declared
   13 |         void zheevr_(char* JOBZ, char* RANGE, char* UPLO, int * N, complex* A, int * LDA,
      |                                                                    ^~~~~~~
src_v4.5.7/comm/mymatrix.h:15:28: error: reference to ‘complex’ is ambiguous
   15 |                 double* W, complex* Z, int* LDZ, int* ISUPPZ, complex* WORK, int* LWORK,
      |                            ^~~~~~~
/usr/include/c++/15.1.1/bits/stl_pair.h:105:11: note: candidates are: ‘template<class _Tp> class std::complex’
  105 |     class complex;
      |           ^~~~~~~
src_v4.5.7/comm/scalar.h:67:8: note:                 ‘struct complex’
   67 | struct complex
      |        ^~~~~~~
src_v4.5.7/comm/mymatrix.h:15:28: error: ‘complex’ has not been declared
   15 |                 double* W, complex* Z, int* LDZ, int* ISUPPZ, complex* WORK, int* LWORK,
      |                            ^~~~~~~
src_v4.5.7/comm/mymatrix.h:15:63: error: reference to ‘complex’ is ambiguous
   15 |                 double* W, complex* Z, int* LDZ, int* ISUPPZ, complex* WORK, int* LWORK,
      |                                                               ^~~~~~~
/usr/include/c++/15.1.1/bits/stl_pair.h:105:11: note: candidates are: ‘template<class _Tp> class std::complex’
  105 |     class complex;
      |           ^~~~~~~
src_v4.5.7/comm/scalar.h:67:8: note:                 ‘struct complex’
   67 | struct complex
      |        ^~~~~~~
src_v4.5.7/comm/mymatrix.h:15:63: error: ‘complex’ has not been declared
   15 |                 double* W, complex* Z, int* LDZ, int* ISUPPZ, complex* WORK, int* LWORK,
      |                                                               ^~~~~~~
src_v4.5.7/comm/mymatrix.h:17:55: error: reference to ‘complex’ is ambiguous
   17 |         void zgeev_(char* JOBVL, char* JOBVR, int* N, complex* A, int* LDA,
      |                                                       ^~~~~~~
/usr/include/c++/15.1.1/bits/stl_pair.h:105:11: note: candidates are: ‘template<class _Tp> class std::complex’
  105 |     class complex;
      |           ^~~~~~~
src_v4.5.7/comm/scalar.h:67:8: note:                 ‘struct complex’
   67 | struct complex
      |        ^~~~~~~
src_v4.5.7/comm/mymatrix.h:17:55: error: ‘complex’ has not been declared
   17 |         void zgeev_(char* JOBVL, char* JOBVR, int* N, complex* A, int* LDA,
      |                                                       ^~~~~~~
src_v4.5.7/comm/mymatrix.h:18:17: error: reference to ‘complex’ is ambiguous
   18 |                 complex* W, complex* VL, int* LDVL, complex* VR, int* LDVR,
      |                 ^~~~~~~
/usr/include/c++/15.1.1/bits/stl_pair.h:105:11: note: candidates are: ‘template<class _Tp> class std::complex’
  105 |     class complex;
      |           ^~~~~~~
src_v4.5.7/comm/scalar.h:67:8: note:                 ‘struct complex’
   67 | struct complex
      |        ^~~~~~~
src_v4.5.7/comm/mymatrix.h:18:17: error: ‘complex’ has not been declared
   18 |                 complex* W, complex* VL, int* LDVL, complex* VR, int* LDVR,
      |                 ^~~~~~~
src_v4.5.7/comm/mymatrix.h:18:29: error: reference to ‘complex’ is ambiguous
   18 |                 complex* W, complex* VL, int* LDVL, complex* VR, int* LDVR,
      |                             ^~~~~~~
/usr/include/c++/15.1.1/bits/stl_pair.h:105:11: note: candidates are: ‘template<class _Tp> class std::complex’
  105 |     class complex;
      |           ^~~~~~~
src_v4.5.7/comm/scalar.h:67:8: note:                 ‘struct complex’
   67 | struct complex
      |        ^~~~~~~
src_v4.5.7/comm/mymatrix.h:18:29: error: ‘complex’ has not been declared
   18 |                 complex* W, complex* VL, int* LDVL, complex* VR, int* LDVR,
      |                             ^~~~~~~
src_v4.5.7/comm/mymatrix.h:18:53: error: reference to ‘complex’ is ambiguous
   18 |                 complex* W, complex* VL, int* LDVL, complex* VR, int* LDVR,
      |                                                     ^~~~~~~
/usr/include/c++/15.1.1/bits/stl_pair.h:105:11: note: candidates are: ‘template<class _Tp> class std::complex’
  105 |     class complex;
      |           ^~~~~~~
src_v4.5.7/comm/scalar.h:67:8: note:                 ‘struct complex’
   67 | struct complex
      |        ^~~~~~~
src_v4.5.7/comm/mymatrix.h:18:53: error: ‘complex’ has not been declared
   18 |                 complex* W, complex* VL, int* LDVL, complex* VR, int* LDVR,
      |                                                     ^~~~~~~
src_v4.5.7/comm/mymatrix.h:19:17: error: reference to ‘complex’ is ambiguous
   19 |                 complex* WORK, int* LWORK, double* RWORK, int* INFO);
      |                 ^~~~~~~
/usr/include/c++/15.1.1/bits/stl_pair.h:105:11: note: candidates are: ‘template<class _Tp> class std::complex’
  105 |     class complex;
      |           ^~~~~~~
src_v4.5.7/comm/scalar.h:67:8: note:                 ‘struct complex’
   67 | struct complex
      |        ^~~~~~~
src_v4.5.7/comm/mymatrix.h:19:17: error: ‘complex’ has not been declared
   19 |                 complex* WORK, int* LWORK, double* RWORK, int* INFO);
      |                 ^~~~~~~
src_v4.5.7/comm/mymatrix.h:20:50: error: reference to ‘complex’ is ambiguous
   20 |         void zgesdd_(char* JOBZ, int* M, int* N, complex* A, int* LDA,
      |                                                  ^~~~~~~
/usr/include/c++/15.1.1/bits/stl_pair.h:105:11: note: candidates are: ‘template<class _Tp> class std::complex’
  105 |     class complex;
      |           ^~~~~~~
src_v4.5.7/comm/scalar.h:67:8: note:                 ‘struct complex’
   67 | struct complex
      |        ^~~~~~~
src_v4.5.7/comm/mymatrix.h:20:50: error: ‘complex’ has not been declared
   20 |         void zgesdd_(char* JOBZ, int* M, int* N, complex* A, int* LDA,
      |                                                  ^~~~~~~
src_v4.5.7/comm/mymatrix.h:21:28: error: reference to ‘complex’ is ambiguous
   21 |                 double* S, complex* U, int* LDU, complex* VT, int* LDVT,
      |                            ^~~~~~~
/usr/include/c++/15.1.1/bits/stl_pair.h:105:11: note: candidates are: ‘template<class _Tp> class std::complex’
  105 |     class complex;
      |           ^~~~~~~
src_v4.5.7/comm/scalar.h:67:8: note:                 ‘struct complex’
   67 | struct complex
      |        ^~~~~~~
src_v4.5.7/comm/mymatrix.h:21:28: error: ‘complex’ has not been declared
   21 |                 double* S, complex* U, int* LDU, complex* VT, int* LDVT,
      |                            ^~~~~~~
src_v4.5.7/comm/mymatrix.h:21:50: error: reference to ‘complex’ is ambiguous
   21 |                 double* S, complex* U, int* LDU, complex* VT, int* LDVT,
      |                                                  ^~~~~~~
/usr/include/c++/15.1.1/bits/stl_pair.h:105:11: note: candidates are: ‘template<class _Tp> class std::complex’
  105 |     class complex;
      |           ^~~~~~~
src_v4.5.7/comm/scalar.h:67:8: note:                 ‘struct complex’
   67 | struct complex
      |        ^~~~~~~
src_v4.5.7/comm/mymatrix.h:21:50: error: ‘complex’ has not been declared
   21 |                 double* S, complex* U, int* LDU, complex* VT, int* LDVT,
      |                                                  ^~~~~~~
src_v4.5.7/comm/mymatrix.h:22:17: error: reference to ‘complex’ is ambiguous
   22 |                 complex* WORK, int* LWORK, double* RWORK, int* IWORK, int* INFO);
      |                 ^~~~~~~
/usr/include/c++/15.1.1/bits/stl_pair.h:105:11: note: candidates are: ‘template<class _Tp> class std::complex’
  105 |     class complex;
      |           ^~~~~~~
src_v4.5.7/comm/scalar.h:67:8: note:                 ‘struct complex’
   67 | struct complex
      |        ^~~~~~~
src_v4.5.7/comm/mymatrix.h:22:17: error: ‘complex’ has not been declared
   22 |                 complex* WORK, int* LWORK, double* RWORK, int* IWORK, int* INFO);
      |                 ^~~~~~~
src_v4.5.7/comm/mymatrix.h:23:63: error: reference to ‘complex’ is ambiguous
   23 |         void zgesvd_(char* JOBU, char* JOBVT, int* M, int* N, complex* A, int* LDA,
      |                                                               ^~~~~~~
/usr/include/c++/15.1.1/bits/stl_pair.h:105:11: note: candidates are: ‘template<class _Tp> class std::complex’
  105 |     class complex;
      |           ^~~~~~~
src_v4.5.7/comm/scalar.h:67:8: note:                 ‘struct complex’
   67 | struct complex
      |        ^~~~~~~
src_v4.5.7/comm/mymatrix.h:23:63: error: ‘complex’ has not been declared
   23 |         void zgesvd_(char* JOBU, char* JOBVT, int* M, int* N, complex* A, int* LDA,
      |                                                               ^~~~~~~
src_v4.5.7/comm/mymatrix.h:24:28: error: reference to ‘complex’ is ambiguous
   24 |                 double* S, complex* U, int* LDU, complex* VT, int* LDVT,
      |                            ^~~~~~~
/usr/include/c++/15.1.1/bits/stl_pair.h:105:11: note: candidates are: ‘template<class _Tp> class std::complex’
  105 |     class complex;
      |           ^~~~~~~
src_v4.5.7/comm/scalar.h:67:8: note:                 ‘struct complex’
   67 | struct complex
      |        ^~~~~~~
src_v4.5.7/comm/mymatrix.h:24:28: error: ‘complex’ has not been declared
   24 |                 double* S, complex* U, int* LDU, complex* VT, int* LDVT,
      |                            ^~~~~~~
src_v4.5.7/comm/mymatrix.h:24:50: error: reference to ‘complex’ is ambiguous
   24 |                 double* S, complex* U, int* LDU, complex* VT, int* LDVT,
      |                                                  ^~~~~~~
/usr/include/c++/15.1.1/bits/stl_pair.h:105:11: note: candidates are: ‘template<class _Tp> class std::complex’
  105 |     class complex;
      |           ^~~~~~~
src_v4.5.7/comm/scalar.h:67:8: note:                 ‘struct complex’
   67 | struct complex
      |        ^~~~~~~
src_v4.5.7/comm/mymatrix.h:24:50: error: ‘complex’ has not been declared
   24 |                 double* S, complex* U, int* LDU, complex* VT, int* LDVT,
      |                                                  ^~~~~~~
src_v4.5.7/comm/mymatrix.h:25:17: error: reference to ‘complex’ is ambiguous
   25 |                 complex* WORK, int* LWORK, double* RWORK, int* INFO);
      |                 ^~~~~~~
/usr/include/c++/15.1.1/bits/stl_pair.h:105:11: note: candidates are: ‘template<class _Tp> class std::complex’
  105 |     class complex;
      |           ^~~~~~~
src_v4.5.7/comm/scalar.h:67:8: note:                 ‘struct complex’
   67 | struct complex
      |        ^~~~~~~
src_v4.5.7/comm/mymatrix.h:25:17: error: ‘complex’ has not been declared
   25 |                 complex* WORK, int* LWORK, double* RWORK, int* INFO);
      |                 ^~~~~~~
src_v4.5.7/comm/mymatrix.h:26:38: error: reference to ‘complex’ is ambiguous
   26 |         void zgetrf_(int* M, int* N, complex* A, int* LDA, int* IPIV, int* INFO);
      |                                      ^~~~~~~
/usr/include/c++/15.1.1/bits/stl_pair.h:105:11: note: candidates are: ‘template<class _Tp> class std::complex’
  105 |     class complex;
      |           ^~~~~~~
src_v4.5.7/comm/scalar.h:67:8: note:                 ‘struct complex’
   67 | struct complex
      |        ^~~~~~~
src_v4.5.7/comm/mymatrix.h:26:38: error: ‘complex’ has not been declared
   26 |         void zgetrf_(int* M, int* N, complex* A, int* LDA, int* IPIV, int* INFO);
      |                                      ^~~~~~~
src_v4.5.7/comm/mymatrix.h:27:30: error: reference to ‘complex’ is ambiguous
   27 |         void zgetri_(int* N, complex* A, int* LDA, int* IPIV, complex* WORK, int* LWORK, int* INFO);
      |                              ^~~~~~~
/usr/include/c++/15.1.1/bits/stl_pair.h:105:11: note: candidates are: ‘template<class _Tp> class std::complex’
  105 |     class complex;
      |           ^~~~~~~
src_v4.5.7/comm/scalar.h:67:8: note:                 ‘struct complex’
   67 | struct complex
      |        ^~~~~~~
src_v4.5.7/comm/mymatrix.h:27:30: error: ‘complex’ has not been declared
   27 |         void zgetri_(int* N, complex* A, int* LDA, int* IPIV, complex* WORK, int* LWORK, int* INFO);
      |                              ^~~~~~~
src_v4.5.7/comm/mymatrix.h:27:63: error: reference to ‘complex’ is ambiguous
   27 |         void zgetri_(int* N, complex* A, int* LDA, int* IPIV, complex* WORK, int* LWORK, int* INFO);
      |                                                               ^~~~~~~
/usr/include/c++/15.1.1/bits/stl_pair.h:105:11: note: candidates are: ‘template<class _Tp> class std::complex’
  105 |     class complex;
      |           ^~~~~~~
src_v4.5.7/comm/scalar.h:67:8: note:                 ‘struct complex’
   67 | struct complex
      |        ^~~~~~~
src_v4.5.7/comm/mymatrix.h:27:63: error: ‘complex’ has not been declared
   27 |         void zgetri_(int* N, complex* A, int* LDA, int* IPIV, complex* WORK, int* LWORK, int* INFO);
      |                                                               ^~~~~~~
src_v4.5.7/comm/mymatrix.h:28:52: error: reference to ‘complex’ is ambiguous
   28 |         void zposv_(char* UPLO, int* N, int* NRHS, complex* A, int* LDA, complex* B, int* LDB, int* INFO);
      |                                                    ^~~~~~~
/usr/include/c++/15.1.1/bits/stl_pair.h:105:11: note: candidates are: ‘template<class _Tp> class std::complex’
  105 |     class complex;
      |           ^~~~~~~
src_v4.5.7/comm/scalar.h:67:8: note:                 ‘struct complex’
   67 | struct complex
      |        ^~~~~~~
src_v4.5.7/comm/mymatrix.h:28:52: error: ‘complex’ has not been declared
   28 |         void zposv_(char* UPLO, int* N, int* NRHS, complex* A, int* LDA, complex* B, int* LDB, int* INFO);
      |                                                    ^~~~~~~
src_v4.5.7/comm/mymatrix.h:28:74: error: reference to ‘complex’ is ambiguous
   28 |         void zposv_(char* UPLO, int* N, int* NRHS, complex* A, int* LDA, complex* B, int* LDB, int* INFO);
      |                                                                          ^~~~~~~
/usr/include/c++/15.1.1/bits/stl_pair.h:105:11: note: candidates are: ‘template<class _Tp> class std::complex’
  105 |     class complex;
      |           ^~~~~~~
src_v4.5.7/comm/scalar.h:67:8: note:                 ‘struct complex’
   67 | struct complex
      |        ^~~~~~~
src_v4.5.7/comm/mymatrix.h:28:74: error: ‘complex’ has not been declared
   28 |         void zposv_(char* UPLO, int* N, int* NRHS, complex* A, int* LDA, complex* B, int* LDB, int* INFO);
      |                                                                          ^~~~~~~
src_v4.5.7/comm/mymatrix.h:31:6: error: variable or field ‘diagonalize’ declared void
   31 | void diagonalize(complex *H, int n, double *eig, complex *v);
      |      ^~~~~~~~~~~
src_v4.5.7/comm/mymatrix.h:31:18: error: reference to ‘complex’ is ambiguous
   31 | void diagonalize(complex *H, int n, double *eig, complex *v);
      |                  ^~~~~~~
/usr/include/c++/15.1.1/bits/stl_pair.h:105:11: note: candidates are: ‘template<class _Tp> class std::complex’
  105 |     class complex;
      |           ^~~~~~~
src_v4.5.7/comm/scalar.h:67:8: note:                 ‘struct complex’
   67 | struct complex
      |        ^~~~~~~
src_v4.5.7/comm/mymatrix.h:31:27: error: ‘H’ was not declared in this scope
   31 | void diagonalize(complex *H, int n, double *eig, complex *v);
      |                           ^
src_v4.5.7/comm/mymatrix.h:31:30: error: expected primary-expression before ‘int’
   31 | void diagonalize(complex *H, int n, double *eig, complex *v);
      |                              ^~~
src_v4.5.7/comm/mymatrix.h:31:37: error: expected primary-expression before ‘double’
   31 | void diagonalize(complex *H, int n, double *eig, complex *v);
      |                                     ^~~~~~
src_v4.5.7/comm/mymatrix.h:31:50: error: reference to ‘complex’ is ambiguous
   31 | void diagonalize(complex *H, int n, double *eig, complex *v);
      |                                                  ^~~~~~~
/usr/include/c++/15.1.1/bits/stl_pair.h:105:11: note: candidates are: ‘template<class _Tp> class std::complex’
  105 |     class complex;
      |           ^~~~~~~
src_v4.5.7/comm/scalar.h:67:8: note:                 ‘struct complex’
   67 | struct complex
      |        ^~~~~~~
src_v4.5.7/comm/mymatrix.h:31:59: error: ‘v’ was not declared in this scope
   31 | void diagonalize(complex *H, int n, double *eig, complex *v);
      |                                                           ^
src_v4.5.7/comm/mymatrix.h:32:22: error: reference to ‘complex’ is ambiguous
   32 | bool diagonalize_deg(complex *S, double *e, int n, double degthr, double *eig, complex *v);
      |                      ^~~~~~~
/usr/include/c++/15.1.1/bits/stl_pair.h:105:11: note: candidates are: ‘template<class _Tp> class std::complex’
  105 |     class complex;
      |           ^~~~~~~
src_v4.5.7/comm/scalar.h:67:8: note:                 ‘struct complex’
   67 | struct complex
      |        ^~~~~~~
src_v4.5.7/comm/mymatrix.h:32:31: error: ‘S’ was not declared in this scope
   32 | bool diagonalize_deg(complex *S, double *e, int n, double degthr, double *eig, complex *v);
      |                               ^
src_v4.5.7/comm/mymatrix.h:32:34: error: expected primary-expression before ‘double’
   32 | bool diagonalize_deg(complex *S, double *e, int n, double degthr, double *eig, complex *v);
      |                                  ^~~~~~
src_v4.5.7/comm/mymatrix.h:32:45: error: expected primary-expression before ‘int’
   32 | bool diagonalize_deg(complex *S, double *e, int n, double degthr, double *eig, complex *v);
      |                                             ^~~
src_v4.5.7/comm/mymatrix.h:32:52: error: expected primary-expression before ‘double’
   32 | bool diagonalize_deg(complex *S, double *e, int n, double degthr, double *eig, complex *v);
      |                                                    ^~~~~~
src_v4.5.7/comm/mymatrix.h:32:67: error: expected primary-expression before ‘double’
   32 | bool diagonalize_deg(complex *S, double *e, int n, double degthr, double *eig, complex *v);
      |                                                                   ^~~~~~
src_v4.5.7/comm/mymatrix.h:32:80: error: reference to ‘complex’ is ambiguous
   32 | bool diagonalize_deg(complex *S, double *e, int n, double degthr, double *eig, complex *v);
      |                                                                                ^~~~~~~
/usr/include/c++/15.1.1/bits/stl_pair.h:105:11: note: candidates are: ‘template<class _Tp> class std::complex’
  105 |     class complex;
      |           ^~~~~~~
src_v4.5.7/comm/scalar.h:67:8: note:                 ‘struct complex’
   67 | struct complex
      |        ^~~~~~~
src_v4.5.7/comm/mymatrix.h:32:89: error: ‘v’ was not declared in this scope
   32 | bool diagonalize_deg(complex *S, double *e, int n, double degthr, double *eig, complex *v);
      |                                                                                         ^
src_v4.5.7/comm/mymatrix.h:32:90: error: expression list treated as compound expression in initializer [-fpermissive]
   32 | bool diagonalize_deg(complex *S, double *e, int n, double degthr, double *eig, complex *v);
      |                                                                                          ^
src_v4.5.7/comm/mymatrix.h:33:6: error: variable or field ‘Utrans’ declared void
   33 | void Utrans(complex *u, complex *mat, int n);
      |      ^~~~~~
src_v4.5.7/comm/mymatrix.h:33:13: error: reference to ‘complex’ is ambiguous
   33 | void Utrans(complex *u, complex *mat, int n);
      |             ^~~~~~~
/usr/include/c++/15.1.1/bits/stl_pair.h:105:11: note: candidates are: ‘template<class _Tp> class std::complex’
  105 |     class complex;
      |           ^~~~~~~
src_v4.5.7/comm/scalar.h:67:8: note:                 ‘struct complex’
   67 | struct complex
      |        ^~~~~~~
src_v4.5.7/comm/mymatrix.h:33:22: error: ‘u’ was not declared in this scope
   33 | void Utrans(complex *u, complex *mat, int n);
      |                      ^
src_v4.5.7/comm/mymatrix.h:33:25: error: reference to ‘complex’ is ambiguous
   33 | void Utrans(complex *u, complex *mat, int n);
      |                         ^~~~~~~
/usr/include/c++/15.1.1/bits/stl_pair.h:105:11: note: candidates are: ‘template<class _Tp> class std::complex’
  105 |     class complex;
      |           ^~~~~~~
src_v4.5.7/comm/scalar.h:67:8: note:                 ‘struct complex’
   67 | struct complex
      |        ^~~~~~~
src_v4.5.7/comm/mymatrix.h:33:34: error: ‘mat’ was not declared in this scope
   33 | void Utrans(complex *u, complex *mat, int n);
      |                                  ^~~
src_v4.5.7/comm/mymatrix.h:33:39: error: expected primary-expression before ‘int’
   33 | void Utrans(complex *u, complex *mat, int n);
      |                                       ^~~
src_v4.5.7/comm/mymatrix.h:35:6: error: variable or field ‘zhemm_interface’ declared void
   35 | void zhemm_interface(complex *C, bool left, complex *A, complex *B, int n, complex alpha = c1, complex beta = c0);
      |      ^~~~~~~~~~~~~~~
src_v4.5.7/comm/mymatrix.h:35:22: error: reference to ‘complex’ is ambiguous
   35 | void zhemm_interface(complex *C, bool left, complex *A, complex *B, int n, complex alpha = c1, complex beta = c0);
      |                      ^~~~~~~
/usr/include/c++/15.1.1/bits/stl_pair.h:105:11: note: candidates are: ‘template<class _Tp> class std::complex’
  105 |     class complex;
      |           ^~~~~~~
src_v4.5.7/comm/scalar.h:67:8: note:                 ‘struct complex’
   67 | struct complex
      |        ^~~~~~~
src_v4.5.7/comm/mymatrix.h:35:31: error: ‘C’ was not declared in this scope
   35 | void zhemm_interface(complex *C, bool left, complex *A, complex *B, int n, complex alpha = c1, complex beta = c0);
      |                               ^
src_v4.5.7/comm/mymatrix.h:35:34: error: expected primary-expression before ‘bool’
   35 | void zhemm_interface(complex *C, bool left, complex *A, complex *B, int n, complex alpha = c1, complex beta = c0);
      |                                  ^~~~
src_v4.5.7/comm/mymatrix.h:35:45: error: reference to ‘complex’ is ambiguous
   35 | void zhemm_interface(complex *C, bool left, complex *A, complex *B, int n, complex alpha = c1, complex beta = c0);
      |                                             ^~~~~~~
/usr/include/c++/15.1.1/bits/stl_pair.h:105:11: note: candidates are: ‘template<class _Tp> class std::complex’
  105 |     class complex;
      |           ^~~~~~~
src_v4.5.7/comm/scalar.h:67:8: note:                 ‘struct complex’
   67 | struct complex
      |        ^~~~~~~
src_v4.5.7/comm/mymatrix.h:35:54: error: ‘A’ was not declared in this scope
   35 | void zhemm_interface(complex *C, bool left, complex *A, complex *B, int n, complex alpha = c1, complex beta = c0);
      |                                                      ^
src_v4.5.7/comm/mymatrix.h:35:57: error: reference to ‘complex’ is ambiguous
   35 | void zhemm_interface(complex *C, bool left, complex *A, complex *B, int n, complex alpha = c1, complex beta = c0);
      |                                                         ^~~~~~~
/usr/include/c++/15.1.1/bits/stl_pair.h:105:11: note: candidates are: ‘template<class _Tp> class std::complex’
  105 |     class complex;
      |           ^~~~~~~
src_v4.5.7/comm/scalar.h:67:8: note:                 ‘struct complex’
   67 | struct complex
      |        ^~~~~~~
src_v4.5.7/comm/mymatrix.h:35:66: error: ‘B’ was not declared in this scope
   35 | void zhemm_interface(complex *C, bool left, complex *A, complex *B, int n, complex alpha = c1, complex beta = c0);
      |                                                                  ^
src_v4.5.7/comm/mymatrix.h:35:69: error: expected primary-expression before ‘int’
   35 | void zhemm_interface(complex *C, bool left, complex *A, complex *B, int n, complex alpha = c1, complex beta = c0);
      |                                                                     ^~~
src_v4.5.7/comm/mymatrix.h:35:76: error: reference to ‘complex’ is ambiguous
   35 | void zhemm_interface(complex *C, bool left, complex *A, complex *B, int n, complex alpha = c1, complex beta = c0);
      |                                                                            ^~~~~~~
/usr/include/c++/15.1.1/bits/stl_pair.h:105:11: note: candidates are: ‘template<class _Tp> class std::complex’
  105 |     class complex;
      |           ^~~~~~~
src_v4.5.7/comm/scalar.h:67:8: note:                 ‘struct complex’
   67 | struct complex
      |        ^~~~~~~
src_v4.5.7/comm/mymatrix.h:35:96: error: reference to ‘complex’ is ambiguous
   35 | void zhemm_interface(complex *C, bool left, complex *A, complex *B, int n, complex alpha = c1, complex beta = c0);
      |                                                                                                ^~~~~~~
/usr/include/c++/15.1.1/bits/stl_pair.h:105:11: note: candidates are: ‘template<class _Tp> class std::complex’
  105 |     class complex;
      |           ^~~~~~~
src_v4.5.7/comm/scalar.h:67:8: note:                 ‘struct complex’
   67 | struct complex
      |        ^~~~~~~
src_v4.5.7/comm/mymatrix.h:37:6: error: variable or field ‘zgemm_interface’ declared void
   37 | void zgemm_interface(complex *C, complex *A, complex *B, int n, complex alpha = c1, complex beta = c0, CBLAS_TRANSPOSE transA = CblasNoTrans, CBLAS_TRANSPOSE transB = CblasNoTrans);
      |      ^~~~~~~~~~~~~~~
src_v4.5.7/comm/mymatrix.h:37:22: error: reference to ‘complex’ is ambiguous
   37 | void zgemm_interface(complex *C, complex *A, complex *B, int n, complex alpha = c1, complex beta = c0, CBLAS_TRANSPOSE transA = CblasNoTrans, CBLAS_TRANSPOSE transB = CblasNoTrans);
      |                      ^~~~~~~
/usr/include/c++/15.1.1/bits/stl_pair.h:105:11: note: candidates are: ‘template<class _Tp> class std::complex’
  105 |     class complex;
      |           ^~~~~~~
src_v4.5.7/comm/scalar.h:67:8: note:                 ‘struct complex’
   67 | struct complex
      |        ^~~~~~~
src_v4.5.7/comm/mymatrix.h:37:31: error: ‘C’ was not declared in this scope
   37 | void zgemm_interface(complex *C, complex *A, complex *B, int n, complex alpha = c1, complex beta = c0, CBLAS_TRANSPOSE transA = CblasNoTrans, CBLAS_TRANSPOSE transB = CblasNoTrans);
      |                               ^
src_v4.5.7/comm/mymatrix.h:37:34: error: reference to ‘complex’ is ambiguous
   37 | void zgemm_interface(complex *C, complex *A, complex *B, int n, complex alpha = c1, complex beta = c0, CBLAS_TRANSPOSE transA = CblasNoTrans, CBLAS_TRANSPOSE transB = CblasNoTrans);
      |                                  ^~~~~~~
/usr/include/c++/15.1.1/bits/stl_pair.h:105:11: note: candidates are: ‘template<class _Tp> class std::complex’
  105 |     class complex;
      |           ^~~~~~~
src_v4.5.7/comm/scalar.h:67:8: note:                 ‘struct complex’
   67 | struct complex
      |        ^~~~~~~
src_v4.5.7/comm/mymatrix.h:37:43: error: ‘A’ was not declared in this scope
   37 | void zgemm_interface(complex *C, complex *A, complex *B, int n, complex alpha = c1, complex beta = c0, CBLAS_TRANSPOSE transA = CblasNoTrans, CBLAS_TRANSPOSE transB = CblasNoTrans);
      |                                           ^
src_v4.5.7/comm/mymatrix.h:37:46: error: reference to ‘complex’ is ambiguous
   37 | void zgemm_interface(complex *C, complex *A, complex *B, int n, complex alpha = c1, complex beta = c0, CBLAS_TRANSPOSE transA = CblasNoTrans, CBLAS_TRANSPOSE transB = CblasNoTrans);
      |                                              ^~~~~~~
/usr/include/c++/15.1.1/bits/stl_pair.h:105:11: note: candidates are: ‘template<class _Tp> class std::complex’
  105 |     class complex;
      |           ^~~~~~~
src_v4.5.7/comm/scalar.h:67:8: note:                 ‘struct complex’
   67 | struct complex
      |        ^~~~~~~
src_v4.5.7/comm/mymatrix.h:37:55: error: ‘B’ was not declared in this scope
   37 | void zgemm_interface(complex *C, complex *A, complex *B, int n, complex alpha = c1, complex beta = c0, CBLAS_TRANSPOSE transA = CblasNoTrans, CBLAS_TRANSPOSE transB = CblasNoTrans);
      |                                                       ^
src_v4.5.7/comm/mymatrix.h:37:58: error: expected primary-expression before ‘int’
   37 | void zgemm_interface(complex *C, complex *A, complex *B, int n, complex alpha = c1, complex beta = c0, CBLAS_TRANSPOSE transA = CblasNoTrans, CBLAS_TRANSPOSE transB = CblasNoTrans);
      |                                                          ^~~
src_v4.5.7/comm/mymatrix.h:37:65: error: reference to ‘complex’ is ambiguous
   37 | void zgemm_interface(complex *C, complex *A, complex *B, int n, complex alpha = c1, complex beta = c0, CBLAS_TRANSPOSE transA = CblasNoTrans, CBLAS_TRANSPOSE transB = CblasNoTrans);
      |                                                                 ^~~~~~~
/usr/include/c++/15.1.1/bits/stl_pair.h:105:11: note: candidates are: ‘template<class _Tp> class std::complex’
  105 |     class complex;
      |           ^~~~~~~
src_v4.5.7/comm/scalar.h:67:8: note:                 ‘struct complex’
   67 | struct complex
      |        ^~~~~~~
src_v4.5.7/comm/mymatrix.h:37:85: error: reference to ‘complex’ is ambiguous
   37 | void zgemm_interface(complex *C, complex *A, complex *B, int n, complex alpha = c1, complex beta = c0, CBLAS_TRANSPOSE transA = CblasNoTrans, CBLAS_TRANSPOSE transB = CblasNoTrans);
      |                                                                                     ^~~~~~~
/usr/include/c++/15.1.1/bits/stl_pair.h:105:11: note: candidates are: ‘template<class _Tp> class std::complex’
  105 |     class complex;
      |           ^~~~~~~
src_v4.5.7/comm/scalar.h:67:8: note:                 ‘struct complex’
   67 | struct complex
      |        ^~~~~~~
src_v4.5.7/comm/mymatrix.h:37:120: error: expected primary-expression before ‘transA’
   37 | void zgemm_interface(complex *C, complex *A, complex *B, int n, complex alpha = c1, complex beta = c0, CBLAS_TRANSPOSE transA = CblasNoTrans, CBLAS_TRANSPOSE transB = CblasNoTrans);
      |                                                                                                                        ^~~~~~
src_v4.5.7/comm/mymatrix.h:37:159: error: expected primary-expression before ‘transB’
   37 | void zgemm_interface(complex *C, complex *A, complex *B, int n, complex alpha = c1, complex beta = c0, CBLAS_TRANSPOSE transA = CblasNoTrans, CBLAS_TRANSPOSE transB = CblasNoTrans);
      |                                                                                                                                                               ^~~~~~
src_v4.5.7/comm/mymatrix.h:38:6: error: variable or field ‘zgemm_interface’ declared void
   38 | void zgemm_interface(complex *C, complex *A, complex *B, int m, int n, int k, complex alpha = c1, complex beta = c0, CBLAS_TRANSPOSE transA = CblasNoTrans, CBLAS_TRANSPOSE transB = CblasNoTrans);
      |      ^~~~~~~~~~~~~~~
src_v4.5.7/comm/mymatrix.h:38:22: error: reference to ‘complex’ is ambiguous
   38 | void zgemm_interface(complex *C, complex *A, complex *B, int m, int n, int k, complex alpha = c1, complex beta = c0, CBLAS_TRANSPOSE transA = CblasNoTrans, CBLAS_TRANSPOSE transB = CblasNoTrans);
      |                      ^~~~~~~
/usr/include/c++/15.1.1/bits/stl_pair.h:105:11: note: candidates are: ‘template<class _Tp> class std::complex’
  105 |     class complex;
      |           ^~~~~~~
src_v4.5.7/comm/scalar.h:67:8: note:                 ‘struct complex’
   67 | struct complex
      |        ^~~~~~~
src_v4.5.7/comm/mymatrix.h:38:31: error: ‘C’ was not declared in this scope
   38 | void zgemm_interface(complex *C, complex *A, complex *B, int m, int n, int k, complex alpha = c1, complex beta = c0, CBLAS_TRANSPOSE transA = CblasNoTrans, CBLAS_TRANSPOSE transB = CblasNoTrans);
      |                               ^
src_v4.5.7/comm/mymatrix.h:38:34: error: reference to ‘complex’ is ambiguous
   38 | void zgemm_interface(complex *C, complex *A, complex *B, int m, int n, int k, complex alpha = c1, complex beta = c0, CBLAS_TRANSPOSE transA = CblasNoTrans, CBLAS_TRANSPOSE transB = CblasNoTrans);
      |                                  ^~~~~~~
/usr/include/c++/15.1.1/bits/stl_pair.h:105:11: note: candidates are: ‘template<class _Tp> class std::complex’
  105 |     class complex;
      |           ^~~~~~~
src_v4.5.7/comm/scalar.h:67:8: note:                 ‘struct complex’
   67 | struct complex
      |        ^~~~~~~
src_v4.5.7/comm/mymatrix.h:38:43: error: ‘A’ was not declared in this scope
   38 | void zgemm_interface(complex *C, complex *A, complex *B, int m, int n, int k, complex alpha = c1, complex beta = c0, CBLAS_TRANSPOSE transA = CblasNoTrans, CBLAS_TRANSPOSE transB = CblasNoTrans);
      |                                           ^
src_v4.5.7/comm/mymatrix.h:38:46: error: reference to ‘complex’ is ambiguous
   38 | void zgemm_interface(complex *C, complex *A, complex *B, int m, int n, int k, complex alpha = c1, complex beta = c0, CBLAS_TRANSPOSE transA = CblasNoTrans, CBLAS_TRANSPOSE transB = CblasNoTrans);
      |                                              ^~~~~~~
/usr/include/c++/15.1.1/bits/stl_pair.h:105:11: note: candidates are: ‘template<class _Tp> class std::complex’
  105 |     class complex;
      |           ^~~~~~~
src_v4.5.7/comm/scalar.h:67:8: note:                 ‘struct complex’
   67 | struct complex
      |        ^~~~~~~
src_v4.5.7/comm/mymatrix.h:38:55: error: ‘B’ was not declared in this scope
   38 | void zgemm_interface(complex *C, complex *A, complex *B, int m, int n, int k, complex alpha = c1, complex beta = c0, CBLAS_TRANSPOSE transA = CblasNoTrans, CBLAS_TRANSPOSE transB = CblasNoTrans);
      |                                                       ^
src_v4.5.7/comm/mymatrix.h:38:58: error: expected primary-expression before ‘int’
   38 | void zgemm_interface(complex *C, complex *A, complex *B, int m, int n, int k, complex alpha = c1, complex beta = c0, CBLAS_TRANSPOSE transA = CblasNoTrans, CBLAS_TRANSPOSE transB = CblasNoTrans);
      |                                                          ^~~
src_v4.5.7/comm/mymatrix.h:38:65: error: expected primary-expression before ‘int’
   38 | void zgemm_interface(complex *C, complex *A, complex *B, int m, int n, int k, complex alpha = c1, complex beta = c0, CBLAS_TRANSPOSE transA = CblasNoTrans, CBLAS_TRANSPOSE transB = CblasNoTrans);
      |                                                                 ^~~
src_v4.5.7/comm/mymatrix.h:38:72: error: expected primary-expression before ‘int’
   38 | void zgemm_interface(complex *C, complex *A, complex *B, int m, int n, int k, complex alpha = c1, complex beta = c0, CBLAS_TRANSPOSE transA = CblasNoTrans, CBLAS_TRANSPOSE transB = CblasNoTrans);
      |                                                                        ^~~
src_v4.5.7/comm/mymatrix.h:38:79: error: reference to ‘complex’ is ambiguous
   38 | void zgemm_interface(complex *C, complex *A, complex *B, int m, int n, int k, complex alpha = c1, complex beta = c0, CBLAS_TRANSPOSE transA = CblasNoTrans, CBLAS_TRANSPOSE transB = CblasNoTrans);
      |                                                                               ^~~~~~~
/usr/include/c++/15.1.1/bits/stl_pair.h:105:11: note: candidates are: ‘template<class _Tp> class std::complex’
  105 |     class complex;
      |           ^~~~~~~
src_v4.5.7/comm/scalar.h:67:8: note:                 ‘struct complex’
   67 | struct complex
      |        ^~~~~~~
src_v4.5.7/comm/mymatrix.h:38:99: error: reference to ‘complex’ is ambiguous
   38 | void zgemm_interface(complex *C, complex *A, complex *B, int m, int n, int k, complex alpha = c1, complex beta = c0, CBLAS_TRANSPOSE transA = CblasNoTrans, CBLAS_TRANSPOSE transB = CblasNoTrans);
      |                                                                                                   ^~~~~~~
/usr/include/c++/15.1.1/bits/stl_pair.h:105:11: note: candidates are: ‘template<class _Tp> class std::complex’
  105 |     class complex;
      |           ^~~~~~~
src_v4.5.7/comm/scalar.h:67:8: note:                 ‘struct complex’
   67 | struct complex
      |        ^~~~~~~
src_v4.5.7/comm/mymatrix.h:38:134: error: expected primary-expression before ‘transA’
   38 | void zgemm_interface(complex *C, complex *A, complex *B, int m, int n, int k, complex alpha = c1, complex beta = c0, CBLAS_TRANSPOSE transA = CblasNoTrans, CBLAS_TRANSPOSE transB = CblasNoTrans);
      |                                                                                                                                      ^~~~~~
src_v4.5.7/comm/mymatrix.h:38:173: error: expected primary-expression before ‘transB’
   38 | void zgemm_interface(complex *C, complex *A, complex *B, int m, int n, int k, complex alpha = c1, complex beta = c0, CBLAS_TRANSPOSE transA = CblasNoTrans, CBLAS_TRANSPOSE transB = CblasNoTrans);
      |                                                                                                                                                                             ^~~~~~
src_v4.5.7/comm/mymatrix.h:40:25: error: reference to ‘complex’ is ambiguous
   40 | void aij_bji(double *C, complex *A, complex *B, int n, double alpha = 1, double beta = 0);
      |                         ^~~~~~~
/usr/include/c++/15.1.1/bits/stl_pair.h:105:11: note: candidates are: ‘template<class _Tp> class std::complex’
  105 |     class complex;
      |           ^~~~~~~
src_v4.5.7/comm/scalar.h:67:8: note:                 ‘struct complex’
   67 | struct complex
      |        ^~~~~~~
src_v4.5.7/comm/mymatrix.h:40:25: error: ‘complex’ has not been declared
   40 | void aij_bji(double *C, complex *A, complex *B, int n, double alpha = 1, double beta = 0);
      |                         ^~~~~~~
src_v4.5.7/comm/mymatrix.h:40:37: error: reference to ‘complex’ is ambiguous
   40 | void aij_bji(double *C, complex *A, complex *B, int n, double alpha = 1, double beta = 0);
      |                                     ^~~~~~~
/usr/include/c++/15.1.1/bits/stl_pair.h:105:11: note: candidates are: ‘template<class _Tp> class std::complex’
  105 |     class complex;
      |           ^~~~~~~
src_v4.5.7/comm/scalar.h:67:8: note:                 ‘struct complex’
   67 | struct complex
      |        ^~~~~~~
src_v4.5.7/comm/mymatrix.h:40:37: error: ‘complex’ has not been declared
   40 | void aij_bji(double *C, complex *A, complex *B, int n, double alpha = 1, double beta = 0);
      |                                     ^~~~~~~
src_v4.5.7/comm/mymatrix.h:42:6: error: variable or field ‘mat_diag_mult’ declared void
   42 | void mat_diag_mult(complex *C, complex *A, double *B, int n, complex alpha = c1, complex beta = c0);
      |      ^~~~~~~~~~~~~
src_v4.5.7/comm/mymatrix.h:42:20: error: reference to ‘complex’ is ambiguous
   42 | void mat_diag_mult(complex *C, complex *A, double *B, int n, complex alpha = c1, complex beta = c0);
      |                    ^~~~~~~
/usr/include/c++/15.1.1/bits/stl_pair.h:105:11: note: candidates are: ‘template<class _Tp> class std::complex’
  105 |     class complex;
      |           ^~~~~~~
src_v4.5.7/comm/scalar.h:67:8: note:                 ‘struct complex’
   67 | struct complex
      |        ^~~~~~~
src_v4.5.7/comm/mymatrix.h:42:29: error: ‘C’ was not declared in this scope
   42 | void mat_diag_mult(complex *C, complex *A, double *B, int n, complex alpha = c1, complex beta = c0);
      |                             ^
src_v4.5.7/comm/mymatrix.h:42:32: error: reference to ‘complex’ is ambiguous
   42 | void mat_diag_mult(complex *C, complex *A, double *B, int n, complex alpha = c1, complex beta = c0);
      |                                ^~~~~~~
/usr/include/c++/15.1.1/bits/stl_pair.h:105:11: note: candidates are: ‘template<class _Tp> class std::complex’
  105 |     class complex;
      |           ^~~~~~~
src_v4.5.7/comm/scalar.h:67:8: note:                 ‘struct complex’
   67 | struct complex
      |        ^~~~~~~
src_v4.5.7/comm/mymatrix.h:42:41: error: ‘A’ was not declared in this scope
   42 | void mat_diag_mult(complex *C, complex *A, double *B, int n, complex alpha = c1, complex beta = c0);
      |                                         ^
src_v4.5.7/comm/mymatrix.h:42:44: error: expected primary-expression before ‘double’
   42 | void mat_diag_mult(complex *C, complex *A, double *B, int n, complex alpha = c1, complex beta = c0);
      |                                            ^~~~~~
src_v4.5.7/comm/mymatrix.h:42:55: error: expected primary-expression before ‘int’
   42 | void mat_diag_mult(complex *C, complex *A, double *B, int n, complex alpha = c1, complex beta = c0);
      |                                                       ^~~
src_v4.5.7/comm/mymatrix.h:42:62: error: reference to ‘complex’ is ambiguous
   42 | void mat_diag_mult(complex *C, complex *A, double *B, int n, complex alpha = c1, complex beta = c0);
      |                                                              ^~~~~~~
/usr/include/c++/15.1.1/bits/stl_pair.h:105:11: note: candidates are: ‘template<class _Tp> class std::complex’
  105 |     class complex;
      |           ^~~~~~~
src_v4.5.7/comm/scalar.h:67:8: note:                 ‘struct complex’
   67 | struct complex
      |        ^~~~~~~
src_v4.5.7/comm/mymatrix.h:42:82: error: reference to ‘complex’ is ambiguous
   42 | void mat_diag_mult(complex *C, complex *A, double *B, int n, complex alpha = c1, complex beta = c0);
      |                                                                                  ^~~~~~~
/usr/include/c++/15.1.1/bits/stl_pair.h:105:11: note: candidates are: ‘template<class _Tp> class std::complex’
  105 |     class complex;
      |           ^~~~~~~
src_v4.5.7/comm/scalar.h:67:8: note:                 ‘struct complex’
   67 | struct complex
      |        ^~~~~~~
src_v4.5.7/comm/mymatrix.h:43:6: error: variable or field ‘mat_diag_mult’ declared void
   43 | void mat_diag_mult(complex *C, double *A, complex *B, int n, complex alpha = c1, complex beta = c0);
      |      ^~~~~~~~~~~~~
src_v4.5.7/comm/mymatrix.h:43:20: error: reference to ‘complex’ is ambiguous
   43 | void mat_diag_mult(complex *C, double *A, complex *B, int n, complex alpha = c1, complex beta = c0);
      |                    ^~~~~~~
/usr/include/c++/15.1.1/bits/stl_pair.h:105:11: note: candidates are: ‘template<class _Tp> class std::complex’
  105 |     class complex;
      |           ^~~~~~~
src_v4.5.7/comm/scalar.h:67:8: note:                 ‘struct complex’
   67 | struct complex
      |        ^~~~~~~
src_v4.5.7/comm/mymatrix.h:43:29: error: ‘C’ was not declared in this scope
   43 | void mat_diag_mult(complex *C, double *A, complex *B, int n, complex alpha = c1, complex beta = c0);
      |                             ^
src_v4.5.7/comm/mymatrix.h:43:32: error: expected primary-expression before ‘double’
   43 | void mat_diag_mult(complex *C, double *A, complex *B, int n, complex alpha = c1, complex beta = c0);
      |                                ^~~~~~
src_v4.5.7/comm/mymatrix.h:43:43: error: reference to ‘complex’ is ambiguous
   43 | void mat_diag_mult(complex *C, double *A, complex *B, int n, complex alpha = c1, complex beta = c0);
      |                                           ^~~~~~~
/usr/include/c++/15.1.1/bits/stl_pair.h:105:11: note: candidates are: ‘template<class _Tp> class std::complex’
  105 |     class complex;
      |           ^~~~~~~
src_v4.5.7/comm/scalar.h:67:8: note:                 ‘struct complex’
   67 | struct complex
      |        ^~~~~~~
src_v4.5.7/comm/mymatrix.h:43:52: error: ‘B’ was not declared in this scope
   43 | void mat_diag_mult(complex *C, double *A, complex *B, int n, complex alpha = c1, complex beta = c0);
      |                                                    ^
src_v4.5.7/comm/mymatrix.h:43:55: error: expected primary-expression before ‘int’
   43 | void mat_diag_mult(complex *C, double *A, complex *B, int n, complex alpha = c1, complex beta = c0);
      |                                                       ^~~
src_v4.5.7/comm/mymatrix.h:43:62: error: reference to ‘complex’ is ambiguous
   43 | void mat_diag_mult(complex *C, double *A, complex *B, int n, complex alpha = c1, complex beta = c0);
      |                                                              ^~~~~~~
/usr/include/c++/15.1.1/bits/stl_pair.h:105:11: note: candidates are: ‘template<class _Tp> class std::complex’
  105 |     class complex;
      |           ^~~~~~~
src_v4.5.7/comm/scalar.h:67:8: note:                 ‘struct complex’
   67 | struct complex
      |        ^~~~~~~
src_v4.5.7/comm/mymatrix.h:43:82: error: reference to ‘complex’ is ambiguous
   43 | void mat_diag_mult(complex *C, double *A, complex *B, int n, complex alpha = c1, complex beta = c0);
      |                                                                                  ^~~~~~~
/usr/include/c++/15.1.1/bits/stl_pair.h:105:11: note: candidates are: ‘template<class _Tp> class std::complex’
  105 |     class complex;
      |           ^~~~~~~
src_v4.5.7/comm/scalar.h:67:8: note:                 ‘struct complex’
   67 | struct complex
      |        ^~~~~~~
src_v4.5.7/comm/mymatrix.h:44:6: error: variable or field ‘vec3_dot_vec3array’ declared void
   44 | void vec3_dot_vec3array(complex *vm, vector3<double> v, complex **m, int n, complex b = c0, complex c = c0);
      |      ^~~~~~~~~~~~~~~~~~
src_v4.5.7/comm/mymatrix.h:44:25: error: reference to ‘complex’ is ambiguous
   44 | void vec3_dot_vec3array(complex *vm, vector3<double> v, complex **m, int n, complex b = c0, complex c = c0);
      |                         ^~~~~~~
/usr/include/c++/15.1.1/bits/stl_pair.h:105:11: note: candidates are: ‘template<class _Tp> class std::complex’
  105 |     class complex;
      |           ^~~~~~~
src_v4.5.7/comm/scalar.h:67:8: note:                 ‘struct complex’
   67 | struct complex
      |        ^~~~~~~
src_v4.5.7/comm/mymatrix.h:44:34: error: ‘vm’ was not declared in this scope; did you mean ‘tm’?
   44 | void vec3_dot_vec3array(complex *vm, vector3<double> v, complex **m, int n, complex b = c0, complex c = c0);
      |                                  ^~
      |                                  tm
src_v4.5.7/comm/mymatrix.h:44:54: error: expected primary-expression before ‘v’
   44 | void vec3_dot_vec3array(complex *vm, vector3<double> v, complex **m, int n, complex b = c0, complex c = c0);
      |                                                      ^
src_v4.5.7/comm/mymatrix.h:44:57: error: reference to ‘complex’ is ambiguous
   44 | void vec3_dot_vec3array(complex *vm, vector3<double> v, complex **m, int n, complex b = c0, complex c = c0);
      |                                                         ^~~~~~~
/usr/include/c++/15.1.1/bits/stl_pair.h:105:11: note: candidates are: ‘template<class _Tp> class std::complex’
  105 |     class complex;
      |           ^~~~~~~
src_v4.5.7/comm/scalar.h:67:8: note:                 ‘struct complex’
   67 | struct complex
      |        ^~~~~~~
src_v4.5.7/comm/mymatrix.h:44:67: error: ‘m’ was not declared in this scope; did you mean ‘tm’?
   44 | void vec3_dot_vec3array(complex *vm, vector3<double> v, complex **m, int n, complex b = c0, complex c = c0);
      |                                                                   ^
      |                                                                   tm
src_v4.5.7/comm/mymatrix.h:44:70: error: expected primary-expression before ‘int’
   44 | void vec3_dot_vec3array(complex *vm, vector3<double> v, complex **m, int n, complex b = c0, complex c = c0);
      |                                                                      ^~~
src_v4.5.7/comm/mymatrix.h:44:77: error: reference to ‘complex’ is ambiguous
   44 | void vec3_dot_vec3array(complex *vm, vector3<double> v, complex **m, int n, complex b = c0, complex c = c0);
      |                                                                             ^~~~~~~
/usr/include/c++/15.1.1/bits/stl_pair.h:105:11: note: candidates are: ‘template<class _Tp> class std::complex’
  105 |     class complex;
      |           ^~~~~~~
src_v4.5.7/comm/scalar.h:67:8: note:                 ‘struct complex’
   67 | struct complex
      |        ^~~~~~~
src_v4.5.7/comm/mymatrix.h:44:93: error: reference to ‘complex’ is ambiguous
   44 | void vec3_dot_vec3array(complex *vm, vector3<double> v, complex **m, int n, complex b = c0, complex c = c0);
      |                                                                                             ^~~~~~~
/usr/include/c++/15.1.1/bits/stl_pair.h:105:11: note: candidates are: ‘template<class _Tp> class std::complex’
  105 |     class complex;
      |           ^~~~~~~
src_v4.5.7/comm/scalar.h:67:8: note:                 ‘struct complex’
   67 | struct complex
      |        ^~~~~~~
src_v4.5.7/comm/mymatrix.h:45:6: error: variable or field ‘vec3_dot_vec3array’ declared void
   45 | void vec3_dot_vec3array(complex *vm, vector3<complex> v, complex **m, int n, complex b = c0, complex c = c0); // m[3][]
      |      ^~~~~~~~~~~~~~~~~~
src_v4.5.7/comm/mymatrix.h:45:25: error: reference to ‘complex’ is ambiguous
   45 | void vec3_dot_vec3array(complex *vm, vector3<complex> v, complex **m, int n, complex b = c0, complex c = c0); // m[3][]
      |                         ^~~~~~~
/usr/include/c++/15.1.1/bits/stl_pair.h:105:11: note: candidates are: ‘template<class _Tp> class std::complex’
  105 |     class complex;
      |           ^~~~~~~
src_v4.5.7/comm/scalar.h:67:8: note:                 ‘struct complex’
   67 | struct complex
      |        ^~~~~~~
src_v4.5.7/comm/mymatrix.h:45:34: error: ‘vm’ was not declared in this scope; did you mean ‘tm’?
   45 | void vec3_dot_vec3array(complex *vm, vector3<complex> v, complex **m, int n, complex b = c0, complex c = c0); // m[3][]
      |                                  ^~
      |                                  tm
src_v4.5.7/comm/mymatrix.h:45:53: error: template argument 1 is invalid
   45 | void vec3_dot_vec3array(complex *vm, vector3<complex> v, complex **m, int n, complex b = c0, complex c = c0); // m[3][]
      |                                                     ^
src_v4.5.7/comm/mymatrix.h:45:58: error: reference to ‘complex’ is ambiguous
   45 | void vec3_dot_vec3array(complex *vm, vector3<complex> v, complex **m, int n, complex b = c0, complex c = c0); // m[3][]
      |                                                          ^~~~~~~
/usr/include/c++/15.1.1/bits/stl_pair.h:105:11: note: candidates are: ‘template<class _Tp> class std::complex’
  105 |     class complex;
      |           ^~~~~~~
src_v4.5.7/comm/scalar.h:67:8: note:                 ‘struct complex’
   67 | struct complex
      |        ^~~~~~~
src_v4.5.7/comm/mymatrix.h:45:68: error: ‘m’ was not declared in this scope; did you mean ‘tm’?
   45 | void vec3_dot_vec3array(complex *vm, vector3<complex> v, complex **m, int n, complex b = c0, complex c = c0); // m[3][]
      |                                                                    ^
      |                                                                    tm
src_v4.5.7/comm/mymatrix.h:45:71: error: expected primary-expression before ‘int’
   45 | void vec3_dot_vec3array(complex *vm, vector3<complex> v, complex **m, int n, complex b = c0, complex c = c0); // m[3][]
      |                                                                       ^~~
src_v4.5.7/comm/mymatrix.h:45:78: error: reference to ‘complex’ is ambiguous
   45 | void vec3_dot_vec3array(complex *vm, vector3<complex> v, complex **m, int n, complex b = c0, complex c = c0); // m[3][]
      |                                                                              ^~~~~~~
/usr/include/c++/15.1.1/bits/stl_pair.h:105:11: note: candidates are: ‘template<class _Tp> class std::complex’
  105 |     class complex;
      |           ^~~~~~~
src_v4.5.7/comm/scalar.h:67:8: note:                 ‘struct complex’
   67 | struct complex
      |        ^~~~~~~
src_v4.5.7/comm/mymatrix.h:45:94: error: reference to ‘complex’ is ambiguous
   45 | void vec3_dot_vec3array(complex *vm, vector3<complex> v, complex **m, int n, complex b = c0, complex c = c0); // m[3][]
      |                                                                                              ^~~~~~~
/usr/include/c++/15.1.1/bits/stl_pair.h:105:11: note: candidates are: ‘template<class _Tp> class std::complex’
  105 |     class complex;
      |           ^~~~~~~
src_v4.5.7/comm/scalar.h:67:8: note:                 ‘struct complex’
   67 | struct complex
      |        ^~~~~~~
src_v4.5.7/comm/mymatrix.h:48:6: error: variable or field ‘trunc_copy_mat’ declared void
   48 | void trunc_copy_mat(complex *b, complex *a, int n, int i0, int i1, int j0, int j1);
      |      ^~~~~~~~~~~~~~
src_v4.5.7/comm/mymatrix.h:48:21: error: reference to ‘complex’ is ambiguous
   48 | void trunc_copy_mat(complex *b, complex *a, int n, int i0, int i1, int j0, int j1);
      |                     ^~~~~~~
/usr/include/c++/15.1.1/bits/stl_pair.h:105:11: note: candidates are: ‘template<class _Tp> class std::complex’
  105 |     class complex;
      |           ^~~~~~~
src_v4.5.7/comm/scalar.h:67:8: note:                 ‘struct complex’
   67 | struct complex
      |        ^~~~~~~
src_v4.5.7/comm/mymatrix.h:48:30: error: ‘b’ was not declared in this scope
   48 | void trunc_copy_mat(complex *b, complex *a, int n, int i0, int i1, int j0, int j1);
      |                              ^
src_v4.5.7/comm/mymatrix.h:48:33: error: reference to ‘complex’ is ambiguous
   48 | void trunc_copy_mat(complex *b, complex *a, int n, int i0, int i1, int j0, int j1);
      |                                 ^~~~~~~
/usr/include/c++/15.1.1/bits/stl_pair.h:105:11: note: candidates are: ‘template<class _Tp> class std::complex’
  105 |     class complex;
      |           ^~~~~~~
src_v4.5.7/comm/scalar.h:67:8: note:                 ‘struct complex’
   67 | struct complex
      |        ^~~~~~~
src_v4.5.7/comm/mymatrix.h:48:42: error: ‘a’ was not declared in this scope
   48 | void trunc_copy_mat(complex *b, complex *a, int n, int i0, int i1, int j0, int j1);
      |                                          ^
src_v4.5.7/comm/mymatrix.h:48:45: error: expected primary-expression before ‘int’
   48 | void trunc_copy_mat(complex *b, complex *a, int n, int i0, int i1, int j0, int j1);
      |                                             ^~~
src_v4.5.7/comm/mymatrix.h:48:52: error: expected primary-expression before ‘int’
   48 | void trunc_copy_mat(complex *b, complex *a, int n, int i0, int i1, int j0, int j1);
      |                                                    ^~~
src_v4.5.7/comm/mymatrix.h:48:60: error: expected primary-expression before ‘int’
   48 | void trunc_copy_mat(complex *b, complex *a, int n, int i0, int i1, int j0, int j1);
      |                                                            ^~~
src_v4.5.7/comm/mymatrix.h:48:68: error: expected primary-expression before ‘int’
   48 | void trunc_copy_mat(complex *b, complex *a, int n, int i0, int i1, int j0, int j1);
      |                                                                    ^~~
src_v4.5.7/comm/mymatrix.h:48:76: error: expected primary-expression before ‘int’
   48 | void trunc_copy_mat(complex *b, complex *a, int n, int i0, int i1, int j0, int j1);
      |                                                                            ^~~
src_v4.5.7/comm/mymatrix.h:49:1: error: reference to ‘complex’ is ambiguous
   49 | complex* trunc_alloccopy_mat(complex* arr, int n, int i0, int i1, int j0, int j1);
      | ^~~~~~~
/usr/include/c++/15.1.1/bits/stl_pair.h:105:11: note: candidates are: ‘template<class _Tp> class std::complex’
  105 |     class complex;
      |           ^~~~~~~
src_v4.5.7/comm/scalar.h:67:8: note:                 ‘struct complex’
   67 | struct complex
      |        ^~~~~~~
src_v4.5.7/comm/mymatrix.h:51:6: error: variable or field ‘set_mat’ declared void
   51 | void set_mat(complex *b, complex *a, int n, int i0, int i1, int j0, int j1);
      |      ^~~~~~~
src_v4.5.7/comm/mymatrix.h:51:14: error: reference to ‘complex’ is ambiguous
   51 | void set_mat(complex *b, complex *a, int n, int i0, int i1, int j0, int j1);
      |              ^~~~~~~
/usr/include/c++/15.1.1/bits/stl_pair.h:105:11: note: candidates are: ‘template<class _Tp> class std::complex’
  105 |     class complex;
      |           ^~~~~~~
src_v4.5.7/comm/scalar.h:67:8: note:                 ‘struct complex’
   67 | struct complex
      |        ^~~~~~~
src_v4.5.7/comm/mymatrix.h:51:23: error: ‘b’ was not declared in this scope
   51 | void set_mat(complex *b, complex *a, int n, int i0, int i1, int j0, int j1);
      |                       ^
src_v4.5.7/comm/mymatrix.h:51:26: error: reference to ‘complex’ is ambiguous
   51 | void set_mat(complex *b, complex *a, int n, int i0, int i1, int j0, int j1);
      |                          ^~~~~~~
/usr/include/c++/15.1.1/bits/stl_pair.h:105:11: note: candidates are: ‘template<class _Tp> class std::complex’
  105 |     class complex;
      |           ^~~~~~~
src_v4.5.7/comm/scalar.h:67:8: note:                 ‘struct complex’
   67 | struct complex
      |        ^~~~~~~
src_v4.5.7/comm/mymatrix.h:51:35: error: ‘a’ was not declared in this scope
   51 | void set_mat(complex *b, complex *a, int n, int i0, int i1, int j0, int j1);
      |                                   ^
src_v4.5.7/comm/mymatrix.h:51:38: error: expected primary-expression before ‘int’
   51 | void set_mat(complex *b, complex *a, int n, int i0, int i1, int j0, int j1);
      |                                      ^~~
src_v4.5.7/comm/mymatrix.h:51:45: error: expected primary-expression before ‘int’
   51 | void set_mat(complex *b, complex *a, int n, int i0, int i1, int j0, int j1);
      |                                             ^~~
src_v4.5.7/comm/mymatrix.h:51:53: error: expected primary-expression before ‘int’
   51 | void set_mat(complex *b, complex *a, int n, int i0, int i1, int j0, int j1);
      |                                                     ^~~
src_v4.5.7/comm/mymatrix.h:51:61: error: expected primary-expression before ‘int’
   51 | void set_mat(complex *b, complex *a, int n, int i0, int i1, int j0, int j1);
      |                                                             ^~~
src_v4.5.7/comm/mymatrix.h:51:69: error: expected primary-expression before ‘int’
   51 | void set_mat(complex *b, complex *a, int n, int i0, int i1, int j0, int j1);
      |                                                                     ^~~
src_v4.5.7/comm/mymatrix.h:54:1: error: reference to ‘complex’ is ambiguous
   54 | complex** trunc_alloccopy_arraymat(complex** arr, int n1, int n2, int bStart, int bEnd);
      | ^~~~~~~
/usr/include/c++/15.1.1/bits/stl_pair.h:105:11: note: candidates are: ‘template<class _Tp> class std::complex’
  105 |     class complex;
      |           ^~~~~~~
src_v4.5.7/comm/scalar.h:67:8: note:                 ‘struct complex’
   67 | struct complex
      |        ^~~~~~~
src_v4.5.7/comm/mymatrix.h:55:6: error: variable or field ‘trunc_copy_arraymat’ declared void
   55 | void trunc_copy_arraymat(complex** A, complex **B, int n1, int n2, int bStart, int bEnd);
      |      ^~~~~~~~~~~~~~~~~~~
src_v4.5.7/comm/mymatrix.h:55:26: error: reference to ‘complex’ is ambiguous
   55 | void trunc_copy_arraymat(complex** A, complex **B, int n1, int n2, int bStart, int bEnd);
      |                          ^~~~~~~
/usr/include/c++/15.1.1/bits/stl_pair.h:105:11: note: candidates are: ‘template<class _Tp> class std::complex’
  105 |     class complex;
      |           ^~~~~~~
src_v4.5.7/comm/scalar.h:67:8: note:                 ‘struct complex’
   67 | struct complex
      |        ^~~~~~~
src_v4.5.7/comm/mymatrix.h:55:36: error: ‘A’ was not declared in this scope
   55 | void trunc_copy_arraymat(complex** A, complex **B, int n1, int n2, int bStart, int bEnd);
      |                                    ^
src_v4.5.7/comm/mymatrix.h:55:39: error: reference to ‘complex’ is ambiguous
   55 | void trunc_copy_arraymat(complex** A, complex **B, int n1, int n2, int bStart, int bEnd);
      |                                       ^~~~~~~
/usr/include/c++/15.1.1/bits/stl_pair.h:105:11: note: candidates are: ‘template<class _Tp> class std::complex’
  105 |     class complex;
      |           ^~~~~~~
src_v4.5.7/comm/scalar.h:67:8: note:                 ‘struct complex’
   67 | struct complex
      |        ^~~~~~~
src_v4.5.7/comm/mymatrix.h:55:49: error: ‘B’ was not declared in this scope
   55 | void trunc_copy_arraymat(complex** A, complex **B, int n1, int n2, int bStart, int bEnd);
      |                                                 ^
src_v4.5.7/comm/mymatrix.h:55:52: error: expected primary-expression before ‘int’
   55 | void trunc_copy_arraymat(complex** A, complex **B, int n1, int n2, int bStart, int bEnd);
      |                                                    ^~~
src_v4.5.7/comm/mymatrix.h:55:60: error: expected primary-expression before ‘int’
   55 | void trunc_copy_arraymat(complex** A, complex **B, int n1, int n2, int bStart, int bEnd);
      |                                                            ^~~
src_v4.5.7/comm/mymatrix.h:55:68: error: expected primary-expression before ‘int’
   55 | void trunc_copy_arraymat(complex** A, complex **B, int n1, int n2, int bStart, int bEnd);
      |                                                                    ^~~
src_v4.5.7/comm/mymatrix.h:55:80: error: expected primary-expression before ‘int’
   55 | void trunc_copy_arraymat(complex** A, complex **B, int n1, int n2, int bStart, int bEnd);
      |                                                                                ^~~
src_v4.5.7/comm/mymatrix.h:57:6: error: variable or field ‘zeros_off_diag’ declared void
   57 | void zeros_off_diag(complex* a, int n);
      |      ^~~~~~~~~~~~~~
src_v4.5.7/comm/mymatrix.h:57:21: error: reference to ‘complex’ is ambiguous
   57 | void zeros_off_diag(complex* a, int n);
      |                     ^~~~~~~
/usr/include/c++/15.1.1/bits/stl_pair.h:105:11: note: candidates are: ‘template<class _Tp> class std::complex’
  105 |     class complex;
      |           ^~~~~~~
src_v4.5.7/comm/scalar.h:67:8: note:                 ‘struct complex’
   67 | struct complex
      |        ^~~~~~~
src_v4.5.7/comm/mymatrix.h:57:30: error: ‘a’ was not declared in this scope
   57 | void zeros_off_diag(complex* a, int n);
      |                              ^
src_v4.5.7/comm/mymatrix.h:57:33: error: expected primary-expression before ‘int’
   57 | void zeros_off_diag(complex* a, int n);
      |                                 ^~~
src_v4.5.7/comm/mymatrix.h:58:6: error: variable or field ‘zeros_off_diag’ declared void
   58 | void zeros_off_diag(complex** arr, int n1, int n2);
      |      ^~~~~~~~~~~~~~
src_v4.5.7/comm/mymatrix.h:58:21: error: reference to ‘complex’ is ambiguous
   58 | void zeros_off_diag(complex** arr, int n1, int n2);
      |                     ^~~~~~~
/usr/include/c++/15.1.1/bits/stl_pair.h:105:11: note: candidates are: ‘template<class _Tp> class std::complex’
  105 |     class complex;
      |           ^~~~~~~
src_v4.5.7/comm/scalar.h:67:8: note:                 ‘struct complex’
   67 | struct complex
      |        ^~~~~~~
src_v4.5.7/comm/mymatrix.h:58:31: error: ‘arr’ was not declared in this scope; did you mean ‘arg’?
   58 | void zeros_off_diag(complex** arr, int n1, int n2);
      |                               ^~~
      |                               arg
src_v4.5.7/comm/mymatrix.h:58:36: error: expected primary-expression before ‘int’
   58 | void zeros_off_diag(complex** arr, int n1, int n2);
      |                                    ^~~
src_v4.5.7/comm/mymatrix.h:58:44: error: expected primary-expression before ‘int’
   58 | void zeros_off_diag(complex** arr, int n1, int n2);
      |                                            ^~~
src_v4.5.7/comm/mymatrix.h:60:6: error: variable or field ‘transpose’ declared void
   60 | void transpose(complex *m, complex *t, int n);
      |      ^~~~~~~~~
src_v4.5.7/comm/mymatrix.h:60:16: error: reference to ‘complex’ is ambiguous
   60 | void transpose(complex *m, complex *t, int n);
      |                ^~~~~~~
/usr/include/c++/15.1.1/bits/stl_pair.h:105:11: note: candidates are: ‘template<class _Tp> class std::complex’
  105 |     class complex;
      |           ^~~~~~~
src_v4.5.7/comm/scalar.h:67:8: note:                 ‘struct complex’
   67 | struct complex
      |        ^~~~~~~
src_v4.5.7/comm/mymatrix.h:60:25: error: ‘m’ was not declared in this scope; did you mean ‘tm’?
   60 | void transpose(complex *m, complex *t, int n);
      |                         ^
      |                         tm
src_v4.5.7/comm/mymatrix.h:60:28: error: reference to ‘complex’ is ambiguous
   60 | void transpose(complex *m, complex *t, int n);
      |                            ^~~~~~~
/usr/include/c++/15.1.1/bits/stl_pair.h:105:11: note: candidates are: ‘template<class _Tp> class std::complex’
  105 |     class complex;
      |           ^~~~~~~
src_v4.5.7/comm/scalar.h:67:8: note:                 ‘struct complex’
   67 | struct complex
      |        ^~~~~~~
src_v4.5.7/comm/mymatrix.h:60:37: error: ‘t’ was not declared in this scope; did you mean ‘tm’?
   60 | void transpose(complex *m, complex *t, int n);
      |                                     ^
      |                                     tm
src_v4.5.7/comm/mymatrix.h:60:40: error: expected primary-expression before ‘int’
   60 | void transpose(complex *m, complex *t, int n);
      |                                        ^~~
src_v4.5.7/comm/mymatrix.h:61:6: error: variable or field ‘transpose’ declared void
   61 | void transpose(complex *a, complex *t, int m, int n);
      |      ^~~~~~~~~
src_v4.5.7/comm/mymatrix.h:61:16: error: reference to ‘complex’ is ambiguous
   61 | void transpose(complex *a, complex *t, int m, int n);
      |                ^~~~~~~
/usr/include/c++/15.1.1/bits/stl_pair.h:105:11: note: candidates are: ‘template<class _Tp> class std::complex’
  105 |     class complex;
      |           ^~~~~~~
src_v4.5.7/comm/scalar.h:67:8: note:                 ‘struct complex’
   67 | struct complex
      |        ^~~~~~~
src_v4.5.7/comm/mymatrix.h:61:25: error: ‘a’ was not declared in this scope
   61 | void transpose(complex *a, complex *t, int m, int n);
      |                         ^
src_v4.5.7/comm/mymatrix.h:61:28: error: reference to ‘complex’ is ambiguous
   61 | void transpose(complex *a, complex *t, int m, int n);
      |                            ^~~~~~~
/usr/include/c++/15.1.1/bits/stl_pair.h:105:11: note: candidates are: ‘template<class _Tp> class std::complex’
  105 |     class complex;
      |           ^~~~~~~
src_v4.5.7/comm/scalar.h:67:8: note:                 ‘struct complex’
   67 | struct complex
      |        ^~~~~~~
src_v4.5.7/comm/mymatrix.h:61:37: error: ‘t’ was not declared in this scope; did you mean ‘tm’?
   61 | void transpose(complex *a, complex *t, int m, int n);
      |                                     ^
      |                                     tm
src_v4.5.7/comm/mymatrix.h:61:40: error: expected primary-expression before ‘int’
   61 | void transpose(complex *a, complex *t, int m, int n);
      |                                        ^~~
src_v4.5.7/comm/mymatrix.h:61:47: error: expected primary-expression before ‘int’
   61 | void transpose(complex *a, complex *t, int m, int n);
      |                                               ^~~
src_v4.5.7/comm/mymatrix.h:62:6: error: variable or field ‘hermite’ declared void
   62 | void hermite(complex *m, complex *h, int n);
      |      ^~~~~~~
src_v4.5.7/comm/mymatrix.h:62:14: error: reference to ‘complex’ is ambiguous
   62 | void hermite(complex *m, complex *h, int n);
      |              ^~~~~~~
/usr/include/c++/15.1.1/bits/stl_pair.h:105:11: note: candidates are: ‘template<class _Tp> class std::complex’
  105 |     class complex;
      |           ^~~~~~~
src_v4.5.7/comm/scalar.h:67:8: note:                 ‘struct complex’
   67 | struct complex
      |        ^~~~~~~
src_v4.5.7/comm/mymatrix.h:62:23: error: ‘m’ was not declared in this scope; did you mean ‘tm’?
   62 | void hermite(complex *m, complex *h, int n);
      |                       ^
      |                       tm
src_v4.5.7/comm/mymatrix.h:62:26: error: reference to ‘complex’ is ambiguous
   62 | void hermite(complex *m, complex *h, int n);
      |                          ^~~~~~~
/usr/include/c++/15.1.1/bits/stl_pair.h:105:11: note: candidates are: ‘template<class _Tp> class std::complex’
  105 |     class complex;
      |           ^~~~~~~
src_v4.5.7/comm/scalar.h:67:8: note:                 ‘struct complex’
   67 | struct complex
      |        ^~~~~~~
src_v4.5.7/comm/mymatrix.h:62:35: error: ‘h’ was not declared in this scope
   62 | void hermite(complex *m, complex *h, int n);
      |                                   ^
src_v4.5.7/comm/mymatrix.h:62:38: error: expected primary-expression before ‘int’
   62 | void hermite(complex *m, complex *h, int n);
      |                                      ^~~
src_v4.5.7/comm/mymatrix.h:63:6: error: variable or field ‘hermite’ declared void
   63 | void hermite(complex *a, complex *h, int m, int n);
      |      ^~~~~~~
src_v4.5.7/comm/mymatrix.h:63:14: error: reference to ‘complex’ is ambiguous
   63 | void hermite(complex *a, complex *h, int m, int n);
      |              ^~~~~~~
/usr/include/c++/15.1.1/bits/stl_pair.h:105:11: note: candidates are: ‘template<class _Tp> class std::complex’
  105 |     class complex;
      |           ^~~~~~~
src_v4.5.7/comm/scalar.h:67:8: note:                 ‘struct complex’
   67 | struct complex
      |        ^~~~~~~
src_v4.5.7/comm/mymatrix.h:63:23: error: ‘a’ was not declared in this scope
   63 | void hermite(complex *a, complex *h, int m, int n);
      |                       ^
src_v4.5.7/comm/mymatrix.h:63:26: error: reference to ‘complex’ is ambiguous
   63 | void hermite(complex *a, complex *h, int m, int n);
      |                          ^~~~~~~
/usr/include/c++/15.1.1/bits/stl_pair.h:105:11: note: candidates are: ‘template<class _Tp> class std::complex’
  105 |     class complex;
      |           ^~~~~~~
src_v4.5.7/comm/scalar.h:67:8: note:                 ‘struct complex’
   67 | struct complex
      |        ^~~~~~~
src_v4.5.7/comm/mymatrix.h:63:35: error: ‘h’ was not declared in this scope
   63 | void hermite(complex *a, complex *h, int m, int n);
      |                                   ^
src_v4.5.7/comm/mymatrix.h:63:38: error: expected primary-expression before ‘int’
   63 | void hermite(complex *a, complex *h, int m, int n);
      |                                      ^~~
src_v4.5.7/comm/mymatrix.h:63:45: error: expected primary-expression before ‘int’
   63 | void hermite(complex *a, complex *h, int m, int n);
      |                                             ^~~
src_v4.5.7/comm/mymatrix.h:65:6: error: variable or field ‘commutator_zhemm’ declared void
   65 | void commutator_zhemm(complex *C, complex *A, complex *B, int n, complex alpha = c1);
      |      ^~~~~~~~~~~~~~~~
src_v4.5.7/comm/mymatrix.h:65:23: error: reference to ‘complex’ is ambiguous
   65 | void commutator_zhemm(complex *C, complex *A, complex *B, int n, complex alpha = c1);
      |                       ^~~~~~~
/usr/include/c++/15.1.1/bits/stl_pair.h:105:11: note: candidates are: ‘template<class _Tp> class std::complex’
  105 |     class complex;
      |           ^~~~~~~
src_v4.5.7/comm/scalar.h:67:8: note:                 ‘struct complex’
   67 | struct complex
      |        ^~~~~~~
src_v4.5.7/comm/mymatrix.h:65:32: error: ‘C’ was not declared in this scope
   65 | void commutator_zhemm(complex *C, complex *A, complex *B, int n, complex alpha = c1);
      |                                ^
src_v4.5.7/comm/mymatrix.h:65:35: error: reference to ‘complex’ is ambiguous
   65 | void commutator_zhemm(complex *C, complex *A, complex *B, int n, complex alpha = c1);
      |                                   ^~~~~~~
/usr/include/c++/15.1.1/bits/stl_pair.h:105:11: note: candidates are: ‘template<class _Tp> class std::complex’
  105 |     class complex;
      |           ^~~~~~~
src_v4.5.7/comm/scalar.h:67:8: note:                 ‘struct complex’
   67 | struct complex
      |        ^~~~~~~
src_v4.5.7/comm/mymatrix.h:65:44: error: ‘A’ was not declared in this scope
   65 | void commutator_zhemm(complex *C, complex *A, complex *B, int n, complex alpha = c1);
      |                                            ^
src_v4.5.7/comm/mymatrix.h:65:47: error: reference to ‘complex’ is ambiguous
   65 | void commutator_zhemm(complex *C, complex *A, complex *B, int n, complex alpha = c1);
      |                                               ^~~~~~~
/usr/include/c++/15.1.1/bits/stl_pair.h:105:11: note: candidates are: ‘template<class _Tp> class std::complex’
  105 |     class complex;
      |           ^~~~~~~
src_v4.5.7/comm/scalar.h:67:8: note:                 ‘struct complex’
   67 | struct complex
      |        ^~~~~~~
src_v4.5.7/comm/mymatrix.h:65:56: error: ‘B’ was not declared in this scope
   65 | void commutator_zhemm(complex *C, complex *A, complex *B, int n, complex alpha = c1);
      |                                                        ^
src_v4.5.7/comm/mymatrix.h:65:59: error: expected primary-expression before ‘int’
   65 | void commutator_zhemm(complex *C, complex *A, complex *B, int n, complex alpha = c1);
      |                                                           ^~~
src_v4.5.7/comm/mymatrix.h:65:66: error: reference to ‘complex’ is ambiguous
   65 | void commutator_zhemm(complex *C, complex *A, complex *B, int n, complex alpha = c1);
      |                                                                  ^~~~~~~
/usr/include/c++/15.1.1/bits/stl_pair.h:105:11: note: candidates are: ‘template<class _Tp> class std::complex’
  105 |     class complex;
      |           ^~~~~~~
src_v4.5.7/comm/scalar.h:67:8: note:                 ‘struct complex’
   67 | struct complex
      |        ^~~~~~~
src_v4.5.7/comm/mymatrix.h:66:6: error: variable or field ‘commutator_zgemm’ declared void
   66 | void commutator_zgemm(complex *C, complex *A, complex *B, int n, complex alpha = c1); // seems not physical
      |      ^~~~~~~~~~~~~~~~
src_v4.5.7/comm/mymatrix.h:66:23: error: reference to ‘complex’ is ambiguous
   66 | void commutator_zgemm(complex *C, complex *A, complex *B, int n, complex alpha = c1); // seems not physical
      |                       ^~~~~~~
/usr/include/c++/15.1.1/bits/stl_pair.h:105:11: note: candidates are: ‘template<class _Tp> class std::complex’
  105 |     class complex;
      |           ^~~~~~~
src_v4.5.7/comm/scalar.h:67:8: note:                 ‘struct complex’
   67 | struct complex
      |        ^~~~~~~
src_v4.5.7/comm/mymatrix.h:66:32: error: ‘C’ was not declared in this scope
   66 | void commutator_zgemm(complex *C, complex *A, complex *B, int n, complex alpha = c1); // seems not physical
      |                                ^
src_v4.5.7/comm/mymatrix.h:66:35: error: reference to ‘complex’ is ambiguous
   66 | void commutator_zgemm(complex *C, complex *A, complex *B, int n, complex alpha = c1); // seems not physical
      |                                   ^~~~~~~
/usr/include/c++/15.1.1/bits/stl_pair.h:105:11: note: candidates are: ‘template<class _Tp> class std::complex’
  105 |     class complex;
      |           ^~~~~~~
src_v4.5.7/comm/scalar.h:67:8: note:                 ‘struct complex’
   67 | struct complex
      |        ^~~~~~~
src_v4.5.7/comm/mymatrix.h:66:44: error: ‘A’ was not declared in this scope
   66 | void commutator_zgemm(complex *C, complex *A, complex *B, int n, complex alpha = c1); // seems not physical
      |                                            ^
src_v4.5.7/comm/mymatrix.h:66:47: error: reference to ‘complex’ is ambiguous
   66 | void commutator_zgemm(complex *C, complex *A, complex *B, int n, complex alpha = c1); // seems not physical
      |                                               ^~~~~~~
/usr/include/c++/15.1.1/bits/stl_pair.h:105:11: note: candidates are: ‘template<class _Tp> class std::complex’
  105 |     class complex;
      |           ^~~~~~~
src_v4.5.7/comm/scalar.h:67:8: note:                 ‘struct complex’
   67 | struct complex
      |        ^~~~~~~
src_v4.5.7/comm/mymatrix.h:66:56: error: ‘B’ was not declared in this scope
   66 | void commutator_zgemm(complex *C, complex *A, complex *B, int n, complex alpha = c1); // seems not physical
      |                                                        ^
src_v4.5.7/comm/mymatrix.h:66:59: error: expected primary-expression before ‘int’
   66 | void commutator_zgemm(complex *C, complex *A, complex *B, int n, complex alpha = c1); // seems not physical
      |                                                           ^~~
src_v4.5.7/comm/mymatrix.h:66:66: error: reference to ‘complex’ is ambiguous
   66 | void commutator_zgemm(complex *C, complex *A, complex *B, int n, complex alpha = c1); // seems not physical
      |                                                                  ^~~~~~~
/usr/include/c++/15.1.1/bits/stl_pair.h:105:11: note: candidates are: ‘template<class _Tp> class std::complex’
  105 |     class complex;
      |           ^~~~~~~
src_v4.5.7/comm/scalar.h:67:8: note:                 ‘struct complex’
   67 | struct complex
      |        ^~~~~~~
src_v4.5.7/comm/mymatrix.h:67:6: error: variable or field ‘commutator_mat_diag’ declared void
   67 | void commutator_mat_diag(complex *C, complex *A, double *B, int n, complex alpha = c1);
      |      ^~~~~~~~~~~~~~~~~~~
src_v4.5.7/comm/mymatrix.h:67:26: error: reference to ‘complex’ is ambiguous
   67 | void commutator_mat_diag(complex *C, complex *A, double *B, int n, complex alpha = c1);
      |                          ^~~~~~~
/usr/include/c++/15.1.1/bits/stl_pair.h:105:11: note: candidates are: ‘template<class _Tp> class std::complex’
  105 |     class complex;
      |           ^~~~~~~
src_v4.5.7/comm/scalar.h:67:8: note:                 ‘struct complex’
   67 | struct complex
      |        ^~~~~~~
src_v4.5.7/comm/mymatrix.h:67:35: error: ‘C’ was not declared in this scope
   67 | void commutator_mat_diag(complex *C, complex *A, double *B, int n, complex alpha = c1);
      |                                   ^
src_v4.5.7/comm/mymatrix.h:67:38: error: reference to ‘complex’ is ambiguous
   67 | void commutator_mat_diag(complex *C, complex *A, double *B, int n, complex alpha = c1);
      |                                      ^~~~~~~
/usr/include/c++/15.1.1/bits/stl_pair.h:105:11: note: candidates are: ‘template<class _Tp> class std::complex’
  105 |     class complex;
      |           ^~~~~~~
src_v4.5.7/comm/scalar.h:67:8: note:                 ‘struct complex’
   67 | struct complex
      |        ^~~~~~~
src_v4.5.7/comm/mymatrix.h:67:47: error: ‘A’ was not declared in this scope
   67 | void commutator_mat_diag(complex *C, complex *A, double *B, int n, complex alpha = c1);
      |                                               ^
src_v4.5.7/comm/mymatrix.h:67:50: error: expected primary-expression before ‘double’
   67 | void commutator_mat_diag(complex *C, complex *A, double *B, int n, complex alpha = c1);
      |                                                  ^~~~~~
src_v4.5.7/comm/mymatrix.h:67:61: error: expected primary-expression before ‘int’
   67 | void commutator_mat_diag(complex *C, complex *A, double *B, int n, complex alpha = c1);
      |                                                             ^~~
src_v4.5.7/comm/mymatrix.h:67:68: error: reference to ‘complex’ is ambiguous
   67 | void commutator_mat_diag(complex *C, complex *A, double *B, int n, complex alpha = c1);
      |                                                                    ^~~~~~~
/usr/include/c++/15.1.1/bits/stl_pair.h:105:11: note: candidates are: ‘template<class _Tp> class std::complex’
  105 |     class complex;
      |           ^~~~~~~
src_v4.5.7/comm/scalar.h:67:8: note:                 ‘struct complex’
   67 | struct complex
      |        ^~~~~~~
src_v4.5.7/comm/mymatrix.h:68:6: error: variable or field ‘commutator_mat_diag’ declared void
   68 | void commutator_mat_diag(complex *C, double *A, complex *B, int n, complex alpha = c1);
      |      ^~~~~~~~~~~~~~~~~~~
src_v4.5.7/comm/mymatrix.h:68:26: error: reference to ‘complex’ is ambiguous
   68 | void commutator_mat_diag(complex *C, double *A, complex *B, int n, complex alpha = c1);
      |                          ^~~~~~~
/usr/include/c++/15.1.1/bits/stl_pair.h:105:11: note: candidates are: ‘template<class _Tp> class std::complex’
  105 |     class complex;
      |           ^~~~~~~
src_v4.5.7/comm/scalar.h:67:8: note:                 ‘struct complex’
   67 | struct complex
      |        ^~~~~~~
src_v4.5.7/comm/mymatrix.h:68:35: error: ‘C’ was not declared in this scope
   68 | void commutator_mat_diag(complex *C, double *A, complex *B, int n, complex alpha = c1);
      |                                   ^
src_v4.5.7/comm/mymatrix.h:68:38: error: expected primary-expression before ‘double’
   68 | void commutator_mat_diag(complex *C, double *A, complex *B, int n, complex alpha = c1);
      |                                      ^~~~~~
src_v4.5.7/comm/mymatrix.h:68:49: error: reference to ‘complex’ is ambiguous
   68 | void commutator_mat_diag(complex *C, double *A, complex *B, int n, complex alpha = c1);
      |                                                 ^~~~~~~
/usr/include/c++/15.1.1/bits/stl_pair.h:105:11: note: candidates are: ‘template<class _Tp> class std::complex’
  105 |     class complex;
      |           ^~~~~~~
src_v4.5.7/comm/scalar.h:67:8: note:                 ‘struct complex’
   67 | struct complex
      |        ^~~~~~~
src_v4.5.7/comm/mymatrix.h:68:58: error: ‘B’ was not declared in this scope
   68 | void commutator_mat_diag(complex *C, double *A, complex *B, int n, complex alpha = c1);
      |                                                          ^
src_v4.5.7/comm/mymatrix.h:68:61: error: expected primary-expression before ‘int’
   68 | void commutator_mat_diag(complex *C, double *A, complex *B, int n, complex alpha = c1);
      |                                                             ^~~
src_v4.5.7/comm/mymatrix.h:68:68: error: reference to ‘complex’ is ambiguous
   68 | void commutator_mat_diag(complex *C, double *A, complex *B, int n, complex alpha = c1);
      |                                                                    ^~~~~~~
/usr/include/c++/15.1.1/bits/stl_pair.h:105:11: note: candidates are: ‘template<class _Tp> class std::complex’
  105 |     class complex;
      |           ^~~~~~~
src_v4.5.7/comm/scalar.h:67:8: note:                 ‘struct complex’
   67 | struct complex
      |        ^~~~~~~
src_v4.5.7/comm/mymatrix.h:69:14: error: ‘double trace’ redeclared as different kind of entity
   69 | double trace(complex *m, int n);
      |              ^~~~~~~
src_v4.5.7/comm/matrix3.h:275:49: note: previous declaration ‘template<class scalar> scalar trace(const matrix3<scalar>&)’
  275 | template<typename scalar> __hostanddev__ scalar trace(const matrix3<scalar> &m) { return m(0,0)+m(1,1)+m(2,2); } //!< Trace of matrix
      |                                                 ^~~~~
src_v4.5.7/comm/mymatrix.h:69:14: error: reference to ‘complex’ is ambiguous
   69 | double trace(complex *m, int n);
      |              ^~~~~~~
/usr/include/c++/15.1.1/bits/stl_pair.h:105:11: note: candidates are: ‘template<class _Tp> class std::complex’
  105 |     class complex;
      |           ^~~~~~~
src_v4.5.7/comm/scalar.h:67:8: note:                 ‘struct complex’
   67 | struct complex
      |        ^~~~~~~
src_v4.5.7/comm/mymatrix.h:69:23: error: ‘m’ was not declared in this scope; did you mean ‘tm’?
   69 | double trace(complex *m, int n);
      |                       ^
      |                       tm
src_v4.5.7/comm/mymatrix.h:69:26: error: expected primary-expression before ‘int’
   69 | double trace(complex *m, int n);
      |                          ^~~
src_v4.5.7/comm/mymatrix.h:70:21: error: reference to ‘complex’ is ambiguous
   70 | double trace_square(complex *m, int n);
      |                     ^~~~~~~
/usr/include/c++/15.1.1/bits/stl_pair.h:105:11: note: candidates are: ‘template<class _Tp> class std::complex’
  105 |     class complex;
      |           ^~~~~~~
src_v4.5.7/comm/scalar.h:67:8: note:                 ‘struct complex’
   67 | struct complex
      |        ^~~~~~~
src_v4.5.7/comm/mymatrix.h:70:30: error: ‘m’ was not declared in this scope; did you mean ‘tm’?
   70 | double trace_square(complex *m, int n);
      |                              ^
      |                              tm
src_v4.5.7/comm/mymatrix.h:70:33: error: expected primary-expression before ‘int’
   70 | double trace_square(complex *m, int n);
      |                                 ^~~
src_v4.5.7/comm/mymatrix.h:70:38: error: expression list treated as compound expression in initializer [-fpermissive]
   70 | double trace_square(complex *m, int n);
      |                                      ^
src_v4.5.7/comm/mymatrix.h:71:29: error: reference to ‘complex’ is ambiguous
   71 | double trace_square_hermite(complex *m, int n);
      |                             ^~~~~~~
/usr/include/c++/15.1.1/bits/stl_pair.h:105:11: note: candidates are: ‘template<class _Tp> class std::complex’
  105 |     class complex;
      |           ^~~~~~~
src_v4.5.7/comm/scalar.h:67:8: note:                 ‘struct complex’
   67 | struct complex
      |        ^~~~~~~
src_v4.5.7/comm/mymatrix.h:71:38: error: ‘m’ was not declared in this scope; did you mean ‘tm’?
   71 | double trace_square_hermite(complex *m, int n);
      |                                      ^
      |                                      tm
src_v4.5.7/comm/mymatrix.h:71:41: error: expected primary-expression before ‘int’
   71 | double trace_square_hermite(complex *m, int n);
      |                                         ^~~
src_v4.5.7/comm/mymatrix.h:71:46: error: expression list treated as compound expression in initializer [-fpermissive]
   71 | double trace_square_hermite(complex *m, int n);
      |                                              ^
src_v4.5.7/comm/mymatrix.h:72:14: error: ‘double trace’ redeclared as different kind of entity
   72 | double trace(complex **m, int n1, int n);
      |              ^~~~~~~
src_v4.5.7/comm/matrix3.h:275:49: note: previous declaration ‘template<class scalar> scalar trace(const matrix3<scalar>&)’
  275 | template<typename scalar> __hostanddev__ scalar trace(const matrix3<scalar> &m) { return m(0,0)+m(1,1)+m(2,2); } //!< Trace of matrix
      |                                                 ^~~~~
src_v4.5.7/comm/mymatrix.h:72:14: error: reference to ‘complex’ is ambiguous
   72 | double trace(complex **m, int n1, int n);
      |              ^~~~~~~
/usr/include/c++/15.1.1/bits/stl_pair.h:105:11: note: candidates are: ‘template<class _Tp> class std::complex’
  105 |     class complex;
      |           ^~~~~~~
src_v4.5.7/comm/scalar.h:67:8: note:                 ‘struct complex’
   67 | struct complex
      |        ^~~~~~~
src_v4.5.7/comm/mymatrix.h:72:24: error: ‘m’ was not declared in this scope; did you mean ‘tm’?
   72 | double trace(complex **m, int n1, int n);
      |                        ^
      |                        tm
src_v4.5.7/comm/mymatrix.h:72:27: error: expected primary-expression before ‘int’
   72 | double trace(complex **m, int n1, int n);
      |                           ^~~
src_v4.5.7/comm/mymatrix.h:72:35: error: expected primary-expression before ‘int’
   72 | double trace(complex **m, int n1, int n);
      |                                   ^~~
src_v4.5.7/comm/mymatrix.h:73:8: error: redefinition of ‘double trace_square’
   73 | double trace_square(complex **m, int n1, int n);
      |        ^~~~~~~~~~~~
src_v4.5.7/comm/mymatrix.h:70:8: note: ‘double trace_square’ previously defined here
   70 | double trace_square(complex *m, int n);
      |        ^~~~~~~~~~~~
src_v4.5.7/comm/mymatrix.h:73:21: error: reference to ‘complex’ is ambiguous
   73 | double trace_square(complex **m, int n1, int n);
      |                     ^~~~~~~
/usr/include/c++/15.1.1/bits/stl_pair.h:105:11: note: candidates are: ‘template<class _Tp> class std::complex’
  105 |     class complex;
      |           ^~~~~~~
src_v4.5.7/comm/scalar.h:67:8: note:                 ‘struct complex’
   67 | struct complex
      |        ^~~~~~~
src_v4.5.7/comm/mymatrix.h:73:31: error: ‘m’ was not declared in this scope; did you mean ‘tm’?
   73 | double trace_square(complex **m, int n1, int n);
      |                               ^
      |                               tm
src_v4.5.7/comm/mymatrix.h:73:34: error: expected primary-expression before ‘int’
   73 | double trace_square(complex **m, int n1, int n);
      |                                  ^~~
src_v4.5.7/comm/mymatrix.h:73:42: error: expected primary-expression before ‘int’
   73 | double trace_square(complex **m, int n1, int n);
      |                                          ^~~
src_v4.5.7/comm/mymatrix.h:74:8: error: redefinition of ‘double trace_square_hermite’
   74 | double trace_square_hermite(complex **m, int n1, int n);
      |        ^~~~~~~~~~~~~~~~~~~~
src_v4.5.7/comm/mymatrix.h:71:8: note: ‘double trace_square_hermite’ previously defined here
   71 | double trace_square_hermite(complex *m, int n);
      |        ^~~~~~~~~~~~~~~~~~~~
src_v4.5.7/comm/mymatrix.h:74:29: error: reference to ‘complex’ is ambiguous
   74 | double trace_square_hermite(complex **m, int n1, int n);
      |                             ^~~~~~~
/usr/include/c++/15.1.1/bits/stl_pair.h:105:11: note: candidates are: ‘template<class _Tp> class std::complex’
  105 |     class complex;
      |           ^~~~~~~
src_v4.5.7/comm/scalar.h:67:8: note:                 ‘struct complex’
   67 | struct complex
      |        ^~~~~~~
src_v4.5.7/comm/mymatrix.h:74:39: error: ‘m’ was not declared in this scope; did you mean ‘tm’?
   74 | double trace_square_hermite(complex **m, int n1, int n);
      |                                       ^
      |                                       tm
src_v4.5.7/comm/mymatrix.h:74:42: error: expected primary-expression before ‘int’
   74 | double trace_square_hermite(complex **m, int n1, int n);
      |                                          ^~~
src_v4.5.7/comm/mymatrix.h:74:50: error: expected primary-expression before ‘int’
   74 | double trace_square_hermite(complex **m, int n1, int n);
      |                                                  ^~~
src_v4.5.7/comm/mymatrix.h:75:17: error: reference to ‘complex’ is ambiguous
   75 | double trace_AB(complex *A, complex *B, int n);
      |                 ^~~~~~~
/usr/include/c++/15.1.1/bits/stl_pair.h:105:11: note: candidates are: ‘template<class _Tp> class std::complex’
  105 |     class complex;
      |           ^~~~~~~
src_v4.5.7/comm/scalar.h:67:8: note:                 ‘struct complex’
   67 | struct complex
      |        ^~~~~~~
src_v4.5.7/comm/mymatrix.h:75:26: error: ‘A’ was not declared in this scope
   75 | double trace_AB(complex *A, complex *B, int n);
      |                          ^
src_v4.5.7/comm/mymatrix.h:75:29: error: reference to ‘complex’ is ambiguous
   75 | double trace_AB(complex *A, complex *B, int n);
      |                             ^~~~~~~
/usr/include/c++/15.1.1/bits/stl_pair.h:105:11: note: candidates are: ‘template<class _Tp> class std::complex’
  105 |     class complex;
      |           ^~~~~~~
src_v4.5.7/comm/scalar.h:67:8: note:                 ‘struct complex’
   67 | struct complex
      |        ^~~~~~~
src_v4.5.7/comm/mymatrix.h:75:38: error: ‘B’ was not declared in this scope
   75 | double trace_AB(complex *A, complex *B, int n);
      |                                      ^
src_v4.5.7/comm/mymatrix.h:75:41: error: expected primary-expression before ‘int’
   75 | double trace_AB(complex *A, complex *B, int n);
      |                                         ^~~
src_v4.5.7/comm/mymatrix.h:75:46: error: expression list treated as compound expression in initializer [-fpermissive]
   75 | double trace_AB(complex *A, complex *B, int n);
      |                                              ^
src_v4.5.7/comm/mymatrix.h:76:8: error: redefinition of ‘double trace_AB’
   76 | double trace_AB(complex *A, complex *B, int m, int n); // not implemented
      |        ^~~~~~~~
src_v4.5.7/comm/mymatrix.h:75:8: note: ‘double trace_AB’ previously defined here
   75 | double trace_AB(complex *A, complex *B, int n);
      |        ^~~~~~~~
src_v4.5.7/comm/mymatrix.h:76:17: error: reference to ‘complex’ is ambiguous
   76 | double trace_AB(complex *A, complex *B, int m, int n); // not implemented
      |                 ^~~~~~~
/usr/include/c++/15.1.1/bits/stl_pair.h:105:11: note: candidates are: ‘template<class _Tp> class std::complex’
  105 |     class complex;
      |           ^~~~~~~
src_v4.5.7/comm/scalar.h:67:8: note:                 ‘struct complex’
   67 | struct complex
      |        ^~~~~~~
src_v4.5.7/comm/mymatrix.h:76:26: error: ‘A’ was not declared in this scope
   76 | double trace_AB(complex *A, complex *B, int m, int n); // not implemented
      |                          ^
src_v4.5.7/comm/mymatrix.h:76:29: error: reference to ‘complex’ is ambiguous
   76 | double trace_AB(complex *A, complex *B, int m, int n); // not implemented
      |                             ^~~~~~~
/usr/include/c++/15.1.1/bits/stl_pair.h:105:11: note: candidates are: ‘template<class _Tp> class std::complex’
  105 |     class complex;
      |           ^~~~~~~
src_v4.5.7/comm/scalar.h:67:8: note:                 ‘struct complex’
   67 | struct complex
      |        ^~~~~~~
src_v4.5.7/comm/mymatrix.h:76:38: error: ‘B’ was not declared in this scope
   76 | double trace_AB(complex *A, complex *B, int m, int n); // not implemented
      |                                      ^
src_v4.5.7/comm/mymatrix.h:76:41: error: expected primary-expression before ‘int’
   76 | double trace_AB(complex *A, complex *B, int m, int n); // not implemented
      |                                         ^~~
src_v4.5.7/comm/mymatrix.h:76:48: error: expected primary-expression before ‘int’
   76 | double trace_AB(complex *A, complex *B, int m, int n); // not implemented
      |                                                ^~~
src_v4.5.7/comm/mymatrix.h:77:8: error: redefinition of ‘double trace_AB’
   77 | double trace_AB(complex **A, complex **B, int n1, int n);
      |        ^~~~~~~~
src_v4.5.7/comm/mymatrix.h:75:8: note: ‘double trace_AB’ previously defined here
   75 | double trace_AB(complex *A, complex *B, int n);
      |        ^~~~~~~~
src_v4.5.7/comm/mymatrix.h:77:17: error: reference to ‘complex’ is ambiguous
   77 | double trace_AB(complex **A, complex **B, int n1, int n);
      |                 ^~~~~~~
/usr/include/c++/15.1.1/bits/stl_pair.h:105:11: note: candidates are: ‘template<class _Tp> class std::complex’
  105 |     class complex;
      |           ^~~~~~~
src_v4.5.7/comm/scalar.h:67:8: note:                 ‘struct complex’
   67 | struct complex
      |        ^~~~~~~
src_v4.5.7/comm/mymatrix.h:77:27: error: ‘A’ was not declared in this scope
   77 | double trace_AB(complex **A, complex **B, int n1, int n);
      |                           ^
src_v4.5.7/comm/mymatrix.h:77:30: error: reference to ‘complex’ is ambiguous
   77 | double trace_AB(complex **A, complex **B, int n1, int n);
      |                              ^~~~~~~
/usr/include/c++/15.1.1/bits/stl_pair.h:105:11: note: candidates are: ‘template<class _Tp> class std::complex’
  105 |     class complex;
      |           ^~~~~~~
src_v4.5.7/comm/scalar.h:67:8: note:                 ‘struct complex’
   67 | struct complex
      |        ^~~~~~~
src_v4.5.7/comm/mymatrix.h:77:40: error: ‘B’ was not declared in this scope
   77 | double trace_AB(complex **A, complex **B, int n1, int n);
      |                                        ^
src_v4.5.7/comm/mymatrix.h:77:43: error: expected primary-expression before ‘int’
   77 | double trace_AB(complex **A, complex **B, int n1, int n);
      |                                           ^~~
src_v4.5.7/comm/mymatrix.h:77:51: error: expected primary-expression before ‘int’
   77 | double trace_AB(complex **A, complex **B, int n1, int n);
      |                                                   ^~~
src_v4.5.7/comm/mymatrix.h:78:8: error: redefinition of ‘double trace_AB’
   78 | double trace_AB(complex **A, complex **B, int n1, int m, int n); // not implemented
      |        ^~~~~~~~
src_v4.5.7/comm/mymatrix.h:75:8: note: ‘double trace_AB’ previously defined here
   75 | double trace_AB(complex *A, complex *B, int n);
      |        ^~~~~~~~
src_v4.5.7/comm/mymatrix.h:78:17: error: reference to ‘complex’ is ambiguous
   78 | double trace_AB(complex **A, complex **B, int n1, int m, int n); // not implemented
      |                 ^~~~~~~
/usr/include/c++/15.1.1/bits/stl_pair.h:105:11: note: candidates are: ‘template<class _Tp> class std::complex’
  105 |     class complex;
      |           ^~~~~~~
src_v4.5.7/comm/scalar.h:67:8: note:                 ‘struct complex’
   67 | struct complex
      |        ^~~~~~~
src_v4.5.7/comm/mymatrix.h:78:27: error: ‘A’ was not declared in this scope
   78 | double trace_AB(complex **A, complex **B, int n1, int m, int n); // not implemented
      |                           ^
src_v4.5.7/comm/mymatrix.h:78:30: error: reference to ‘complex’ is ambiguous
   78 | double trace_AB(complex **A, complex **B, int n1, int m, int n); // not implemented
      |                              ^~~~~~~
/usr/include/c++/15.1.1/bits/stl_pair.h:105:11: note: candidates are: ‘template<class _Tp> class std::complex’
  105 |     class complex;
      |           ^~~~~~~
src_v4.5.7/comm/scalar.h:67:8: note:                 ‘struct complex’
   67 | struct complex
      |        ^~~~~~~
src_v4.5.7/comm/mymatrix.h:78:40: error: ‘B’ was not declared in this scope
   78 | double trace_AB(complex **A, complex **B, int n1, int m, int n); // not implemented
      |                                        ^
src_v4.5.7/comm/mymatrix.h:78:43: error: expected primary-expression before ‘int’
   78 | double trace_AB(complex **A, complex **B, int n1, int m, int n); // not implemented
      |                                           ^~~
src_v4.5.7/comm/mymatrix.h:78:51: error: expected primary-expression before ‘int’
   78 | double trace_AB(complex **A, complex **B, int n1, int m, int n); // not implemented
      |                                                   ^~~
src_v4.5.7/comm/mymatrix.h:78:58: error: expected primary-expression before ‘int’
   78 | double trace_AB(complex **A, complex **B, int n1, int m, int n); // not implemented
      |                                                          ^~~
In file included from src_v4.5.7/common_headers.h:28:
src_v4.5.7/comm/sparse_matrix.h:8:9: error: reference to ‘complex’ is ambiguous
    8 |         complex *s;
      |         ^~~~~~~
/usr/include/c++/15.1.1/bits/stl_pair.h:105:11: note: candidates are: ‘template<class _Tp> class std::complex’
  105 |     class complex;
      |           ^~~~~~~
src_v4.5.7/comm/scalar.h:67:8: note:                 ‘struct complex’
   67 | struct complex
      |        ^~~~~~~
src_v4.5.7/comm/sparse_matrix.h:50:27: error: expected ‘)’ before ‘*’ token
   50 |         sparse_mat(complex* A, int ni, double thr = 1e-40) : sparse_mat() {
      |                   ~       ^
      |                           )
src_v4.5.7/comm/sparse_matrix.h:53:27: error: expected ‘)’ before ‘*’ token
   53 |         sparse_mat(complex* A, int ni, int nj, double thr = 1e-40) : sparse_mat() {
      |                   ~       ^
      |                           )
src_v4.5.7/comm/sparse_matrix.h:56:21: error: reference to ‘complex’ is ambiguous
   56 |         void sparse(complex* A, int ni, double thr=1e-40){ sparse(A, ni, ni, thr); }
      |                     ^~~~~~~
/usr/include/c++/15.1.1/bits/stl_pair.h:105:11: note: candidates are: ‘template<class _Tp> class std::complex’
  105 |     class complex;
      |           ^~~~~~~
src_v4.5.7/comm/scalar.h:67:8: note:                 ‘struct complex’
   67 | struct complex
      |        ^~~~~~~
src_v4.5.7/comm/sparse_matrix.h:56:21: error: ‘complex’ has not been declared
   56 |         void sparse(complex* A, int ni, double thr=1e-40){ sparse(A, ni, ni, thr); }
      |                     ^~~~~~~
src_v4.5.7/comm/sparse_matrix.h:57:21: error: reference to ‘complex’ is ambiguous
   57 |         void sparse(complex* A, int ni, int nj, double thr=1e-40){
      |                     ^~~~~~~
/usr/include/c++/15.1.1/bits/stl_pair.h:105:11: note: candidates are: ‘template<class _Tp> class std::complex’
  105 |     class complex;
      |           ^~~~~~~
src_v4.5.7/comm/scalar.h:67:8: note:                 ‘struct complex’
   67 | struct complex
      |        ^~~~~~~
src_v4.5.7/comm/sparse_matrix.h:57:21: error: ‘complex’ has not been declared
   57 |         void sparse(complex* A, int ni, int nj, double thr=1e-40){
      |                     ^~~~~~~
src_v4.5.7/comm/sparse_matrix.h:70:21: error: reference to ‘complex’ is ambiguous
   70 |         void get_ns(complex* A, int nij, double thr=1e-40){
      |                     ^~~~~~~
/usr/include/c++/15.1.1/bits/stl_pair.h:105:11: note: candidates are: ‘template<class _Tp> class std::complex’
  105 |     class complex;
      |           ^~~~~~~
src_v4.5.7/comm/scalar.h:67:8: note:                 ‘struct complex’
   67 | struct complex
      |        ^~~~~~~
src_v4.5.7/comm/sparse_matrix.h:70:21: error: ‘complex’ has not been declared
   70 |         void get_ns(complex* A, int nij, double thr=1e-40){
      |                     ^~~~~~~
src_v4.5.7/comm/sparse_matrix.h:76:22: error: reference to ‘complex’ is ambiguous
   76 |         void todense(complex *A, int ni, int nj){
      |                      ^~~~~~~
/usr/include/c++/15.1.1/bits/stl_pair.h:105:11: note: candidates are: ‘template<class _Tp> class std::complex’
  105 |     class complex;
      |           ^~~~~~~
src_v4.5.7/comm/scalar.h:67:8: note:                 ‘struct complex’
   67 | struct complex
      |        ^~~~~~~
src_v4.5.7/comm/sparse_matrix.h:76:22: error: ‘complex’ has not been declared
   76 |         void todense(complex *A, int ni, int nj){
      |                      ^~~~~~~
src_v4.5.7/comm/sparse_matrix.h:81:9: error: reference to ‘complex’ is ambiguous
   81 |         complex *todense(int ni, int nj){
      |         ^~~~~~~
/usr/include/c++/15.1.1/bits/stl_pair.h:105:11: note: candidates are: ‘template<class _Tp> class std::complex’
  105 |     class complex;
      |           ^~~~~~~
src_v4.5.7/comm/scalar.h:67:8: note:                 ‘struct complex’
   67 | struct complex
      |        ^~~~~~~
src_v4.5.7/comm/sparse_matrix.h: In constructor ‘sparse_mat::sparse_mat()’:
src_v4.5.7/comm/sparse_matrix.h:12:24: error: class ‘sparse_mat’ does not have any field named ‘s’
   12 |         sparse_mat() : s(nullptr), i(nullptr), j(nullptr), ns(0) {}
      |                        ^
src_v4.5.7/comm/sparse_matrix.h: In member function ‘void sparse_mat::alloc(int, bool)’:
src_v4.5.7/comm/sparse_matrix.h:20:23: error: ‘s’ was not declared in this scope; did you mean ‘ps’?
   20 |                 try { s = new complex[nsmax]{c0}; }
      |                       ^
      |                       ps
src_v4.5.7/comm/sparse_matrix.h:20:31: error: reference to ‘complex’ is ambiguous
   20 |                 try { s = new complex[nsmax]{c0}; }
      |                               ^~~~~~~
/usr/include/c++/15.1.1/bits/stl_pair.h:105:11: note: candidates are: ‘template<class _Tp> class std::complex’
  105 |     class complex;
      |           ^~~~~~~
src_v4.5.7/comm/scalar.h:67:8: note:                 ‘struct complex’
   67 | struct complex
      |        ^~~~~~~
src_v4.5.7/comm/sparse_matrix.h: In constructor ‘sparse_mat::sparse_mat(FILE*, FILE*, FILE*, FILE*)’:
src_v4.5.7/comm/sparse_matrix.h:33:23: error: ‘s’ was not declared in this scope; did you mean ‘ps’?
   33 |                 fread(s, 2*sizeof(double), ns, fps);
      |                       ^
      |                       ps
src_v4.5.7/comm/sparse_matrix.h: In member function ‘void sparse_mat::write_to_files(FILE*, FILE*, FILE*, FILE*)’:
src_v4.5.7/comm/sparse_matrix.h:39:24: error: ‘s’ was not declared in this scope; did you mean ‘ps’?
   39 |                 fwrite(s, 2 * sizeof(double), ns, fps);
      |                        ^
      |                        ps
src_v4.5.7/comm/sparse_matrix.h: In member function ‘void sparse_mat::del()’:
src_v4.5.7/comm/sparse_matrix.h:45:26: error: ‘s’ was not declared in this scope; did you mean ‘ps’?
   45 |                 delete[] s; delete[] i; delete[] j;
      |                          ^
      |                          ps
src_v4.5.7/comm/sparse_matrix.h: In member function ‘void sparse_mat::sparse(int*, int, int, double)’:
src_v4.5.7/comm/sparse_matrix.h:64:31: error: ‘struct sparse_mat’ has no member named ‘s’
   64 |                         this->s[is] = A[i*nj + j];
      |                               ^
src_v4.5.7/comm/sparse_matrix.h: In member function ‘void sparse_mat::todense(int*, int, int)’:
src_v4.5.7/comm/sparse_matrix.h:77:22: error: no matching function for call to ‘zeros(int*&, int)’
   77 |                 zeros(A, ni*nj);
      |                 ~~~~~^~~~~~~~~~
src_v4.5.7/comm/sparse_matrix.h:77:22: note: there are 3 candidates
src_v4.5.7/comm/myarray.h:44:6: note: candidate 1: ‘void zeros(double*, int)’
   44 | void zeros(double* arr, int n1);
      |      ^~~~~
src_v4.5.7/comm/myarray.h:44:20: note: no known conversion for argument 1 from ‘int*’ to ‘double*’
   44 | void zeros(double* arr, int n1);
      |            ~~~~~~~~^~~
src_v4.5.7/comm/myarray.h:45:6: note: candidate 2: ‘void zeros(double**, int, int)’
   45 | void zeros(double** arr, int n1, int n2);
      |      ^~~~~
src_v4.5.7/comm/myarray.h:45:6: note: candidate expects 3 arguments, 2 provided
src_v4.5.7/comm/myarray.h:46:6: note: candidate 3: ‘void zeros(double***, int, int, int)’
   46 | void zeros(double*** arr, int n1, int n2, int n3);
      |      ^~~~~
src_v4.5.7/comm/myarray.h:46:6: note: candidate expects 4 arguments, 2 provided
src_v4.5.7/comm/sparse_matrix.h:79:47: error: ‘s’ was not declared in this scope; did you mean ‘ps’?
   79 |                         A[i[is]*nj + j[is]] = s[is];
      |                                               ^
      |                                               ps
src_v4.5.7/comm/sparse_matrix.h: At global scope:
src_v4.5.7/comm/sparse_matrix.h:89:6: error: variable or field ‘sparse_zgemm’ declared void
   89 | void sparse_zgemm(complex *c, bool left, sparse_mat *smat, complex *b, int m, int n, int k, complex alpha = c1, complex beta = c0);
      |      ^~~~~~~~~~~~
src_v4.5.7/comm/sparse_matrix.h:89:19: error: reference to ‘complex’ is ambiguous
   89 | void sparse_zgemm(complex *c, bool left, sparse_mat *smat, complex *b, int m, int n, int k, complex alpha = c1, complex beta = c0);
      |                   ^~~~~~~
/usr/include/c++/15.1.1/bits/stl_pair.h:105:11: note: candidates are: ‘template<class _Tp> class std::complex’
  105 |     class complex;
      |           ^~~~~~~
src_v4.5.7/comm/scalar.h:67:8: note:                 ‘struct complex’
   67 | struct complex
      |        ^~~~~~~
src_v4.5.7/comm/sparse_matrix.h:89:28: error: ‘c’ was not declared in this scope
   89 | void sparse_zgemm(complex *c, bool left, sparse_mat *smat, complex *b, int m, int n, int k, complex alpha = c1, complex beta = c0);
      |                            ^
src_v4.5.7/comm/sparse_matrix.h:89:31: error: expected primary-expression before ‘bool’
   89 | void sparse_zgemm(complex *c, bool left, sparse_mat *smat, complex *b, int m, int n, int k, complex alpha = c1, complex beta = c0);
      |                               ^~~~
src_v4.5.7/comm/sparse_matrix.h:89:53: error: expected primary-expression before ‘*’ token
   89 | void sparse_zgemm(complex *c, bool left, sparse_mat *smat, complex *b, int m, int n, int k, complex alpha = c1, complex beta = c0);
      |                                                     ^
src_v4.5.7/comm/sparse_matrix.h:89:54: error: ‘smat’ was not declared in this scope; did you mean ‘stat’?
   89 | void sparse_zgemm(complex *c, bool left, sparse_mat *smat, complex *b, int m, int n, int k, complex alpha = c1, complex beta = c0);
      |                                                      ^~~~
      |                                                      stat
src_v4.5.7/comm/sparse_matrix.h:89:60: error: reference to ‘complex’ is ambiguous
   89 | void sparse_zgemm(complex *c, bool left, sparse_mat *smat, complex *b, int m, int n, int k, complex alpha = c1, complex beta = c0);
      |                                                            ^~~~~~~
/usr/include/c++/15.1.1/bits/stl_pair.h:105:11: note: candidates are: ‘template<class _Tp> class std::complex’
  105 |     class complex;
      |           ^~~~~~~
src_v4.5.7/comm/scalar.h:67:8: note:                 ‘struct complex’
   67 | struct complex
      |        ^~~~~~~
src_v4.5.7/comm/sparse_matrix.h:89:69: error: ‘b’ was not declared in this scope
   89 | void sparse_zgemm(complex *c, bool left, sparse_mat *smat, complex *b, int m, int n, int k, complex alpha = c1, complex beta = c0);
      |                                                                     ^
src_v4.5.7/comm/sparse_matrix.h:89:72: error: expected primary-expression before ‘int’
   89 | void sparse_zgemm(complex *c, bool left, sparse_mat *smat, complex *b, int m, int n, int k, complex alpha = c1, complex beta = c0);
      |                                                                        ^~~
src_v4.5.7/comm/sparse_matrix.h:89:79: error: expected primary-expression before ‘int’
   89 | void sparse_zgemm(complex *c, bool left, sparse_mat *smat, complex *b, int m, int n, int k, complex alpha = c1, complex beta = c0);
      |                                                                               ^~~
src_v4.5.7/comm/sparse_matrix.h:89:86: error: expected primary-expression before ‘int’
   89 | void sparse_zgemm(complex *c, bool left, sparse_mat *smat, complex *b, int m, int n, int k, complex alpha = c1, complex beta = c0);
      |                                                                                      ^~~
src_v4.5.7/comm/sparse_matrix.h:89:93: error: reference to ‘complex’ is ambiguous
   89 | void sparse_zgemm(complex *c, bool left, sparse_mat *smat, complex *b, int m, int n, int k, complex alpha = c1, complex beta = c0);
      |                                                                                             ^~~~~~~
/usr/include/c++/15.1.1/bits/stl_pair.h:105:11: note: candidates are: ‘template<class _Tp> class std::complex’
  105 |     class complex;
      |           ^~~~~~~
src_v4.5.7/comm/scalar.h:67:8: note:                 ‘struct complex’
   67 | struct complex
      |        ^~~~~~~
src_v4.5.7/comm/sparse_matrix.h:89:113: error: reference to ‘complex’ is ambiguous
   89 | void sparse_zgemm(complex *c, bool left, sparse_mat *smat, complex *b, int m, int n, int k, complex alpha = c1, complex beta = c0);
      |                                                                                                                 ^~~~~~~
/usr/include/c++/15.1.1/bits/stl_pair.h:105:11: note: candidates are: ‘template<class _Tp> class std::complex’
  105 |     class complex;
      |           ^~~~~~~
src_v4.5.7/comm/scalar.h:67:8: note:                 ‘struct complex’
   67 | struct complex
      |        ^~~~~~~
src_v4.5.7/comm/sparse_matrix.h:90:6: error: variable or field ‘sparse_zgemm’ declared void
   90 | void sparse_zgemm(complex *c, bool left, complex *s, int *indexi, int *indexj, int ns, complex *b, int m, int n, int k, complex alpha = c1, complex beta = c0);
      |      ^~~~~~~~~~~~
src_v4.5.7/comm/sparse_matrix.h:90:19: error: reference to ‘complex’ is ambiguous
   90 | void sparse_zgemm(complex *c, bool left, complex *s, int *indexi, int *indexj, int ns, complex *b, int m, int n, int k, complex alpha = c1, complex beta = c0);
      |                   ^~~~~~~
/usr/include/c++/15.1.1/bits/stl_pair.h:105:11: note: candidates are: ‘template<class _Tp> class std::complex’
  105 |     class complex;
      |           ^~~~~~~
src_v4.5.7/comm/scalar.h:67:8: note:                 ‘struct complex’
   67 | struct complex
      |        ^~~~~~~
src_v4.5.7/comm/sparse_matrix.h:90:28: error: ‘c’ was not declared in this scope
   90 | void sparse_zgemm(complex *c, bool left, complex *s, int *indexi, int *indexj, int ns, complex *b, int m, int n, int k, complex alpha = c1, complex beta = c0);
      |                            ^
src_v4.5.7/comm/sparse_matrix.h:90:31: error: expected primary-expression before ‘bool’
   90 | void sparse_zgemm(complex *c, bool left, complex *s, int *indexi, int *indexj, int ns, complex *b, int m, int n, int k, complex alpha = c1, complex beta = c0);
      |                               ^~~~
src_v4.5.7/comm/sparse_matrix.h:90:42: error: reference to ‘complex’ is ambiguous
   90 | void sparse_zgemm(complex *c, bool left, complex *s, int *indexi, int *indexj, int ns, complex *b, int m, int n, int k, complex alpha = c1, complex beta = c0);
      |                                          ^~~~~~~
/usr/include/c++/15.1.1/bits/stl_pair.h:105:11: note: candidates are: ‘template<class _Tp> class std::complex’
  105 |     class complex;
      |           ^~~~~~~
src_v4.5.7/comm/scalar.h:67:8: note:                 ‘struct complex’
   67 | struct complex
      |        ^~~~~~~
src_v4.5.7/comm/sparse_matrix.h:90:51: error: ‘s’ was not declared in this scope; did you mean ‘ps’?
   90 | void sparse_zgemm(complex *c, bool left, complex *s, int *indexi, int *indexj, int ns, complex *b, int m, int n, int k, complex alpha = c1, complex beta = c0);
      |                                                   ^
      |                                                   ps
src_v4.5.7/comm/sparse_matrix.h:90:54: error: expected primary-expression before ‘int’
   90 | void sparse_zgemm(complex *c, bool left, complex *s, int *indexi, int *indexj, int ns, complex *b, int m, int n, int k, complex alpha = c1, complex beta = c0);
      |                                                      ^~~
src_v4.5.7/comm/sparse_matrix.h:90:67: error: expected primary-expression before ‘int’
   90 | void sparse_zgemm(complex *c, bool left, complex *s, int *indexi, int *indexj, int ns, complex *b, int m, int n, int k, complex alpha = c1, complex beta = c0);
      |                                                                   ^~~
src_v4.5.7/comm/sparse_matrix.h:90:80: error: expected primary-expression before ‘int’
   90 | void sparse_zgemm(complex *c, bool left, complex *s, int *indexi, int *indexj, int ns, complex *b, int m, int n, int k, complex alpha = c1, complex beta = c0);
      |                                                                                ^~~
src_v4.5.7/comm/sparse_matrix.h:90:88: error: reference to ‘complex’ is ambiguous
   90 | void sparse_zgemm(complex *c, bool left, complex *s, int *indexi, int *indexj, int ns, complex *b, int m, int n, int k, complex alpha = c1, complex beta = c0);
      |                                                                                        ^~~~~~~
/usr/include/c++/15.1.1/bits/stl_pair.h:105:11: note: candidates are: ‘template<class _Tp> class std::complex’
  105 |     class complex;
      |           ^~~~~~~
src_v4.5.7/comm/scalar.h:67:8: note:                 ‘struct complex’
   67 | struct complex
      |        ^~~~~~~
src_v4.5.7/comm/sparse_matrix.h:90:97: error: ‘b’ was not declared in this scope
   90 | void sparse_zgemm(complex *c, bool left, complex *s, int *indexi, int *indexj, int ns, complex *b, int m, int n, int k, complex alpha = c1, complex beta = c0);
      |                                                                                                 ^
src_v4.5.7/comm/sparse_matrix.h:90:100: error: expected primary-expression before ‘int’
   90 | void sparse_zgemm(complex *c, bool left, complex *s, int *indexi, int *indexj, int ns, complex *b, int m, int n, int k, complex alpha = c1, complex beta = c0);
      |                                                                                                    ^~~
src_v4.5.7/comm/sparse_matrix.h:90:107: error: expected primary-expression before ‘int’
   90 | void sparse_zgemm(complex *c, bool left, complex *s, int *indexi, int *indexj, int ns, complex *b, int m, int n, int k, complex alpha = c1, complex beta = c0);
      |                                                                                                           ^~~
src_v4.5.7/comm/sparse_matrix.h:90:114: error: expected primary-expression before ‘int’
   90 | void sparse_zgemm(complex *c, bool left, complex *s, int *indexi, int *indexj, int ns, complex *b, int m, int n, int k, complex alpha = c1, complex beta = c0);
      |                                                                                                                  ^~~
src_v4.5.7/comm/sparse_matrix.h:90:121: error: reference to ‘complex’ is ambiguous
   90 | void sparse_zgemm(complex *c, bool left, complex *s, int *indexi, int *indexj, int ns, complex *b, int m, int n, int k, complex alpha = c1, complex beta = c0);
      |                                                                                                                         ^~~~~~~
/usr/include/c++/15.1.1/bits/stl_pair.h:105:11: note: candidates are: ‘template<class _Tp> class std::complex’
  105 |     class complex;
      |           ^~~~~~~
src_v4.5.7/comm/scalar.h:67:8: note:                 ‘struct complex’
   67 | struct complex
      |        ^~~~~~~
src_v4.5.7/comm/sparse_matrix.h:90:141: error: reference to ‘complex’ is ambiguous
   90 | void sparse_zgemm(complex *c, bool left, complex *s, int *indexi, int *indexj, int ns, complex *b, int m, int n, int k, complex alpha = c1, complex beta = c0);
      |                                                                                                                                             ^~~~~~~
/usr/include/c++/15.1.1/bits/stl_pair.h:105:11: note: candidates are: ‘template<class _Tp> class std::complex’
  105 |     class complex;
      |           ^~~~~~~
src_v4.5.7/comm/scalar.h:67:8: note:                 ‘struct complex’
   67 | struct complex
      |        ^~~~~~~
src_v4.5.7/comm/sparse_matrix.h:91:60: error: reference to ‘complex’ is ambiguous
   91 | void sparse_plus_dense(sparse_mat *smat, double thrsparse, complex *m, int ni, int nj, complex a = c1, complex b = c0, complex c = c0); // s = am + bs + c, default = copy
      |                                                            ^~~~~~~
/usr/include/c++/15.1.1/bits/stl_pair.h:105:11: note: candidates are: ‘template<class _Tp> class std::complex’
  105 |     class complex;
      |           ^~~~~~~
src_v4.5.7/comm/scalar.h:67:8: note:                 ‘struct complex’
   67 | struct complex
      |        ^~~~~~~
src_v4.5.7/comm/sparse_matrix.h:91:60: error: ‘complex’ has not been declared
   91 | void sparse_plus_dense(sparse_mat *smat, double thrsparse, complex *m, int ni, int nj, complex a = c1, complex b = c0, complex c = c0); // s = am + bs + c, default = copy
      |                                                            ^~~~~~~
src_v4.5.7/comm/sparse_matrix.h:91:88: error: reference to ‘complex’ is ambiguous
   91 | void sparse_plus_dense(sparse_mat *smat, double thrsparse, complex *m, int ni, int nj, complex a = c1, complex b = c0, complex c = c0); // s = am + bs + c, default = copy
      |                                                                                        ^~~~~~~
/usr/include/c++/15.1.1/bits/stl_pair.h:105:11: note: candidates are: ‘template<class _Tp> class std::complex’
  105 |     class complex;
      |           ^~~~~~~
src_v4.5.7/comm/scalar.h:67:8: note:                 ‘struct complex’
   67 | struct complex
      |        ^~~~~~~
src_v4.5.7/comm/sparse_matrix.h:91:88: error: ‘complex’ has not been declared
   91 | void sparse_plus_dense(sparse_mat *smat, double thrsparse, complex *m, int ni, int nj, complex a = c1, complex b = c0, complex c = c0); // s = am + bs + c, default = copy
      |                                                                                        ^~~~~~~
src_v4.5.7/comm/sparse_matrix.h:91:100: error: ‘c1’ was not declared in this scope; did you mean ‘y1’?
   91 | void sparse_plus_dense(sparse_mat *smat, double thrsparse, complex *m, int ni, int nj, complex a = c1, complex b = c0, complex c = c0); // s = am + bs + c, default = copy
      |                                                                                                    ^~
      |                                                                                                    y1
src_v4.5.7/comm/sparse_matrix.h:91:104: error: reference to ‘complex’ is ambiguous
   91 | void sparse_plus_dense(sparse_mat *smat, double thrsparse, complex *m, int ni, int nj, complex a = c1, complex b = c0, complex c = c0); // s = am + bs + c, default = copy
      |                                                                                                        ^~~~~~~
/usr/include/c++/15.1.1/bits/stl_pair.h:105:11: note: candidates are: ‘template<class _Tp> class std::complex’
  105 |     class complex;
      |           ^~~~~~~
src_v4.5.7/comm/scalar.h:67:8: note:                 ‘struct complex’
   67 | struct complex
      |        ^~~~~~~
src_v4.5.7/comm/sparse_matrix.h:91:104: error: ‘complex’ has not been declared
   91 | void sparse_plus_dense(sparse_mat *smat, double thrsparse, complex *m, int ni, int nj, complex a = c1, complex b = c0, complex c = c0); // s = am + bs + c, default = copy
      |                                                                                                        ^~~~~~~
src_v4.5.7/comm/sparse_matrix.h:91:116: error: ‘c0’ was not declared in this scope; did you mean ‘y0’?
   91 | void sparse_plus_dense(sparse_mat *smat, double thrsparse, complex *m, int ni, int nj, complex a = c1, complex b = c0, complex c = c0); // s = am + bs + c, default = copy
      |                                                                                                                    ^~
      |                                                                                                                    y0
src_v4.5.7/comm/sparse_matrix.h:91:120: error: reference to ‘complex’ is ambiguous
   91 | void sparse_plus_dense(sparse_mat *smat, double thrsparse, complex *m, int ni, int nj, complex a = c1, complex b = c0, complex c = c0); // s = am + bs + c, default = copy
      |                                                                                                                        ^~~~~~~
/usr/include/c++/15.1.1/bits/stl_pair.h:105:11: note: candidates are: ‘template<class _Tp> class std::complex’
  105 |     class complex;
      |           ^~~~~~~
src_v4.5.7/comm/scalar.h:67:8: note:                 ‘struct complex’
   67 | struct complex
      |        ^~~~~~~
src_v4.5.7/comm/sparse_matrix.h:91:120: error: ‘complex’ has not been declared
   91 | void sparse_plus_dense(sparse_mat *smat, double thrsparse, complex *m, int ni, int nj, complex a = c1, complex b = c0, complex c = c0); // s = am + bs + c, default = copy
      |                                                                                                                        ^~~~~~~
src_v4.5.7/comm/sparse_matrix.h:91:132: error: ‘c0’ was not declared in this scope; did you mean ‘y0’?
   91 | void sparse_plus_dense(sparse_mat *smat, double thrsparse, complex *m, int ni, int nj, complex a = c1, complex b = c0, complex c = c0); // s = am + bs + c, default = copy
      |                                                                                                                                    ^~
      |                                                                                                                                    y0
src_v4.5.7/comm/sparse_matrix.h:92:61: error: reference to ‘complex’ is ambiguous
   92 | void sparse_plus_dense(sparse_mat **smat, double thrsparse, complex **m, int nk, int ni, int nj, complex a = c1, complex b = c0, complex c = c0); // s = am + bs + c, default = copy
      |                                                             ^~~~~~~
/usr/include/c++/15.1.1/bits/stl_pair.h:105:11: note: candidates are: ‘template<class _Tp> class std::complex’
  105 |     class complex;
      |           ^~~~~~~
src_v4.5.7/comm/scalar.h:67:8: note:                 ‘struct complex’
   67 | struct complex
      |        ^~~~~~~
src_v4.5.7/comm/sparse_matrix.h:92:61: error: ‘complex’ has not been declared
   92 | void sparse_plus_dense(sparse_mat **smat, double thrsparse, complex **m, int nk, int ni, int nj, complex a = c1, complex b = c0, complex c = c0); // s = am + bs + c, default = copy
      |                                                             ^~~~~~~
src_v4.5.7/comm/sparse_matrix.h:92:98: error: reference to ‘complex’ is ambiguous
   92 | void sparse_plus_dense(sparse_mat **smat, double thrsparse, complex **m, int nk, int ni, int nj, complex a = c1, complex b = c0, complex c = c0); // s = am + bs + c, default = copy
      |                                                                                                  ^~~~~~~
/usr/include/c++/15.1.1/bits/stl_pair.h:105:11: note: candidates are: ‘template<class _Tp> class std::complex’
  105 |     class complex;
      |           ^~~~~~~
src_v4.5.7/comm/scalar.h:67:8: note:                 ‘struct complex’
   67 | struct complex
      |        ^~~~~~~
src_v4.5.7/comm/sparse_matrix.h:92:98: error: ‘complex’ has not been declared
   92 | void sparse_plus_dense(sparse_mat **smat, double thrsparse, complex **m, int nk, int ni, int nj, complex a = c1, complex b = c0, complex c = c0); // s = am + bs + c, default = copy
      |                                                                                                  ^~~~~~~
src_v4.5.7/comm/sparse_matrix.h:92:110: error: ‘c1’ was not declared in this scope; did you mean ‘y1’?
   92 | void sparse_plus_dense(sparse_mat **smat, double thrsparse, complex **m, int nk, int ni, int nj, complex a = c1, complex b = c0, complex c = c0); // s = am + bs + c, default = copy
      |                                                                                                              ^~
      |                                                                                                              y1
src_v4.5.7/comm/sparse_matrix.h:92:114: error: reference to ‘complex’ is ambiguous
   92 | void sparse_plus_dense(sparse_mat **smat, double thrsparse, complex **m, int nk, int ni, int nj, complex a = c1, complex b = c0, complex c = c0); // s = am + bs + c, default = copy
      |                                                                                                                  ^~~~~~~
/usr/include/c++/15.1.1/bits/stl_pair.h:105:11: note: candidates are: ‘template<class _Tp> class std::complex’
  105 |     class complex;
      |           ^~~~~~~
src_v4.5.7/comm/scalar.h:67:8: note:                 ‘struct complex’
   67 | struct complex
      |        ^~~~~~~
src_v4.5.7/comm/sparse_matrix.h:92:114: error: ‘complex’ has not been declared
   92 | void sparse_plus_dense(sparse_mat **smat, double thrsparse, complex **m, int nk, int ni, int nj, complex a = c1, complex b = c0, complex c = c0); // s = am + bs + c, default = copy
      |                                                                                                                  ^~~~~~~
src_v4.5.7/comm/sparse_matrix.h:92:126: error: ‘c0’ was not declared in this scope; did you mean ‘y0’?
   92 | void sparse_plus_dense(sparse_mat **smat, double thrsparse, complex **m, int nk, int ni, int nj, complex a = c1, complex b = c0, complex c = c0); // s = am + bs + c, default = copy
      |                                                                                                                              ^~
      |                                                                                                                              y0
src_v4.5.7/comm/sparse_matrix.h:92:130: error: reference to ‘complex’ is ambiguous
   92 | void sparse_plus_dense(sparse_mat **smat, double thrsparse, complex **m, int nk, int ni, int nj, complex a = c1, complex b = c0, complex c = c0); // s = am + bs + c, default = copy
      |                                                                                                                                  ^~~~~~~
/usr/include/c++/15.1.1/bits/stl_pair.h:105:11: note: candidates are: ‘template<class _Tp> class std::complex’
  105 |     class complex;
      |           ^~~~~~~
src_v4.5.7/comm/scalar.h:67:8: note:                 ‘struct complex’
   67 | struct complex
      |        ^~~~~~~
src_v4.5.7/comm/sparse_matrix.h:92:130: error: ‘complex’ has not been declared
   92 | void sparse_plus_dense(sparse_mat **smat, double thrsparse, complex **m, int nk, int ni, int nj, complex a = c1, complex b = c0, complex c = c0); // s = am + bs + c, default = copy
      |                                                                                                                                  ^~~~~~~
src_v4.5.7/comm/sparse_matrix.h:92:142: error: ‘c0’ was not declared in this scope; did you mean ‘y0’?
   92 | void sparse_plus_dense(sparse_mat **smat, double thrsparse, complex **m, int nk, int ni, int nj, complex a = c1, complex b = c0, complex c = c0); // s = am + bs + c, default = copy
      |                                                                                                                                              ^~
      |                                                                                                                                              y0
In file included from src_v4.5.7/common_headers.h:29:
src_v4.5.7/comm/sparse2D.h:26:25: error: expected ‘)’ before ‘*’ token
   26 |         sparse2D(complex **A, size_t nk, int ni, int nj, double thrsh = 1e-40)
      |                 ~       ^~
      |                         )
src_v4.5.7/comm/sparse2D.h:36:28: error: reference to ‘complex’ is ambiguous
   36 |         sparse2D(mymp *mp, complex **A, int ni, int nj, double thrsh = 1e-40)
      |                            ^~~~~~~
/usr/include/c++/15.1.1/bits/stl_pair.h:105:11: note: candidates are: ‘template<class _Tp> class std::complex’
  105 |     class complex;
      |           ^~~~~~~
src_v4.5.7/comm/scalar.h:67:8: note:                 ‘struct complex’
   67 | struct complex
      |        ^~~~~~~
src_v4.5.7/comm/sparse2D.h:36:28: error: ‘complex’ has not been declared
   36 |         sparse2D(mymp *mp, complex **A, int ni, int nj, double thrsh = 1e-40)
      |                            ^~~~~~~
src_v4.5.7/comm/sparse2D.h:69:25: error: reference to ‘complex’ is ambiguous
   69 |         void get_ns_tot(complex **A, double thr){
      |                         ^~~~~~~
/usr/include/c++/15.1.1/bits/stl_pair.h:105:11: note: candidates are: ‘template<class _Tp> class std::complex’
  105 |     class complex;
      |           ^~~~~~~
src_v4.5.7/comm/scalar.h:67:8: note:                 ‘struct complex’
   67 | struct complex
      |        ^~~~~~~
src_v4.5.7/comm/sparse2D.h:69:25: error: ‘complex’ has not been declared
   69 |         void get_ns_tot(complex **A, double thr){
      |                         ^~~~~~~
src_v4.5.7/comm/sparse2D.h:74:36: error: reference to ‘complex’ is ambiguous
   74 |         void get_ns_tot(size_t ik, complex* A, double thr){
      |                                    ^~~~~~~
/usr/include/c++/15.1.1/bits/stl_pair.h:105:11: note: candidates are: ‘template<class _Tp> class std::complex’
  105 |     class complex;
      |           ^~~~~~~
src_v4.5.7/comm/scalar.h:67:8: note:                 ‘struct complex’
   67 | struct complex
      |        ^~~~~~~
src_v4.5.7/comm/sparse2D.h:74:36: error: ‘complex’ has not been declared
   74 |         void get_ns_tot(size_t ik, complex* A, double thr){
      |                                    ^~~~~~~
src_v4.5.7/comm/sparse2D.h:102:21: error: reference to ‘complex’ is ambiguous
  102 |         void sparse(complex** A, bool do_test = false){
      |                     ^~~~~~~
/usr/include/c++/15.1.1/bits/stl_pair.h:105:11: note: candidates are: ‘template<class _Tp> class std::complex’
  105 |     class complex;
      |           ^~~~~~~
src_v4.5.7/comm/scalar.h:67:8: note:                 ‘struct complex’
   67 | struct complex
      |        ^~~~~~~
src_v4.5.7/comm/sparse2D.h:102:21: error: ‘complex’ has not been declared
  102 |         void sparse(complex** A, bool do_test = false){
      |                     ^~~~~~~
src_v4.5.7/comm/sparse2D.h: In member function ‘void sparse2D::sparse(int**, bool)’:
src_v4.5.7/comm/sparse2D.h:105:71: error: no matching function for call to ‘sparse_mat::sparse_mat(int*&, int&, int&, double&)’
  105 |                         smat[ik] = new sparse_mat(A[ik], ni, nj, thrsh);
      |                                                                       ^
src_v4.5.7/comm/sparse2D.h:105:71: note: there are 4 candidates
src_v4.5.7/comm/sparse_matrix.h:30:9: note: candidate 1: ‘sparse_mat::sparse_mat(FILE*, FILE*, FILE*, FILE*)’
   30 |         sparse_mat(FILE *fpns, FILE *fps, FILE *fpi, FILE *fpj) : sparse_mat() {
      |         ^~~~~~~~~~
src_v4.5.7/comm/sparse_matrix.h:30:26: note: no known conversion for argument 1 from ‘int*’ to ‘FILE*’
   30 |         sparse_mat(FILE *fpns, FILE *fps, FILE *fpi, FILE *fpj) : sparse_mat() {
      |                    ~~~~~~^~~~
src_v4.5.7/comm/sparse_matrix.h:14:9: note: candidate 2: ‘sparse_mat::sparse_mat(int, bool)’
   14 |         sparse_mat(int nsmax, bool alloc_only_s) : sparse_mat() {
      |         ^~~~~~~~~~
src_v4.5.7/comm/sparse_matrix.h:14:9: note: candidate expects 2 arguments, 4 provided
src_v4.5.7/comm/sparse_matrix.h:12:9: note: candidate 3: ‘sparse_mat::sparse_mat()’
   12 |         sparse_mat() : s(nullptr), i(nullptr), j(nullptr), ns(0) {}
      |         ^~~~~~~~~~
src_v4.5.7/comm/sparse_matrix.h:12:9: note: candidate expects 0 arguments, 4 provided
src_v4.5.7/comm/sparse_matrix.h:7:8: note: candidate 4: ‘constexpr sparse_mat::sparse_mat(const sparse_mat&)’
    7 | struct sparse_mat{
      |        ^~~~~~~~~~
src_v4.5.7/comm/sparse_matrix.h:7:8: note: candidate expects 1 argument, 4 provided
src_v4.5.7/comm/sparse2D.h:107:17: error: ‘dealloc_array’ was not declared in this scope; did you mean ‘reallocarray’?
  107 |                 dealloc_array(A);
      |                 ^~~~~~~~~~~~~
      |                 reallocarray
src_v4.5.7/comm/sparse2D.h: In member function ‘void sparse2D::zgemm_test()’:
src_v4.5.7/comm/sparse2D.h:156:17: error: reference to ‘complex’ is ambiguous
  156 |                 complex *A = smat[ik]->todense(ni, nj);
      |                 ^~~~~~~
/usr/include/c++/15.1.1/bits/stl_pair.h:105:11: note: candidates are: ‘template<class _Tp> class std::complex’
  105 |     class complex;
      |           ^~~~~~~
src_v4.5.7/comm/scalar.h:67:8: note:                 ‘struct complex’
   67 | struct complex
      |        ^~~~~~~
src_v4.5.7/comm/sparse2D.h:156:26: error: ‘A’ was not declared in this scope
  156 |                 complex *A = smat[ik]->todense(ni, nj);
      |                          ^
src_v4.5.7/comm/sparse2D.h:156:47: error: no matching function for call to ‘sparse_mat::todense(int&, int&)’
  156 |                 complex *A = smat[ik]->todense(ni, nj);
      |                              ~~~~~~~~~~~~~~~~~^~~~~~~~
src_v4.5.7/comm/sparse2D.h:156:47: note: there is 1 candidate
src_v4.5.7/comm/sparse_matrix.h:76:14: note: candidate 1: ‘void sparse_mat::todense(int*, int, int)’
   76 |         void todense(complex *A, int ni, int nj){
      |              ^~~~~~~
src_v4.5.7/comm/sparse_matrix.h:76:14: note: candidate expects 3 arguments, 2 provided
src_v4.5.7/comm/sparse2D.h:157:17: error: reference to ‘complex’ is ambiguous
  157 |                 complex *densLeft = new complex[ni]; // matrix 1*ni
      |                 ^~~~~~~
/usr/include/c++/15.1.1/bits/stl_pair.h:105:11: note: candidates are: ‘template<class _Tp> class std::complex’
  105 |     class complex;
      |           ^~~~~~~
src_v4.5.7/comm/scalar.h:67:8: note:                 ‘struct complex’
   67 | struct complex
      |        ^~~~~~~
src_v4.5.7/comm/sparse2D.h:157:26: error: ‘densLeft’ was not declared in this scope
  157 |                 complex *densLeft = new complex[ni]; // matrix 1*ni
      |                          ^~~~~~~~
src_v4.5.7/comm/sparse2D.h:157:41: error: reference to ‘complex’ is ambiguous
  157 |                 complex *densLeft = new complex[ni]; // matrix 1*ni
      |                                         ^~~~~~~
/usr/include/c++/15.1.1/bits/stl_pair.h:105:11: note: candidates are: ‘template<class _Tp> class std::complex’
  105 |     class complex;
      |           ^~~~~~~
src_v4.5.7/comm/scalar.h:67:8: note:                 ‘struct complex’
   67 | struct complex
      |        ^~~~~~~
src_v4.5.7/comm/sparse2D.h:158:17: error: reference to ‘complex’ is ambiguous
  158 |                 complex *densRight = new complex[nj]; // matrix nj*1
      |                 ^~~~~~~
/usr/include/c++/15.1.1/bits/stl_pair.h:105:11: note: candidates are: ‘template<class _Tp> class std::complex’
  105 |     class complex;
      |           ^~~~~~~
src_v4.5.7/comm/scalar.h:67:8: note:                 ‘struct complex’
   67 | struct complex
      |        ^~~~~~~
src_v4.5.7/comm/sparse2D.h:158:26: error: ‘densRight’ was not declared in this scope
  158 |                 complex *densRight = new complex[nj]; // matrix nj*1
      |                          ^~~~~~~~~
src_v4.5.7/comm/sparse2D.h:158:42: error: reference to ‘complex’ is ambiguous
  158 |                 complex *densRight = new complex[nj]; // matrix nj*1
      |                                          ^~~~~~~
/usr/include/c++/15.1.1/bits/stl_pair.h:105:11: note: candidates are: ‘template<class _Tp> class std::complex’
  105 |     class complex;
      |           ^~~~~~~
src_v4.5.7/comm/scalar.h:67:8: note:                 ‘struct complex’
   67 | struct complex
      |        ^~~~~~~
src_v4.5.7/comm/sparse2D.h:159:17: error: ‘random_array’ was not declared in this scope; did you mean ‘random_r’?
  159 |                 random_array(densLeft, ni);
      |                 ^~~~~~~~~~~~
      |                 random_r
src_v4.5.7/comm/sparse2D.h:161:17: error: reference to ‘complex’ is ambiguous
  161 |                 complex *cdensleft = new complex[ni];
      |                 ^~~~~~~
/usr/include/c++/15.1.1/bits/stl_pair.h:105:11: note: candidates are: ‘template<class _Tp> class std::complex’
  105 |     class complex;
      |           ^~~~~~~
src_v4.5.7/comm/scalar.h:67:8: note:                 ‘struct complex’
   67 | struct complex
      |        ^~~~~~~
src_v4.5.7/comm/sparse2D.h:161:26: error: ‘cdensleft’ was not declared in this scope
  161 |                 complex *cdensleft = new complex[ni];
      |                          ^~~~~~~~~
src_v4.5.7/comm/sparse2D.h:161:42: error: reference to ‘complex’ is ambiguous
  161 |                 complex *cdensleft = new complex[ni];
      |                                          ^~~~~~~
/usr/include/c++/15.1.1/bits/stl_pair.h:105:11: note: candidates are: ‘template<class _Tp> class std::complex’
  105 |     class complex;
      |           ^~~~~~~
src_v4.5.7/comm/scalar.h:67:8: note:                 ‘struct complex’
   67 | struct complex
      |        ^~~~~~~
src_v4.5.7/comm/sparse2D.h:162:17: error: reference to ‘complex’ is ambiguous
  162 |                 complex *cdensRight = new complex[ni];
      |                 ^~~~~~~
/usr/include/c++/15.1.1/bits/stl_pair.h:105:11: note: candidates are: ‘template<class _Tp> class std::complex’
  105 |     class complex;
      |           ^~~~~~~
src_v4.5.7/comm/scalar.h:67:8: note:                 ‘struct complex’
   67 | struct complex
      |        ^~~~~~~
src_v4.5.7/comm/sparse2D.h:162:26: error: ‘cdensRight’ was not declared in this scope
  162 |                 complex *cdensRight = new complex[ni];
      |                          ^~~~~~~~~~
src_v4.5.7/comm/sparse2D.h:162:43: error: reference to ‘complex’ is ambiguous
  162 |                 complex *cdensRight = new complex[ni];
      |                                           ^~~~~~~
/usr/include/c++/15.1.1/bits/stl_pair.h:105:11: note: candidates are: ‘template<class _Tp> class std::complex’
  105 |     class complex;
      |           ^~~~~~~
src_v4.5.7/comm/scalar.h:67:8: note:                 ‘struct complex’
   67 | struct complex
      |        ^~~~~~~
src_v4.5.7/comm/sparse2D.h:163:17: error: reference to ‘complex’ is ambiguous
  163 |                 complex *csparseleft = new complex[nj];
      |                 ^~~~~~~
/usr/include/c++/15.1.1/bits/stl_pair.h:105:11: note: candidates are: ‘template<class _Tp> class std::complex’
  105 |     class complex;
      |           ^~~~~~~
src_v4.5.7/comm/scalar.h:67:8: note:                 ‘struct complex’
   67 | struct complex
      |        ^~~~~~~
src_v4.5.7/comm/sparse2D.h:163:26: error: ‘csparseleft’ was not declared in this scope
  163 |                 complex *csparseleft = new complex[nj];
      |                          ^~~~~~~~~~~
src_v4.5.7/comm/sparse2D.h:163:44: error: reference to ‘complex’ is ambiguous
  163 |                 complex *csparseleft = new complex[nj];
      |                                            ^~~~~~~
/usr/include/c++/15.1.1/bits/stl_pair.h:105:11: note: candidates are: ‘template<class _Tp> class std::complex’
  105 |     class complex;
      |           ^~~~~~~
src_v4.5.7/comm/scalar.h:67:8: note:                 ‘struct complex’
   67 | struct complex
      |        ^~~~~~~
src_v4.5.7/comm/sparse2D.h:164:17: error: reference to ‘complex’ is ambiguous
  164 |                 complex *csparseRight = new complex[nj];
      |                 ^~~~~~~
/usr/include/c++/15.1.1/bits/stl_pair.h:105:11: note: candidates are: ‘template<class _Tp> class std::complex’
  105 |     class complex;
      |           ^~~~~~~
src_v4.5.7/comm/scalar.h:67:8: note:                 ‘struct complex’
   67 | struct complex
      |        ^~~~~~~
src_v4.5.7/comm/sparse2D.h:164:26: error: ‘csparseRight’ was not declared in this scope; did you mean ‘CblasRight’?
  164 |                 complex *csparseRight = new complex[nj];
      |                          ^~~~~~~~~~~~
      |                          CblasRight
src_v4.5.7/comm/sparse2D.h:164:45: error: reference to ‘complex’ is ambiguous
  164 |                 complex *csparseRight = new complex[nj];
      |                                             ^~~~~~~
/usr/include/c++/15.1.1/bits/stl_pair.h:105:11: note: candidates are: ‘template<class _Tp> class std::complex’
  105 |     class complex;
      |           ^~~~~~~
src_v4.5.7/comm/scalar.h:67:8: note:                 ‘struct complex’
   67 | struct complex
      |        ^~~~~~~
src_v4.5.7/comm/sparse2D.h:166:17: error: ‘zgemm_interface’ was not declared in this scope
  166 |                 zgemm_interface(cdensleft, A, densRight, ni, 1, nj);
      |                 ^~~~~~~~~~~~~~~
src_v4.5.7/comm/sparse2D.h:168:17: error: ‘sparse_zgemm’ was not declared in this scope
  168 |                 sparse_zgemm(csparseleft, true, smat[ik], densRight, ni, 1, nj);
      |                 ^~~~~~~~~~~~
src_v4.5.7/comm/sparse2D.h:177:75: error: ‘struct sparse_mat’ has no member named ‘s’
  177 |                                         fprintf_complex_mat(fp, smat[ik]->s, 1, smat[ik]->ns, "S[ik]:");
      |                                                                           ^
src_v4.5.7/comm/sparse2D.h:191:33: error: ‘printf_complex_mat’ was not declared in this scope; did you mean ‘fprintf_complex_mat’?
  191 |                                 printf_complex_mat(A, ni, nj, "A[ik]:");
      |                                 ^~~~~~~~~~~~~~~~~~
      |                                 fprintf_complex_mat
src_v4.5.7/comm/sparse2D.h:192:62: error: ‘struct sparse_mat’ has no member named ‘s’
  192 |                                 printf_complex_mat(smat[ik]->s, 1, smat[ik]->ns, "S[ik]:");
      |                                                              ^
In file included from src_v4.5.7/electron.h:5:
src_v4.5.7/PumpProbe.h: At global scope:
src_v4.5.7/PumpProbe.h:9:24: error: template argument 1 is invalid
    9 |         vector3<complex> laserPol;
      |                        ^
src_v4.5.7/PumpProbe.h:14:29: error: template argument 1 is invalid
   14 |         std::vector<vector3<complex>> probePol;
      |                             ^~~~~~~
src_v4.5.7/PumpProbe.h:14:36: error: template argument 1 is invalid
   14 |         std::vector<vector3<complex>> probePol;
      |                                    ^~
src_v4.5.7/PumpProbe.h:14:36: error: template argument 2 is invalid
src_v4.5.7/PumpProbe.h:20:24: error: template argument 1 is invalid
   20 |         vector3<complex> set_Pol(string s){
      |                        ^
src_v4.5.7/PumpProbe.h:33:48: error: template argument 1 is invalid
   33 |         inline void print(const vector3<complex>& v, const char* format = "%lg "){
      |                                                ^
src_v4.5.7/PumpProbe.h:33:48: error: template argument 1 is invalid
src_v4.5.7/PumpProbe.h:33:48: error: template argument 1 is invalid
src_v4.5.7/PumpProbe.h:33:48: error: template argument 1 is invalid
src_v4.5.7/PumpProbe.h:33:48: error: template argument 1 is invalid
src_v4.5.7/PumpProbe.h:33:33: error: invalid use of template-name ‘vector3’ without an argument list
   33 |         inline void print(const vector3<complex>& v, const char* format = "%lg "){
      |                                 ^~~~~~~
src_v4.5.7/PumpProbe.h:33:33: note: class template argument deduction is only available with ‘-std=c++17’ or ‘-std=gnu++17’
src_v4.5.7/comm/vector3.h:34:40: note: ‘template<class scalar> class vector3’ declared here
   34 | template<typename scalar=double> class vector3
      |                                        ^~~~~~~
src_v4.5.7/PumpProbe.h:33:40: error: expected ‘,’ or ‘...’ before ‘<’ token
   33 |         inline void print(const vector3<complex>& v, const char* format = "%lg "){
      |                                        ^
src_v4.5.7/PumpProbe.h:37:31: error: template argument 1 is invalid
   37 |         inline vector3<complex> normalize(const vector3<complex>& v) { return v * (1. / sqrt(v[0].norm() + v[1].norm() + v[2].norm())); }
      |                               ^
src_v4.5.7/PumpProbe.h:37:64: error: template argument 1 is invalid
   37 |         inline vector3<complex> normalize(const vector3<complex>& v) { return v * (1. / sqrt(v[0].norm() + v[1].norm() + v[2].norm())); }
      |                                                                ^
src_v4.5.7/PumpProbe.h:37:64: error: template argument 1 is invalid
src_v4.5.7/PumpProbe.h:37:64: error: template argument 1 is invalid
src_v4.5.7/PumpProbe.h:37:64: error: template argument 1 is invalid
src_v4.5.7/PumpProbe.h:37:64: error: template argument 1 is invalid
src_v4.5.7/PumpProbe.h:37:49: error: invalid use of template-name ‘vector3’ without an argument list
   37 |         inline vector3<complex> normalize(const vector3<complex>& v) { return v * (1. / sqrt(v[0].norm() + v[1].norm() + v[2].norm())); }
      |                                                 ^~~~~~~
src_v4.5.7/PumpProbe.h:37:49: note: class template argument deduction is only available with ‘-std=c++17’ or ‘-std=gnu++17’
src_v4.5.7/comm/vector3.h:34:40: note: ‘template<class scalar> class vector3’ declared here
   34 | template<typename scalar=double> class vector3
      |                                        ^~~~~~~
src_v4.5.7/PumpProbe.h:37:56: error: expected ‘,’ or ‘...’ before ‘<’ token
   37 |         inline vector3<complex> normalize(const vector3<complex>& v) { return v * (1. / sqrt(v[0].norm() + v[1].norm() + v[2].norm())); }
      |                                                        ^
src_v4.5.7/PumpProbe.h: In member function ‘int pumpprobeParameters::set_Pol(std::string)’:
src_v4.5.7/PumpProbe.h:22:42: error: reference to ‘complex’ is ambiguous
   22 |                         return normalize(complex(1, 0)*vector3<>(0, 1, 0) + complex(0, 1)*vector3<>(1, 0, 0));
      |                                          ^~~~~~~
/usr/include/c++/15.1.1/bits/stl_pair.h:105:11: note: candidates are: ‘template<class _Tp> class std::complex’
  105 |     class complex;
      |           ^~~~~~~
src_v4.5.7/comm/scalar.h:67:8: note:                 ‘struct complex’
   67 | struct complex
      |        ^~~~~~~
src_v4.5.7/PumpProbe.h:22:77: error: reference to ‘complex’ is ambiguous
   22 |                         return normalize(complex(1, 0)*vector3<>(0, 1, 0) + complex(0, 1)*vector3<>(1, 0, 0));
      |                                                                             ^~~~~~~
/usr/include/c++/15.1.1/bits/stl_pair.h:105:11: note: candidates are: ‘template<class _Tp> class std::complex’
  105 |     class complex;
      |           ^~~~~~~
src_v4.5.7/comm/scalar.h:67:8: note:                 ‘struct complex’
   67 | struct complex
      |        ^~~~~~~
src_v4.5.7/PumpProbe.h:24:42: error: reference to ‘complex’ is ambiguous
   24 |                         return normalize(complex(1, 0)*vector3<>(1, 0, 0) + complex(0, 1)*vector3<>(0, 1, 0));
      |                                          ^~~~~~~
/usr/include/c++/15.1.1/bits/stl_pair.h:105:11: note: candidates are: ‘template<class _Tp> class std::complex’
  105 |     class complex;
      |           ^~~~~~~
src_v4.5.7/comm/scalar.h:67:8: note:                 ‘struct complex’
   67 | struct complex
      |        ^~~~~~~
src_v4.5.7/PumpProbe.h:24:77: error: reference to ‘complex’ is ambiguous
   24 |                         return normalize(complex(1, 0)*vector3<>(1, 0, 0) + complex(0, 1)*vector3<>(0, 1, 0));
      |                                                                             ^~~~~~~
/usr/include/c++/15.1.1/bits/stl_pair.h:105:11: note: candidates are: ‘template<class _Tp> class std::complex’
  105 |     class complex;
      |           ^~~~~~~
src_v4.5.7/comm/scalar.h:67:8: note:                 ‘struct complex’
   67 | struct complex
      |        ^~~~~~~
src_v4.5.7/PumpProbe.h:26:42: error: reference to ‘complex’ is ambiguous
   26 |                         return normalize(complex(1, 0)*vector3<>(1, 0, 0));
      |                                          ^~~~~~~
/usr/include/c++/15.1.1/bits/stl_pair.h:105:11: note: candidates are: ‘template<class _Tp> class std::complex’
  105 |     class complex;
      |           ^~~~~~~
src_v4.5.7/comm/scalar.h:67:8: note:                 ‘struct complex’
   67 | struct complex
      |        ^~~~~~~
src_v4.5.7/PumpProbe.h:28:42: error: reference to ‘complex’ is ambiguous
   28 |                         return normalize(complex(1, 0)*vector3<>(0, 1, 0));
      |                                          ^~~~~~~
/usr/include/c++/15.1.1/bits/stl_pair.h:105:11: note: candidates are: ‘template<class _Tp> class std::complex’
  105 |     class complex;
      |           ^~~~~~~
src_v4.5.7/comm/scalar.h:67:8: note:                 ‘struct complex’
   67 | struct complex
      |        ^~~~~~~
src_v4.5.7/PumpProbe.h: In member function ‘void pumpprobeParameters::print(int)’:
src_v4.5.7/PumpProbe.h:34:64: error: ‘format’ was not declared in this scope
   34 |                 printf("[ "); for (int k = 0; k<3; k++) printf(format, v[k].real()); printf("] + 1j*");
      |                                                                ^~~~~~
src_v4.5.7/PumpProbe.h:34:64: note: ‘std::format’ is only available from C++20 onwards
src_v4.5.7/PumpProbe.h:34:72: error: ‘v’ was not declared in this scope
   34 |                 printf("[ "); for (int k = 0; k<3; k++) printf(format, v[k].real()); printf("] + 1j*");
      |                                                                        ^
src_v4.5.7/PumpProbe.h:35:64: error: ‘format’ was not declared in this scope
   35 |                 printf("[ "); for (int k = 0; k<3; k++) printf(format, v[k].imag()); printf("]\n");
      |                                                                ^~~~~~
src_v4.5.7/PumpProbe.h:35:64: note: ‘std::format’ is only available from C++20 onwards
src_v4.5.7/PumpProbe.h:35:72: error: ‘v’ was not declared in this scope
   35 |                 printf("[ "); for (int k = 0; k<3; k++) printf(format, v[k].imag()); printf("]\n");
      |                                                                        ^
src_v4.5.7/PumpProbe.h: In member function ‘int pumpprobeParameters::normalize(int)’:
src_v4.5.7/PumpProbe.h:37:79: error: ‘v’ was not declared in this scope
   37 |         inline vector3<complex> normalize(const vector3<complex>& v) { return v * (1. / sqrt(v[0].norm() + v[1].norm() + v[2].norm())); }
      |                                                                               ^
src_v4.5.7/electron.h: At global scope:
src_v4.5.7/electron.h:30:9: error: reference to ‘complex’ is ambiguous
   30 |         complex ***s, **layer, **layerspin, ***v, **U, ***l;
      |         ^~~~~~~
/usr/include/c++/15.1.1/bits/stl_pair.h:105:11: note: candidates are: ‘template<class _Tp> class std::complex’
  105 |     class complex;
      |           ^~~~~~~
src_v4.5.7/comm/scalar.h:67:8: note:                 ‘struct complex’
   67 | struct complex
      |        ^~~~~~~
src_v4.5.7/electron.h:32:9: error: reference to ‘complex’ is ambiguous
   32 |         complex **H_BS, **H_Ez;
      |         ^~~~~~~
/usr/include/c++/15.1.1/bits/stl_pair.h:105:11: note: candidates are: ‘template<class _Tp> class std::complex’
  105 |     class complex;
      |           ^~~~~~~
src_v4.5.7/comm/scalar.h:67:8: note:                 ‘struct complex’
   67 | struct complex
      |        ^~~~~~~
src_v4.5.7/electron.h:34:9: error: reference to ‘complex’ is ambiguous
   34 |         complex **ddm_Bpert, **dm_Bpert, **ddm_Bpert_neq, **dm_Bpert_neq; // store ddm_eq and ddm_neq for later analysis of ddm
      |         ^~~~~~~
/usr/include/c++/15.1.1/bits/stl_pair.h:105:11: note: candidates are: ‘template<class _Tp> class std::complex’
  105 |     class complex;
      |           ^~~~~~~
src_v4.5.7/comm/scalar.h:67:8: note:                 ‘struct complex’
   67 | struct complex
      |        ^~~~~~~
src_v4.5.7/electron.h:176:28: error: reference to ‘complex’ is ambiguous
  176 |         void print_mat_atk(complex **m, int n, string s = "");
      |                            ^~~~~~~
/usr/include/c++/15.1.1/bits/stl_pair.h:105:11: note: candidates are: ‘template<class _Tp> class std::complex’
  105 |     class complex;
      |           ^~~~~~~
src_v4.5.7/comm/scalar.h:67:8: note:                 ‘struct complex’
   67 | struct complex
      |        ^~~~~~~
src_v4.5.7/electron.h:176:28: error: ‘complex’ has not been declared
  176 |         void print_mat_atk(complex **m, int n, string s = "");
      |                            ^~~~~~~
src_v4.5.7/electron.h:180:23: error: reference to ‘complex’ is ambiguous
  180 |         void deg_proj(complex *m, double *e, int n, double thr, complex *mdeg);
      |                       ^~~~~~~
/usr/include/c++/15.1.1/bits/stl_pair.h:105:11: note: candidates are: ‘template<class _Tp> class std::complex’
  105 |     class complex;
      |           ^~~~~~~
src_v4.5.7/comm/scalar.h:67:8: note:                 ‘struct complex’
   67 | struct complex
      |        ^~~~~~~
src_v4.5.7/electron.h:180:23: error: ‘complex’ has not been declared
  180 |         void deg_proj(complex *m, double *e, int n, double thr, complex *mdeg);
      |                       ^~~~~~~
src_v4.5.7/electron.h:180:65: error: reference to ‘complex’ is ambiguous
  180 |         void deg_proj(complex *m, double *e, int n, double thr, complex *mdeg);
      |                                                                 ^~~~~~~
/usr/include/c++/15.1.1/bits/stl_pair.h:105:11: note: candidates are: ‘template<class _Tp> class std::complex’
  105 |     class complex;
      |           ^~~~~~~
src_v4.5.7/comm/scalar.h:67:8: note:                 ‘struct complex’
   67 | struct complex
      |        ^~~~~~~
src_v4.5.7/electron.h:180:65: error: ‘complex’ has not been declared
  180 |         void deg_proj(complex *m, double *e, int n, double thr, complex *mdeg);
      |                                                                 ^~~~~~~
src_v4.5.7/electron.h: In constructor ‘electron::electron(parameters*)’:
src_v4.5.7/electron.h:51:17: error: class ‘electron’ does not have any field named ‘v’
   51 |                 v(nullptr){}
      |                 ^
src_v4.5.7/electron.h: In constructor ‘electron::electron(mymp*, mymp*, lattice*, parameters*)’:
src_v4.5.7/electron.h:56:17: error: class ‘electron’ does not have any field named ‘H_BS’
   56 |                 H_BS(nullptr), H_Ez(nullptr), ddm_Bpert(nullptr), ddm_Bpert_neq(nullptr), dm_Bpert_neq(nullptr),
      |                 ^~~~
src_v4.5.7/electron.h:56:32: error: class ‘electron’ does not have any field named ‘H_Ez’
   56 |                 H_BS(nullptr), H_Ez(nullptr), ddm_Bpert(nullptr), ddm_Bpert_neq(nullptr), dm_Bpert_neq(nullptr),
      |                                ^~~~
src_v4.5.7/electron.h:56:47: error: class ‘electron’ does not have any field named ‘ddm_Bpert’
   56 |                 H_BS(nullptr), H_Ez(nullptr), ddm_Bpert(nullptr), ddm_Bpert_neq(nullptr), dm_Bpert_neq(nullptr),
      |                                               ^~~~~~~~~
src_v4.5.7/electron.h:56:67: error: class ‘electron’ does not have any field named ‘ddm_Bpert_neq’
   56 |                 H_BS(nullptr), H_Ez(nullptr), ddm_Bpert(nullptr), ddm_Bpert_neq(nullptr), dm_Bpert_neq(nullptr),
      |                                                                   ^~~~~~~~~~~~~
src_v4.5.7/electron.h:56:91: error: class ‘electron’ does not have any field named ‘dm_Bpert_neq’
   56 |                 H_BS(nullptr), H_Ez(nullptr), ddm_Bpert(nullptr), ddm_Bpert_neq(nullptr), dm_Bpert_neq(nullptr),
      |                                                                                           ^~~~~~~~~~~~
src_v4.5.7/electron.h:61:17: error: class ‘electron’ does not have any field named ‘v’
   61 |                 v(nullptr)
      |                 ^
src_v4.5.7/electron_ana.cpp: At global scope:
src_v4.5.7/electron_ana.cpp:3:6: error: variable or field ‘deg_proj’ declared void
    3 | void electron::deg_proj(complex *m, double *e, int n, double degthr, complex *mdeg){
      |      ^~~~~~~~
src_v4.5.7/electron_ana.cpp:3:25: error: reference to ‘complex’ is ambiguous
    3 | void electron::deg_proj(complex *m, double *e, int n, double degthr, complex *mdeg){
      |                         ^~~~~~~
/usr/include/c++/15.1.1/bits/stl_pair.h:105:11: note: candidates are: ‘template<class _Tp> class std::complex’
  105 |     class complex;
      |           ^~~~~~~
src_v4.5.7/comm/scalar.h:67:8: note:                 ‘struct complex’
   67 | struct complex
      |        ^~~~~~~
src_v4.5.7/electron_ana.cpp:3:34: error: ‘m’ was not declared in this scope; did you mean ‘tm’?
    3 | void electron::deg_proj(complex *m, double *e, int n, double degthr, complex *mdeg){
      |                                  ^
      |                                  tm
src_v4.5.7/electron_ana.cpp:3:37: error: expected primary-expression before ‘double’
    3 | void electron::deg_proj(complex *m, double *e, int n, double degthr, complex *mdeg){
      |                                     ^~~~~~
src_v4.5.7/electron_ana.cpp:3:48: error: expected primary-expression before ‘int’
    3 | void electron::deg_proj(complex *m, double *e, int n, double degthr, complex *mdeg){
      |                                                ^~~
src_v4.5.7/electron_ana.cpp:3:55: error: expected primary-expression before ‘double’
    3 | void electron::deg_proj(complex *m, double *e, int n, double degthr, complex *mdeg){
      |                                                       ^~~~~~
src_v4.5.7/electron_ana.cpp:3:70: error: reference to ‘complex’ is ambiguous
    3 | void electron::deg_proj(complex *m, double *e, int n, double degthr, complex *mdeg){
      |                                                                      ^~~~~~~
/usr/include/c++/15.1.1/bits/stl_pair.h:105:11: note: candidates are: ‘template<class _Tp> class std::complex’
  105 |     class complex;
      |           ^~~~~~~
src_v4.5.7/comm/scalar.h:67:8: note:                 ‘struct complex’
   67 | struct complex
      |        ^~~~~~~
src_v4.5.7/electron_ana.cpp:3:79: error: ‘mdeg’ was not declared in this scope
    3 | void electron::deg_proj(complex *m, double *e, int n, double degthr, complex *mdeg){
      |                                                                               ^~~~
src_v4.5.7/electron_ana.cpp: In member function ‘void electron::compute_b2(double, double, double, bool)’:
src_v4.5.7/electron_ana.cpp:35:9: error: reference to ‘complex’ is ambiguous
   35 |         complex ***s_rot = nullptr;
      |         ^~~~~~~
/usr/include/c++/15.1.1/bits/stl_pair.h:105:11: note: candidates are: ‘template<class _Tp> class std::complex’
  105 |     class complex;
      |           ^~~~~~~
src_v4.5.7/comm/scalar.h:67:8: note:                 ‘struct complex’
   67 | struct complex
      |        ^~~~~~~
src_v4.5.7/electron_ana.cpp:35:20: error: ‘s_rot’ was not declared in this scope
   35 |         complex ***s_rot = nullptr;
      |                    ^~~~~
src_v4.5.7/electron_ana.cpp:38:25: error: ‘alloc_array’ was not declared in this scope; did you mean ‘reallocarray’?
   38 |                 s_rot = alloc_array(nk, 3, nb_dm*nb_dm);
      |                         ^~~~~~~~~~~
      |                         reallocarray
src_v4.5.7/electron_ana.cpp:42:33: error: reference to ‘complex’ is ambiguous
   42 |                                 complex *s_rot_kd = s_rot[ik][id];
      |                                 ^~~~~~~
/usr/include/c++/15.1.1/bits/stl_pair.h:105:11: note: candidates are: ‘template<class _Tp> class std::complex’
  105 |     class complex;
      |           ^~~~~~~
src_v4.5.7/comm/scalar.h:67:8: note:                 ‘struct complex’
   67 | struct complex
      |        ^~~~~~~
src_v4.5.7/electron_ana.cpp:42:42: error: ‘s_rot_kd’ was not declared in this scope
   42 |                                 complex *s_rot_kd = s_rot[ik][id];
      |                                          ^~~~~~~~
src_v4.5.7/electron_ana.cpp:47:90: error: ‘s’ was not declared in this scope; did you mean ‘ns’?
   47 |                                                 s_rot_kd[b1*nb_dm + b2] += sdir_rot_ij * s[ik][jd][b1*nb_dm + b2];
      |                                                                                          ^
      |                                                                                          ns
src_v4.5.7/electron_ana.cpp:54:25: error: ‘s’ was not declared in this scope; did you mean ‘ns’?
   54 |                 s_rot = s;
      |                         ^
      |                         ns
src_v4.5.7/electron_ana.cpp:106:9: error: reference to ‘complex’ is ambiguous
  106 |         complex sdeg[nb_dm*nb_dm]; zeros(sdeg, nb_dm*nb_dm);
      |         ^~~~~~~
/usr/include/c++/15.1.1/bits/stl_pair.h:105:11: note: candidates are: ‘template<class _Tp> class std::complex’
  105 |     class complex;
      |           ^~~~~~~
src_v4.5.7/comm/scalar.h:67:8: note:                 ‘struct complex’
   67 | struct complex
      |        ^~~~~~~
src_v4.5.7/electron_ana.cpp:106:42: error: ‘sdeg’ was not declared in this scope
  106 |         complex sdeg[nb_dm*nb_dm]; zeros(sdeg, nb_dm*nb_dm);
      |                                          ^~~~
src_v4.5.7/electron_ana.cpp:153:17: error: reference to ‘complex’ is ambiguous
  153 |                 complex ovlp[nb_dm*nb_dm], Ui_sdeg[nb_dm*nb_dm], Uj_sdeg[nb_dm*nb_dm], mtmp[nb_dm*nb_dm];
      |                 ^~~~~~~
/usr/include/c++/15.1.1/bits/stl_pair.h:105:11: note: candidates are: ‘template<class _Tp> class std::complex’
  105 |     class complex;
      |           ^~~~~~~
src_v4.5.7/comm/scalar.h:67:8: note:                 ‘struct complex’
   67 | struct complex
      |        ^~~~~~~
src_v4.5.7/electron_ana.cpp:164:116: error: ‘Ui_sdeg’ was not declared in this scope
  164 |                                 bool isI_ik = diagonalize_deg(s_rot[ik][id], e_dm[ik], nb_dm, degthr, eig_ik_sdeg, Ui_sdeg);
      |                                                                                                                    ^~~~~~~
src_v4.5.7/electron_ana.cpp:164:123: error: ‘diagonalize_deg’ cannot be used as a function
  164 |                                 bool isI_ik = diagonalize_deg(s_rot[ik][id], e_dm[ik], nb_dm, degthr, eig_ik_sdeg, Ui_sdeg);
      |                                                                                                                           ^
src_v4.5.7/electron_ana.cpp:169:41: error: ‘printf_complex_mat’ was not declared in this scope; did you mean ‘fprintf_complex_mat’?
  169 |                                         printf_complex_mat(s_rot[ik][id], nb_dm, "s: ");
      |                                         ^~~~~~~~~~~~~~~~~~
      |                                         fprintf_complex_mat
src_v4.5.7/electron_ana.cpp:207:124: error: ‘Uj_sdeg’ was not declared in this scope
  207 |                                         bool isI_jk = diagonalize_deg(s_rot[jk][id], e_dm[jk], nb_dm, degthr, eig_jk_sdeg, Uj_sdeg);
      |                                                                                                                            ^~~~~~~
src_v4.5.7/electron_ana.cpp:207:131: error: ‘diagonalize_deg’ cannot be used as a function
  207 |                                         bool isI_jk = diagonalize_deg(s_rot[jk][id], e_dm[jk], nb_dm, degthr, eig_jk_sdeg, Uj_sdeg);
      |                                                                                                                                   ^
src_v4.5.7/electron_ana.cpp:210:57: error: ‘ovlp’ was not declared in this scope
  210 |                                         zgemm_interface(ovlp, U[ik], U[jk], nb_dm, nb_dm, nb_wannier, c1, c0, CblasConjTrans);
      |                                                         ^~~~
src_v4.5.7/electron_ana.cpp:210:63: error: ‘U’ was not declared in this scope
  210 |                                         zgemm_interface(ovlp, U[ik], U[jk], nb_dm, nb_dm, nb_wannier, c1, c0, CblasConjTrans);
      |                                                               ^
src_v4.5.7/electron_ana.cpp:210:103: error: ‘c1’ was not declared in this scope; did you mean ‘y1’?
  210 |                                         zgemm_interface(ovlp, U[ik], U[jk], nb_dm, nb_dm, nb_wannier, c1, c0, CblasConjTrans);
      |                                                                                                       ^~
      |                                                                                                       y1
src_v4.5.7/electron_ana.cpp:210:107: error: ‘c0’ was not declared in this scope; did you mean ‘y0’?
  210 |                                         zgemm_interface(ovlp, U[ik], U[jk], nb_dm, nb_dm, nb_wannier, c1, c0, CblasConjTrans);
      |                                                                                                           ^~
      |                                                                                                           y0
src_v4.5.7/electron_ana.cpp:210:41: error: ‘zgemm_interface’ was not declared in this scope
  210 |                                         zgemm_interface(ovlp, U[ik], U[jk], nb_dm, nb_dm, nb_wannier, c1, c0, CblasConjTrans);
      |                                         ^~~~~~~~~~~~~~~
src_v4.5.7/electron_ana.cpp:211:70: error: ‘mtmp’ was not declared in this scope; did you mean ‘mymp’?
  211 |                                         if (!isI_jk) zgemm_interface(mtmp, ovlp, Uj_sdeg, nb_dm);
      |                                                                      ^~~~
      |                                                                      mymp
src_v4.5.7/electron_ana.cpp:212:85: error: ‘mtmp’ was not declared in this scope; did you mean ‘mymp’?
  212 |                                         if (!isI_ik) zgemm_interface(ovlp, Ui_sdeg, mtmp, nb_dm, c1, c0, CblasConjTrans);
      |                                                                                     ^~~~
      |                                                                                     mymp
src_v4.5.7/electron_ana.cpp:340:31: error: ‘dealloc_array’ was not declared in this scope; did you mean ‘reallocarray’?
  340 |         if (rotate_spin_axes) dealloc_array(s_rot);
      |                               ^~~~~~~~~~~~~
      |                               reallocarray
src_v4.5.7/electron_ana.cpp:354:32: error: ‘s’ was not declared in this scope; did you mean ‘ns’?
  354 |                 vector3<> Sexp(s[ik][0][b*nb_dm + b].real(), s[ik][1][b*nb_dm + b].real(), s[ik][2][b*nb_dm + b].real());
      |                                ^
      |                                ns
src_v4.5.7/electron_ana.cpp: In member function ‘void electron::compute_Bin2(bool)’:
src_v4.5.7/electron_ana.cpp:548:32: error: ‘s’ was not declared in this scope; did you mean ‘ns’?
  548 |                 vector3<> Sexp(s[ik][0][b*nb_dm + b].real(), s[ik][1][b*nb_dm + b].real(), s[ik][2][b*nb_dm + b].real());
      |                                ^
      |                                ns
make: *** [Makefile:54: obj/electron_ana.o] Error 1
